Log file open, 04/26/20 19:18:09
LogWindows: Failed to load 'aqProf.dll' (GetLastError=126)
LogWindows: File 'aqProf.dll' does not exist
LogWindows: Failed to load 'VtuneApi.dll' (GetLastError=126)
LogWindows: File 'VtuneApi.dll' does not exist
LogWindows: Failed to load 'VtuneApi32e.dll' (GetLastError=126)
LogWindows: File 'VtuneApi32e.dll' does not exist
LogConsoleResponse: Display: Failed to find resolution value strings in scalability ini. Falling back to default.
LogInit: Display: Running engine for game: SMU_2ST
LogPlatformFile: Not using cached read wrapper
LogTaskGraph: Started task graph with 5 named threads and 20 total threads with 3 sets of task threads.
LogStats: Stats thread started at 0.151749
LogD3D11RHI: Loaded GFSDK_Aftermath_Lib.x64.dll
LogICUInternationalization: ICU TimeZone Detection - Raw Offset: +9:00, Platform Override: ''
LogPluginManager: Mounting plugin Paper2D
LogPluginManager: Mounting plugin AISupport
LogPluginManager: Mounting plugin LightPropagationVolume
LogPluginManager: Mounting plugin ActorLayerUtilities
LogPluginManager: Mounting plugin AnimationSharing
LogPluginManager: Mounting plugin CLionSourceCodeAccess
LogPluginManager: Mounting plugin CodeLiteSourceCodeAccess
LogPluginManager: Mounting plugin GitSourceControl
LogPluginManager: Mounting plugin KDevelopSourceCodeAccess
LogPluginManager: Mounting plugin NullSourceCodeAccess
LogPluginManager: Mounting plugin PerforceSourceControl
LogPluginManager: Mounting plugin SubversionSourceControl
LogPluginManager: Mounting plugin UObjectPlugin
LogPluginManager: Mounting plugin VisualStudioCodeSourceCodeAccess
LogPluginManager: Mounting plugin VisualStudioSourceCodeAccess
LogPluginManager: Mounting plugin XCodeSourceCodeAccess
LogPluginManager: Mounting plugin AssetManagerEditor
LogPluginManager: Mounting plugin CryptoKeys
LogPluginManager: Mounting plugin CurveEditorTools
LogPluginManager: Mounting plugin DataValidation
LogPluginManager: Mounting plugin FacialAnimation
LogPluginManager: Mounting plugin GameplayTagsEditor
LogPluginManager: Mounting plugin MacGraphicsSwitching
LogPluginManager: Mounting plugin MaterialAnalyzer
LogPluginManager: Mounting plugin MobileLauncherProfileWizard
LogPluginManager: Mounting plugin PluginBrowser
LogPluginManager: Mounting plugin SpeedTreeImporter
LogPluginManager: Mounting plugin DatasmithContent
LogPluginManager: Mounting plugin VariantManagerContent
LogPluginManager: Mounting plugin AlembicImporter
LogPluginManager: Mounting plugin AutomationUtils
LogPluginManager: Mounting plugin BackChannel
LogPluginManager: Mounting plugin CharacterAI
LogPluginManager: Mounting plugin GeometryCache
LogPluginManager: Mounting plugin HTML5Networking
LogPluginManager: Mounting plugin PlatformCrypto
LogPluginManager: Mounting plugin ProxyLODPlugin
LogPluginManager: Mounting plugin SkeletalReduction
LogPluginManager: Mounting plugin MagicLeap
LogPluginManager: Mounting plugin MagicLeapMedia
LogPluginManager: Mounting plugin AndroidMedia
LogPluginManager: Mounting plugin AvfMedia
LogPluginManager: Mounting plugin ImgMedia
LogPluginManager: Mounting plugin MediaCompositing
LogPluginManager: Mounting plugin MediaPlayerEditor
LogPluginManager: Mounting plugin WebMMedia
LogPluginManager: Mounting plugin WmfMedia
LogPluginManager: Mounting plugin TcpMessaging
LogPluginManager: Mounting plugin UdpMessaging
LogPluginManager: Mounting plugin ActorSequence
LogPluginManager: Mounting plugin LevelSequenceEditor
LogPluginManager: Mounting plugin MatineeToLevelSequence
LogPluginManager: Mounting plugin NetcodeUnitTest
LogPluginManager: Mounting plugin NUTUnrealEngine4
LogPluginManager: Mounting plugin OnlineSubsystemGooglePlay
LogPluginManager: Mounting plugin OnlineSubsystemIOS
LogPluginManager: Mounting plugin OnlineSubsystem
LogPluginManager: Mounting plugin OnlineSubsystemNull
LogPluginManager: Mounting plugin OnlineSubsystemUtils
LogPluginManager: Mounting plugin LauncherChunkInstaller
LogPluginManager: Mounting plugin AndroidDeviceProfileSelector
LogPluginManager: Mounting plugin AndroidMoviePlayer
LogPluginManager: Mounting plugin AndroidPermission
LogPluginManager: Mounting plugin AppleImageUtils
LogPluginManager: Mounting plugin AppleMoviePlayer
LogPluginManager: Mounting plugin ArchVisCharacter
LogPluginManager: Mounting plugin AudioCapture
LogPluginManager: Mounting plugin CableComponent
LogPluginManager: Mounting plugin CustomMeshComponent
LogPluginManager: Mounting plugin EditableMesh
LogPluginManager: Mounting plugin ExampleDeviceProfileSelector
LogPluginManager: Mounting plugin GoogleCloudMessaging
LogPluginManager: Mounting plugin IOSDeviceProfileSelector
LogPluginManager: Mounting plugin LinuxDeviceProfileSelector
LogPluginManager: Mounting plugin LocationServicesBPLibrary
LogPluginManager: Mounting plugin MobilePatchingUtils
LogPluginManager: Mounting plugin OculusVR
LogPluginManager: Mounting plugin PhysXVehicles
LogPluginManager: Mounting plugin ProceduralMeshComponent
LogPluginManager: Mounting plugin RuntimePhysXCooking
LogPluginManager: Mounting plugin SignificanceManager
LogPluginManager: Mounting plugin SteamVR
LogPluginManager: Mounting plugin WebMMoviePlayer
LogPluginManager: Mounting plugin WindowsMoviePlayer
LogPluginManager: Mounting plugin ScreenshotTools
LogInit: Using libcurl 7.55.1-DEV
LogInit:  - built for x86_64-pc-win32
LogInit:  - supports SSL with OpenSSL/1.1.1
LogInit:  - supports HTTP deflate (compression) using libz 1.2.8
LogInit:  - other features:
LogInit:      CURL_VERSION_SSL
LogInit:      CURL_VERSION_LIBZ
LogInit:      CURL_VERSION_IPV6
LogInit:      CURL_VERSION_ASYNCHDNS
LogInit:      CURL_VERSION_LARGEFILE
LogInit:      CURL_VERSION_IDN
LogInit:  CurlRequestOptions (configurable via config and command line):
LogInit:  - bVerifyPeer = true  - Libcurl will verify peer certificate
LogInit:  - bUseHttpProxy = false  - Libcurl will NOT use HTTP proxy
LogInit:  - bDontReuseConnections = false  - Libcurl will reuse connections
LogInit:  - MaxHostConnections = 16  - Libcurl will limit the number of connections to a host
LogInit:  - LocalHostAddr = Default
LogInit:  - BufferSize = 65536
LogOnline: OSS: Creating online subsystem instance for: NULL
LogInit: WinSock: version 1.1 (2.2), MaxSocks=32767, MaxUdp=65467
LogInit: Build: ++UE4+Release-4.23-CL-9631420
LogInit: Engine Version: 4.23.1-9631420+++UE4+Release-4.23
LogInit: Compatible Engine Version: 4.23.0-8386587+++UE4+Release-4.23
LogInit: Net CL: 8386587
LogInit: OS: Windows 10 (Release 1903) (), CPU: Intel(R) Core(TM) i5-8600K CPU @ 3.60GHz, GPU: NVIDIA GeForce GTX 1070
LogInit: Compiled (64-bit): Oct 18 2019 02:07:44
LogInit: Compiled with Visual C++: 19.16.27030.01
LogInit: Build Configuration: Development
LogInit: Branch Name: ++UE4+Release-4.23
LogInit: Command Line: 
LogInit: Base Directory: E:/UE4/UE_4.23/Engine/Binaries/Win64/
LogInit: Installed Engine Build: 1
LogDevObjectVersion: Number of dev versions registered: 23
LogDevObjectVersion:   Dev-Blueprints (B0D832E4-1F89-4F0D-ACCF-7EB736FD4AA2): 10
LogDevObjectVersion:   Dev-Build (E1C64328-A22C-4D53-A36C-8E866417BD8C): 0
LogDevObjectVersion:   Dev-Core (375EC13C-06E4-48FB-B500-84F0262A717E): 3
LogDevObjectVersion:   Dev-Editor (E4B068ED-F494-42E9-A231-DA0B2E46BB41): 34
LogDevObjectVersion:   Dev-Framework (CFFC743F-43B0-4480-9391-14DF171D2073): 35
LogDevObjectVersion:   Dev-Mobile (B02B49B5-BB20-44E9-A304-32B752E40360): 2
LogDevObjectVersion:   Dev-Networking (A4E4105C-59A1-49B5-A7C5-40C4547EDFEE): 0
LogDevObjectVersion:   Dev-Online (39C831C9-5AE6-47DC-9A44-9C173E1C8E7C): 0
LogDevObjectVersion:   Dev-Physics (78F01B33-EBEA-4F98-B9B4-84EACCB95AA2): 0
LogDevObjectVersion:   Dev-Platform (6631380F-2D4D-43E0-8009-CF276956A95A): 0
LogDevObjectVersion:   Dev-Rendering (12F88B9F-8875-4AFC-A67C-D90C383ABD29): 31
LogDevObjectVersion:   Dev-Sequencer (7B5AE74C-D270-4C10-A958-57980B212A5A): 11
LogDevObjectVersion:   Dev-VR (D7296918-1DD6-4BDD-9DE2-64A83CC13884): 2
LogDevObjectVersion:   Dev-LoadTimes (C2A15278-BFE7-4AFE-6C17-90FF531DF755): 1
LogDevObjectVersion:   Private-Geometry (6EACA3D4-40EC-4CC1-B786-8BED09428FC5): 3
LogDevObjectVersion:   Dev-AnimPhys (29E575DD-E0A3-4627-9D10-D276232CDCEA): 17
LogDevObjectVersion:   Dev-Anim (AF43A65D-7FD3-4947-9873-3E8ED9C1BB05): 2
LogDevObjectVersion:   Dev-ReflectionCapture (6B266CEC-1EC7-4B8F-A30B-E4D90942FC07): 1
LogDevObjectVersion:   Dev-Automation (0DF73D61-A23F-47EA-B727-89E90C41499A): 1
LogDevObjectVersion:   FortniteMain (601D1886-AC64-4F84-AA16-D3DE0DEAC7D6): 27
LogDevObjectVersion:   Dev-Enterprise (9DFFBCD6-494F-0158-E221-12823C92A888): 6
LogDevObjectVersion:   Dev-Niagara (F2AED0AC-9AFE-416F-8664-AA7FFA26D6FC): 1
LogDevObjectVersion:   Dev-Destruction (174F1F0B-B4C6-45A5-B13F-2EE8D0FB917D): 9
LogInit: Presizing for max 16777216 objects, including 0 objects not considered by GC, pre-allocating 0 bytes for permanent pool.
LogInit: Object subsystem initialized
LogConfig: Setting CVar [[con.DebugEarlyDefault:1]]
LogConfig: Setting CVar [[r.setres:1280x720]]
[2020.04.26-10.18.10:351][  0]LogConfig: Setting CVar [[r.VSync:0]]
[2020.04.26-10.18.10:351][  0]LogConfig: Setting CVar [[r.RHICmdBypass:0]]
[2020.04.26-10.18.10:351][  0]LogConfig: Applying CVar settings from Section [/Script/Engine.RendererSettings] File [E:/UE4/NewGame/Saved/Config/Windows/Engine.ini]
[2020.04.26-10.18.10:351][  0]LogConfig: Setting CVar [[r.GPUCrashDebugging:0]]
[2020.04.26-10.18.10:351][  0]LogConfig: Setting CVar [[r.DefaultFeature.AutoExposure.ExtendDefaultLuminanceRange:1]]
[2020.04.26-10.18.10:351][  0]LogConfig: Applying CVar settings from Section [/Script/Engine.RendererOverrideSettings] File [E:/UE4/NewGame/Saved/Config/Windows/Engine.ini]
[2020.04.26-10.18.10:351][  0]LogConfig: Applying CVar settings from Section [/Script/Engine.StreamingSettings] File [E:/UE4/NewGame/Saved/Config/Windows/Engine.ini]
[2020.04.26-10.18.10:351][  0]LogConfig: Setting CVar [[s.MinBulkDataSizeForAsyncLoading:131072]]
[2020.04.26-10.18.10:351][  0]LogConfig: Setting CVar [[s.AsyncLoadingThreadEnabled:0]]
[2020.04.26-10.18.10:351][  0]LogConfig: Setting CVar [[s.EventDrivenLoaderEnabled:1]]
[2020.04.26-10.18.10:351][  0]LogConfig: Setting CVar [[s.WarnIfTimeLimitExceeded:0]]
[2020.04.26-10.18.10:351][  0]LogConfig: Setting CVar [[s.TimeLimitExceededMultiplier:1.5]]
[2020.04.26-10.18.10:351][  0]LogConfig: Setting CVar [[s.TimeLimitExceededMinTime:0.005]]
[2020.04.26-10.18.10:352][  0]LogConfig: Setting CVar [[s.UseBackgroundLevelStreaming:1]]
[2020.04.26-10.18.10:352][  0]LogConfig: Setting CVar [[s.PriorityAsyncLoadingExtraTime:15.0]]
[2020.04.26-10.18.10:352][  0]LogConfig: Setting CVar [[s.LevelStreamingActorsUpdateTimeLimit:5.0]]
[2020.04.26-10.18.10:352][  0]LogConfig: Setting CVar [[s.PriorityLevelStreamingActorsUpdateExtraTime:5.0]]
[2020.04.26-10.18.10:352][  0]LogConfig: Setting CVar [[s.LevelStreamingComponentsRegistrationGranularity:10]]
[2020.04.26-10.18.10:352][  0]LogConfig: Setting CVar [[s.UnregisterComponentsTimeLimit:1.0]]
[2020.04.26-10.18.10:352][  0]LogConfig: Setting CVar [[s.LevelStreamingComponentsUnregistrationGranularity:5]]
[2020.04.26-10.18.10:352][  0]LogConfig: Applying CVar settings from Section [/Script/Engine.GarbageCollectionSettings] File [E:/UE4/NewGame/Saved/Config/Windows/Engine.ini]
[2020.04.26-10.18.10:352][  0]LogConfig: Setting CVar [[gc.MaxObjectsNotConsideredByGC:1]]
[2020.04.26-10.18.10:352][  0]LogConfig: Setting CVar [[gc.SizeOfPermanentObjectPool:0]]
[2020.04.26-10.18.10:352][  0]LogConfig: Setting CVar [[gc.FlushStreamingOnGC:0]]
[2020.04.26-10.18.10:352][  0]LogConfig: Setting CVar [[gc.NumRetriesBeforeForcingGC:10]]
[2020.04.26-10.18.10:352][  0]LogConfig: Setting CVar [[gc.AllowParallelGC:1]]
[2020.04.26-10.18.10:352][  0]LogConfig: Setting CVar [[gc.TimeBetweenPurgingPendingKillObjects:61.1]]
[2020.04.26-10.18.10:352][  0]LogConfig: Setting CVar [[gc.MaxObjectsInEditor:16777216]]
[2020.04.26-10.18.10:352][  0]LogConfig: Setting CVar [[gc.IncrementalBeginDestroyEnabled:1]]
[2020.04.26-10.18.10:352][  0]LogConfig: Setting CVar [[gc.CreateGCClusters:1]]
[2020.04.26-10.18.10:352][  0]LogConfig: Setting CVar [[gc.MinGCClusterSize:5]]
[2020.04.26-10.18.10:352][  0]LogConfig: Setting CVar [[gc.ActorClusteringEnabled:0]]
[2020.04.26-10.18.10:352][  0]LogConfig: Setting CVar [[gc.BlueprintClusteringEnabled:0]]
[2020.04.26-10.18.10:352][  0]LogConfig: Setting CVar [[gc.UseDisregardForGCOnDedicatedServers:0]]
[2020.04.26-10.18.10:352][  0]LogConfig: Applying CVar settings from Section [/Script/Engine.NetworkSettings] File [E:/UE4/NewGame/Saved/Config/Windows/Engine.ini]
[2020.04.26-10.18.10:352][  0]LogConfig: Applying CVar settings from Section [/Script/UnrealEd.CookerSettings] File [E:/UE4/NewGame/Saved/Config/Windows/Engine.ini]
[2020.04.26-10.18.10:355][  0]LogConfig: Applying CVar settings from Section [ViewDistanceQuality@3] File [E:/UE4/NewGame/Saved/Config/Windows/Scalability.ini]
[2020.04.26-10.18.10:355][  0]LogConfig: Setting CVar [[r.SkeletalMeshLODBias:0]]
[2020.04.26-10.18.10:355][  0]LogConfig: Setting CVar [[r.ViewDistanceScale:1.0]]
[2020.04.26-10.18.10:355][  0]LogConfig: Applying CVar settings from Section [AntiAliasingQuality@3] File [E:/UE4/NewGame/Saved/Config/Windows/Scalability.ini]
[2020.04.26-10.18.10:355][  0]LogConfig: Setting CVar [[r.PostProcessAAQuality:4]]
[2020.04.26-10.18.10:355][  0]LogConfig: Applying CVar settings from Section [ShadowQuality@3] File [E:/UE4/NewGame/Saved/Config/Windows/Scalability.ini]
[2020.04.26-10.18.10:355][  0]LogConfig: Setting CVar [[r.LightFunctionQuality:1]]
[2020.04.26-10.18.10:355][  0]LogConfig: Setting CVar [[r.ShadowQuality:5]]
[2020.04.26-10.18.10:355][  0]LogConfig: Setting CVar [[r.Shadow.CSM.MaxCascades:10]]
[2020.04.26-10.18.10:355][  0]LogConfig: Setting CVar [[r.Shadow.MaxResolution:2048]]
[2020.04.26-10.18.10:355][  0]LogConfig: Setting CVar [[r.Shadow.MaxCSMResolution:2048]]
[2020.04.26-10.18.10:355][  0]LogConfig: Setting CVar [[r.Shadow.RadiusThreshold:0.01]]
[2020.04.26-10.18.10:355][  0]LogConfig: Setting CVar [[r.Shadow.DistanceScale:1.0]]
[2020.04.26-10.18.10:355][  0]LogConfig: Setting CVar [[r.Shadow.CSM.TransitionScale:1.0]]
[2020.04.26-10.18.10:355][  0]LogConfig: Setting CVar [[r.Shadow.PreShadowResolutionFactor:1.0]]
[2020.04.26-10.18.10:355][  0]LogConfig: Setting CVar [[r.DistanceFieldShadowing:1]]
[2020.04.26-10.18.10:355][  0]LogConfig: Setting CVar [[r.DistanceFieldAO:1]]
[2020.04.26-10.18.10:355][  0]LogConfig: Setting CVar [[r.AOQuality:2]]
[2020.04.26-10.18.10:355][  0]LogConfig: Setting CVar [[r.VolumetricFog:1]]
[2020.04.26-10.18.10:355][  0]LogConfig: Setting CVar [[r.VolumetricFog.GridPixelSize:8]]
[2020.04.26-10.18.10:355][  0]LogConfig: Setting CVar [[r.VolumetricFog.GridSizeZ:128]]
[2020.04.26-10.18.10:355][  0]LogConfig: Setting CVar [[r.VolumetricFog.HistoryMissSupersampleCount:4]]
[2020.04.26-10.18.10:355][  0]LogConfig: Setting CVar [[r.LightMaxDrawDistanceScale:1]]
[2020.04.26-10.18.10:355][  0]LogConfig: Setting CVar [[r.CapsuleShadows:1]]
[2020.04.26-10.18.10:355][  0]LogConfig: Applying CVar settings from Section [PostProcessQuality@3] File [E:/UE4/NewGame/Saved/Config/Windows/Scalability.ini]
[2020.04.26-10.18.10:355][  0]LogConfig: Setting CVar [[r.MotionBlurQuality:4]]
[2020.04.26-10.18.10:355][  0]LogConfig: Setting CVar [[r.AmbientOcclusionMipLevelFactor:0.4]]
[2020.04.26-10.18.10:355][  0]LogConfig: Setting CVar [[r.AmbientOcclusionMaxQuality:100]]
[2020.04.26-10.18.10:355][  0]LogConfig: Setting CVar [[r.AmbientOcclusionLevels:-1]]
[2020.04.26-10.18.10:355][  0]LogConfig: Setting CVar [[r.AmbientOcclusionRadiusScale:1.0]]
[2020.04.26-10.18.10:355][  0]LogConfig: Setting CVar [[r.DepthOfFieldQuality:2]]
[2020.04.26-10.18.10:355][  0]LogConfig: Setting CVar [[r.RenderTargetPoolMin:400]]
[2020.04.26-10.18.10:355][  0]LogConfig: Setting CVar [[r.LensFlareQuality:2]]
[2020.04.26-10.18.10:355][  0]LogConfig: Setting CVar [[r.SceneColorFringeQuality:1]]
[2020.04.26-10.18.10:355][  0]LogConfig: Setting CVar [[r.EyeAdaptationQuality:2]]
[2020.04.26-10.18.10:355][  0]LogConfig: Setting CVar [[r.BloomQuality:5]]
[2020.04.26-10.18.10:355][  0]LogConfig: Setting CVar [[r.FastBlurThreshold:100]]
[2020.04.26-10.18.10:355][  0]LogConfig: Setting CVar [[r.Upscale.Quality:3]]
[2020.04.26-10.18.10:355][  0]LogConfig: Setting CVar [[r.Tonemapper.GrainQuantization:1]]
[2020.04.26-10.18.10:355][  0]LogConfig: Setting CVar [[r.LightShaftQuality:1]]
[2020.04.26-10.18.10:355][  0]LogConfig: Setting CVar [[r.Filter.SizeScale:1]]
[2020.04.26-10.18.10:355][  0]LogConfig: Setting CVar [[r.Tonemapper.Quality:5]]
[2020.04.26-10.18.10:355][  0]LogConfig: Setting CVar [[r.DOF.Gather.AccumulatorQuality:1        ; higher gathering accumulator quality]]
[2020.04.26-10.18.10:355][  0]LogConfig: Setting CVar [[r.DOF.Gather.PostfilterMethod:1          ; Median3x3 postfilering method]]
[2020.04.26-10.18.10:355][  0]LogConfig: Setting CVar [[r.DOF.Gather.EnableBokehSettings:0       ; no bokeh simulation when gathering]]
[2020.04.26-10.18.10:355][  0]LogConfig: Setting CVar [[r.DOF.Gather.RingCount:4                 ; medium number of samples when gathering]]
[2020.04.26-10.18.10:355][  0]LogConfig: Setting CVar [[r.DOF.Scatter.ForegroundCompositing:1    ; additive foreground scattering]]
[2020.04.26-10.18.10:355][  0]LogConfig: Setting CVar [[r.DOF.Scatter.BackgroundCompositing:2    ; additive background scattering]]
[2020.04.26-10.18.10:355][  0]LogConfig: Setting CVar [[r.DOF.Scatter.EnableBokehSettings:1      ; bokeh simulation when scattering]]
[2020.04.26-10.18.10:355][  0]LogConfig: Setting CVar [[r.DOF.Scatter.MaxSpriteRatio:0.1         ; only a maximum of 10% of scattered bokeh]]
[2020.04.26-10.18.10:355][  0]LogConfig: Setting CVar [[r.DOF.Recombine.Quality:1                ; cheap slight out of focus]]
[2020.04.26-10.18.10:355][  0]LogConfig: Setting CVar [[r.DOF.Recombine.EnableBokehSettings:0    ; no bokeh simulation on slight out of focus]]
[2020.04.26-10.18.10:355][  0]LogConfig: Setting CVar [[r.DOF.TemporalAAQuality:1                ; more stable temporal accumulation]]
[2020.04.26-10.18.10:355][  0]LogConfig: Setting CVar [[r.DOF.Kernel.MaxForegroundRadius:0.025]]
[2020.04.26-10.18.10:355][  0]LogConfig: Setting CVar [[r.DOF.Kernel.MaxBackgroundRadius:0.025]]
[2020.04.26-10.18.10:355][  0]LogConfig: Applying CVar settings from Section [TextureQuality@3] File [E:/UE4/NewGame/Saved/Config/Windows/Scalability.ini]
[2020.04.26-10.18.10:355][  0]LogConfig: Setting CVar [[r.Streaming.MipBias:0]]
[2020.04.26-10.18.10:355][  0]LogConfig: Setting CVar [[r.Streaming.AmortizeCPUToGPUCopy:0]]
[2020.04.26-10.18.10:355][  0]LogConfig: Setting CVar [[r.Streaming.MaxNumTexturesToStreamPerFrame:0]]
[2020.04.26-10.18.10:355][  0]LogConfig: Setting CVar [[r.Streaming.Boost:1]]
[2020.04.26-10.18.10:355][  0]LogConfig: Setting CVar [[r.MaxAnisotropy:8]]
[2020.04.26-10.18.10:355][  0]LogConfig: Setting CVar [[r.Streaming.LimitPoolSizeToVRAM:0]]
[2020.04.26-10.18.10:355][  0]LogConfig: Setting CVar [[r.Streaming.PoolSize:1000]]
[2020.04.26-10.18.10:356][  0]LogConfig: Setting CVar [[r.Streaming.MaxEffectiveScreenSize:0]]
[2020.04.26-10.18.10:356][  0]LogConfig: Applying CVar settings from Section [EffectsQuality@3] File [E:/UE4/NewGame/Saved/Config/Windows/Scalability.ini]
[2020.04.26-10.18.10:356][  0]LogConfig: Setting CVar [[r.TranslucencyLightingVolumeDim:64]]
[2020.04.26-10.18.10:356][  0]LogConfig: Setting CVar [[r.RefractionQuality:2]]
[2020.04.26-10.18.10:356][  0]LogConfig: Setting CVar [[r.SSR.Quality:3]]
[2020.04.26-10.18.10:356][  0]LogConfig: Setting CVar [[r.SceneColorFormat:4]]
[2020.04.26-10.18.10:356][  0]LogConfig: Setting CVar [[r.DetailMode:2]]
[2020.04.26-10.18.10:356][  0]LogConfig: Setting CVar [[r.TranslucencyVolumeBlur:1]]
[2020.04.26-10.18.10:356][  0]LogConfig: Setting CVar [[r.MaterialQualityLevel:1 ; High quality]]
[2020.04.26-10.18.10:356][  0]LogConfig: Setting CVar [[r.SSS.Scale:1]]
[2020.04.26-10.18.10:356][  0]LogConfig: Setting CVar [[r.SSS.SampleSet:2]]
[2020.04.26-10.18.10:356][  0]LogConfig: Setting CVar [[r.SSS.Quality:1]]
[2020.04.26-10.18.10:356][  0]LogConfig: Setting CVar [[r.SSS.HalfRes:1]]
[2020.04.26-10.18.10:356][  0]LogConfig: Setting CVar [[r.EmitterSpawnRateScale:1.0]]
[2020.04.26-10.18.10:356][  0]LogConfig: Setting CVar [[r.ParticleLightQuality:2]]
[2020.04.26-10.18.10:356][  0]LogConfig: Applying CVar settings from Section [FoliageQuality@3] File [E:/UE4/NewGame/Saved/Config/Windows/Scalability.ini]
[2020.04.26-10.18.10:356][  0]LogConfig: Setting CVar [[foliage.DensityScale:1.0]]
[2020.04.26-10.18.10:356][  0]LogConfig: Setting CVar [[grass.DensityScale:1.0]]
[2020.04.26-10.18.10:356][  0]LogInit: Selected Device Profile: [Windows]
[2020.04.26-10.18.10:356][  0]LogInit: Applying CVar settings loaded from the selected device profile: [Windows]
[2020.04.26-10.18.10:363][  0]LogHAL: Display: Platform has ~ 16 GB [17111838720 / 17179869184 / 16], which maps to Larger [LargestMinGB=32, LargerMinGB=12, DefaultMinGB=8, SmallerMinGB=6, SmallestMinGB=0)
[2020.04.26-10.18.10:363][  0]LogInit: Going up to parent DeviceProfile []
[2020.04.26-10.18.10:363][  0]LogConfig: Applying CVar settings from Section [ViewDistanceQuality@3] File [E:/UE4/NewGame/Saved/Config/Windows/Scalability.ini]
[2020.04.26-10.18.10:363][  0]LogConfig: Setting CVar [[r.SkeletalMeshLODBias:0]]
[2020.04.26-10.18.10:363][  0]LogConfig: Setting CVar [[r.ViewDistanceScale:1.0]]
[2020.04.26-10.18.10:363][  0]LogConfig: Applying CVar settings from Section [AntiAliasingQuality@3] File [E:/UE4/NewGame/Saved/Config/Windows/Scalability.ini]
[2020.04.26-10.18.10:363][  0]LogConfig: Setting CVar [[r.PostProcessAAQuality:4]]
[2020.04.26-10.18.10:363][  0]LogConfig: Applying CVar settings from Section [ShadowQuality@3] File [E:/UE4/NewGame/Saved/Config/Windows/Scalability.ini]
[2020.04.26-10.18.10:363][  0]LogConfig: Setting CVar [[r.LightFunctionQuality:1]]
[2020.04.26-10.18.10:363][  0]LogConfig: Setting CVar [[r.ShadowQuality:5]]
[2020.04.26-10.18.10:363][  0]LogConfig: Setting CVar [[r.Shadow.CSM.MaxCascades:10]]
[2020.04.26-10.18.10:363][  0]LogConfig: Setting CVar [[r.Shadow.MaxResolution:2048]]
[2020.04.26-10.18.10:363][  0]LogConfig: Setting CVar [[r.Shadow.MaxCSMResolution:2048]]
[2020.04.26-10.18.10:363][  0]LogConfig: Setting CVar [[r.Shadow.RadiusThreshold:0.01]]
[2020.04.26-10.18.10:363][  0]LogConfig: Setting CVar [[r.Shadow.DistanceScale:1.0]]
[2020.04.26-10.18.10:363][  0]LogConfig: Setting CVar [[r.Shadow.CSM.TransitionScale:1.0]]
[2020.04.26-10.18.10:363][  0]LogConfig: Setting CVar [[r.Shadow.PreShadowResolutionFactor:1.0]]
[2020.04.26-10.18.10:363][  0]LogConfig: Setting CVar [[r.DistanceFieldShadowing:1]]
[2020.04.26-10.18.10:363][  0]LogConfig: Setting CVar [[r.DistanceFieldAO:1]]
[2020.04.26-10.18.10:363][  0]LogConfig: Setting CVar [[r.AOQuality:2]]
[2020.04.26-10.18.10:363][  0]LogConfig: Setting CVar [[r.VolumetricFog:1]]
[2020.04.26-10.18.10:363][  0]LogConfig: Setting CVar [[r.VolumetricFog.GridPixelSize:8]]
[2020.04.26-10.18.10:363][  0]LogConfig: Setting CVar [[r.VolumetricFog.GridSizeZ:128]]
[2020.04.26-10.18.10:363][  0]LogConfig: Setting CVar [[r.VolumetricFog.HistoryMissSupersampleCount:4]]
[2020.04.26-10.18.10:363][  0]LogConfig: Setting CVar [[r.LightMaxDrawDistanceScale:1]]
[2020.04.26-10.18.10:363][  0]LogConfig: Setting CVar [[r.CapsuleShadows:1]]
[2020.04.26-10.18.10:363][  0]LogConfig: Applying CVar settings from Section [PostProcessQuality@3] File [E:/UE4/NewGame/Saved/Config/Windows/Scalability.ini]
[2020.04.26-10.18.10:363][  0]LogConfig: Setting CVar [[r.MotionBlurQuality:4]]
[2020.04.26-10.18.10:363][  0]LogConfig: Setting CVar [[r.AmbientOcclusionMipLevelFactor:0.4]]
[2020.04.26-10.18.10:363][  0]LogConfig: Setting CVar [[r.AmbientOcclusionMaxQuality:100]]
[2020.04.26-10.18.10:363][  0]LogConfig: Setting CVar [[r.AmbientOcclusionLevels:-1]]
[2020.04.26-10.18.10:363][  0]LogConfig: Setting CVar [[r.AmbientOcclusionRadiusScale:1.0]]
[2020.04.26-10.18.10:363][  0]LogConfig: Setting CVar [[r.DepthOfFieldQuality:2]]
[2020.04.26-10.18.10:363][  0]LogConfig: Setting CVar [[r.RenderTargetPoolMin:400]]
[2020.04.26-10.18.10:363][  0]LogConfig: Setting CVar [[r.LensFlareQuality:2]]
[2020.04.26-10.18.10:363][  0]LogConfig: Setting CVar [[r.SceneColorFringeQuality:1]]
[2020.04.26-10.18.10:363][  0]LogConfig: Setting CVar [[r.EyeAdaptationQuality:2]]
[2020.04.26-10.18.10:363][  0]LogConfig: Setting CVar [[r.BloomQuality:5]]
[2020.04.26-10.18.10:363][  0]LogConfig: Setting CVar [[r.FastBlurThreshold:100]]
[2020.04.26-10.18.10:363][  0]LogConfig: Setting CVar [[r.Upscale.Quality:3]]
[2020.04.26-10.18.10:363][  0]LogConfig: Setting CVar [[r.Tonemapper.GrainQuantization:1]]
[2020.04.26-10.18.10:363][  0]LogConfig: Setting CVar [[r.LightShaftQuality:1]]
[2020.04.26-10.18.10:364][  0]LogConfig: Setting CVar [[r.Filter.SizeScale:1]]
[2020.04.26-10.18.10:364][  0]LogConfig: Setting CVar [[r.Tonemapper.Quality:5]]
[2020.04.26-10.18.10:364][  0]LogConfig: Setting CVar [[r.DOF.Gather.AccumulatorQuality:1        ; higher gathering accumulator quality]]
[2020.04.26-10.18.10:364][  0]LogConfig: Setting CVar [[r.DOF.Gather.PostfilterMethod:1          ; Median3x3 postfilering method]]
[2020.04.26-10.18.10:364][  0]LogConfig: Setting CVar [[r.DOF.Gather.EnableBokehSettings:0       ; no bokeh simulation when gathering]]
[2020.04.26-10.18.10:364][  0]LogConfig: Setting CVar [[r.DOF.Gather.RingCount:4                 ; medium number of samples when gathering]]
[2020.04.26-10.18.10:364][  0]LogConfig: Setting CVar [[r.DOF.Scatter.ForegroundCompositing:1    ; additive foreground scattering]]
[2020.04.26-10.18.10:364][  0]LogConfig: Setting CVar [[r.DOF.Scatter.BackgroundCompositing:2    ; additive background scattering]]
[2020.04.26-10.18.10:364][  0]LogConfig: Setting CVar [[r.DOF.Scatter.EnableBokehSettings:1      ; bokeh simulation when scattering]]
[2020.04.26-10.18.10:364][  0]LogConfig: Setting CVar [[r.DOF.Scatter.MaxSpriteRatio:0.1         ; only a maximum of 10% of scattered bokeh]]
[2020.04.26-10.18.10:364][  0]LogConfig: Setting CVar [[r.DOF.Recombine.Quality:1                ; cheap slight out of focus]]
[2020.04.26-10.18.10:364][  0]LogConfig: Setting CVar [[r.DOF.Recombine.EnableBokehSettings:0    ; no bokeh simulation on slight out of focus]]
[2020.04.26-10.18.10:364][  0]LogConfig: Setting CVar [[r.DOF.TemporalAAQuality:1                ; more stable temporal accumulation]]
[2020.04.26-10.18.10:364][  0]LogConfig: Setting CVar [[r.DOF.Kernel.MaxForegroundRadius:0.025]]
[2020.04.26-10.18.10:364][  0]LogConfig: Setting CVar [[r.DOF.Kernel.MaxBackgroundRadius:0.025]]
[2020.04.26-10.18.10:364][  0]LogConfig: Applying CVar settings from Section [TextureQuality@3] File [E:/UE4/NewGame/Saved/Config/Windows/Scalability.ini]
[2020.04.26-10.18.10:364][  0]LogConfig: Setting CVar [[r.Streaming.MipBias:0]]
[2020.04.26-10.18.10:364][  0]LogConfig: Setting CVar [[r.Streaming.AmortizeCPUToGPUCopy:0]]
[2020.04.26-10.18.10:364][  0]LogConfig: Setting CVar [[r.Streaming.MaxNumTexturesToStreamPerFrame:0]]
[2020.04.26-10.18.10:364][  0]LogConfig: Setting CVar [[r.Streaming.Boost:1]]
[2020.04.26-10.18.10:364][  0]LogConfig: Setting CVar [[r.MaxAnisotropy:8]]
[2020.04.26-10.18.10:364][  0]LogConfig: Setting CVar [[r.Streaming.LimitPoolSizeToVRAM:0]]
[2020.04.26-10.18.10:364][  0]LogConfig: Setting CVar [[r.Streaming.PoolSize:1000]]
[2020.04.26-10.18.10:364][  0]LogConfig: Setting CVar [[r.Streaming.MaxEffectiveScreenSize:0]]
[2020.04.26-10.18.10:364][  0]LogConfig: Applying CVar settings from Section [EffectsQuality@3] File [E:/UE4/NewGame/Saved/Config/Windows/Scalability.ini]
[2020.04.26-10.18.10:364][  0]LogConfig: Setting CVar [[r.TranslucencyLightingVolumeDim:64]]
[2020.04.26-10.18.10:364][  0]LogConfig: Setting CVar [[r.RefractionQuality:2]]
[2020.04.26-10.18.10:364][  0]LogConfig: Setting CVar [[r.SSR.Quality:3]]
[2020.04.26-10.18.10:364][  0]LogConfig: Setting CVar [[r.SceneColorFormat:4]]
[2020.04.26-10.18.10:364][  0]LogConfig: Setting CVar [[r.DetailMode:2]]
[2020.04.26-10.18.10:364][  0]LogConfig: Setting CVar [[r.TranslucencyVolumeBlur:1]]
[2020.04.26-10.18.10:364][  0]LogConfig: Setting CVar [[r.MaterialQualityLevel:1 ; High quality]]
[2020.04.26-10.18.10:364][  0]LogConfig: Setting CVar [[r.SSS.Scale:1]]
[2020.04.26-10.18.10:364][  0]LogConfig: Setting CVar [[r.SSS.SampleSet:2]]
[2020.04.26-10.18.10:364][  0]LogConfig: Setting CVar [[r.SSS.Quality:1]]
[2020.04.26-10.18.10:364][  0]LogConfig: Setting CVar [[r.SSS.HalfRes:1]]
[2020.04.26-10.18.10:364][  0]LogConfig: Setting CVar [[r.EmitterSpawnRateScale:1.0]]
[2020.04.26-10.18.10:364][  0]LogConfig: Setting CVar [[r.ParticleLightQuality:2]]
[2020.04.26-10.18.10:364][  0]LogConfig: Applying CVar settings from Section [FoliageQuality@3] File [E:/UE4/NewGame/Saved/Config/Windows/Scalability.ini]
[2020.04.26-10.18.10:364][  0]LogConfig: Setting CVar [[foliage.DensityScale:1.0]]
[2020.04.26-10.18.10:364][  0]LogConfig: Setting CVar [[grass.DensityScale:1.0]]
[2020.04.26-10.18.10:364][  0]LogConfig: Applying CVar settings from Section [Startup] File [../../../Engine/Config/ConsoleVariables.ini]
[2020.04.26-10.18.10:368][  0]LogConfig: Setting CVar [[net.UseAdaptiveNetUpdateFrequency:0]]
[2020.04.26-10.18.10:368][  0]LogConfig: Setting CVar [[p.chaos.AllowCreatePhysxBodies:1]]
[2020.04.26-10.18.10:368][  0]LogConfig: Applying CVar settings from Section [ConsoleVariables] File [E:/UE4/NewGame/Saved/Config/Windows/Engine.ini]
[2020.04.26-10.18.10:368][  0]LogInit: Computer: DESKTOP-PPB4605
[2020.04.26-10.18.10:368][  0]LogInit: User: skwzl
[2020.04.26-10.18.10:368][  0]LogInit: CPU Page size=4096, Cores=6
[2020.04.26-10.18.10:368][  0]LogInit: High frequency timer resolution =10.000000 MHz
[2020.04.26-10.18.10:368][  0]LogMemory: Memory total: Physical=15.9GB (16GB approx)
[2020.04.26-10.18.10:368][  0]LogMemory: Platform Memory Stats for Windows
[2020.04.26-10.18.10:368][  0]LogMemory: Process Physical Memory: 101.26 MB used, 101.27 MB peak
[2020.04.26-10.18.10:368][  0]LogMemory: Process Virtual Memory: 104.35 MB used, 104.35 MB peak
[2020.04.26-10.18.10:368][  0]LogMemory: Physical Memory: 4834.05 MB used,  11485.07 MB free, 16319.12 MB total
[2020.04.26-10.18.10:368][  0]LogMemory: Virtual Memory: 4668.34 MB used,  134213056.00 MB free, 134217728.00 MB total
[2020.04.26-10.18.10:372][  0]LogWindows: WindowsPlatformFeatures enabled
[2020.04.26-10.18.10:527][  0]LogInit: Using OS detected language (zh-CN).
[2020.04.26-10.18.10:527][  0]LogInit: Using OS detected locale (zh-CN).
[2020.04.26-10.18.10:528][  0]LogTextLocalizationManager: No specific localization for 'zh-CN' exists, so the 'zh-Hans' localization will be used.
[2020.04.26-10.18.10:620][  0]LogTextLocalizationResource: LocRes '../../../Engine/Content/Localization/Editor/zh/Editor.locres' could not be opened for reading!
[2020.04.26-10.18.10:621][  0]LogTextLocalizationResource: LocRes '../../../Engine/Content/Localization/EditorTutorials/zh/EditorTutorials.locres' could not be opened for reading!
[2020.04.26-10.18.10:621][  0]LogTextLocalizationResource: LocRes '../../../Engine/Content/Localization/Keywords/zh/Keywords.locres' could not be opened for reading!
[2020.04.26-10.18.10:621][  0]LogTextLocalizationResource: LocRes '../../../Engine/Content/Localization/Category/zh/Category.locres' could not be opened for reading!
[2020.04.26-10.18.10:621][  0]LogTextLocalizationResource: LocRes '../../../Engine/Content/Localization/ToolTips/zh/ToolTips.locres' could not be opened for reading!
[2020.04.26-10.18.10:622][  0]LogTextLocalizationResource: LocRes '../../../Engine/Content/Localization/PropertyNames/zh/PropertyNames.locres' could not be opened for reading!
[2020.04.26-10.18.10:622][  0]LogTextLocalizationResource: LocRes '../../../Engine/Content/Localization/Engine/zh/Engine.locres' could not be opened for reading!
[2020.04.26-10.18.10:622][  0]LogTextLocalizationResource: LocRes '../../../Engine/Plugins/Online/Android/OnlineSubsystemGooglePlay/Content/Localization/OnlineSubsystemGooglePlay/zh/OnlineSubsystemGooglePlay.locres' could not be opened for reading!
[2020.04.26-10.18.10:622][  0]LogTextLocalizationResource: LocRes '../../../Engine/Plugins/Online/IOS/OnlineSubsystemIOS/Content/Localization/OnlineSubsystemIOS/zh/OnlineSubsystemIOS.locres' could not be opened for reading!
[2020.04.26-10.18.10:622][  0]LogTextLocalizationResource: LocRes '../../../Engine/Plugins/Online/OnlineSubsystem/Content/Localization/OnlineSubsystem/zh/OnlineSubsystem.locres' could not be opened for reading!
[2020.04.26-10.18.10:622][  0]LogTextLocalizationResource: LocRes '../../../Engine/Plugins/Online/OnlineSubsystemUtils/Content/Localization/OnlineSubsystemUtils/zh/OnlineSubsystemUtils.locres' could not be opened for reading!
[2020.04.26-10.18.10:653][  0]LogInit: Setting process to per monitor DPI aware
[2020.04.26-10.18.10:732][  0]LogSlate: New Slate User Created.  User Index 0, Is Virtual User: 0
[2020.04.26-10.18.10:732][  0]LogSlate: Slate User Registered.  User Index 0, Is Virtual User: 0
[2020.04.26-10.18.12:536][  0]LogHMD: Failed to initialize OpenVR with code 110
[2020.04.26-10.18.12:536][  0]LogD3D11RHI: D3D11 adapters:
[2020.04.26-10.18.12:597][  0]LogD3D11RHI:    0. 'NVIDIA GeForce GTX 1070' (Feature Level 11_0)
[2020.04.26-10.18.12:597][  0]LogD3D11RHI:       8088/0/8159 MB DedicatedVideo/DedicatedSystem/SharedSystem, Outputs:1, VendorId:0x10de
[2020.04.26-10.18.12:599][  0]LogD3D11RHI:    1. 'Microsoft Basic Render Driver' (Feature Level 11_0)
[2020.04.26-10.18.12:600][  0]LogD3D11RHI:       0/0/8159 MB DedicatedVideo/DedicatedSystem/SharedSystem, Outputs:0, VendorId:0x1414
[2020.04.26-10.18.12:600][  0]LogD3D11RHI: Chosen D3D11 Adapter: 0
[2020.04.26-10.18.12:605][  0]LogD3D11RHI: Creating new Direct3DDevice
[2020.04.26-10.18.12:605][  0]LogD3D11RHI:     GPU DeviceId: 0x1b81 (for the marketing name, search the web for "GPU Device Id")
[2020.04.26-10.18.12:605][  0]LogWindows: EnumDisplayDevices:
[2020.04.26-10.18.12:605][  0]LogWindows:    0. 'NVIDIA GeForce GTX 1070' (P:1 D:1)
[2020.04.26-10.18.12:606][  0]LogWindows:    1. 'NVIDIA GeForce GTX 1070' (P:0 D:0)
[2020.04.26-10.18.12:606][  0]LogWindows:    2. 'NVIDIA GeForce GTX 1070' (P:0 D:0)
[2020.04.26-10.18.12:606][  0]LogWindows:    3. 'NVIDIA GeForce GTX 1070' (P:0 D:0)
[2020.04.26-10.18.12:607][  0]LogWindows: DebugString: FoundDriverCount:4 
[2020.04.26-10.18.12:607][  0]LogD3D11RHI:     Adapter Name: NVIDIA GeForce GTX 1070
[2020.04.26-10.18.12:607][  0]LogD3D11RHI:   Driver Version: 445.75 (internal:26.21.14.4575, unified:445.75)
[2020.04.26-10.18.12:607][  0]LogD3D11RHI:      Driver Date: 3-17-2020
[2020.04.26-10.18.12:607][  0]LogRHI: Texture pool is 5661 MB (70% of 8088 MB)
[2020.04.26-10.18.12:652][  0]LogD3D11RHI: Async texture creation enabled
[2020.04.26-10.18.12:671][  0]LogD3D11RHI: GPU Timing Frequency: 1000.000000 (Debug: 2 1)
[2020.04.26-10.18.13:151][  0]LogTemp: Display: Module 'AllDesktopTargetPlatform' loaded TargetPlatform 'AllDesktop'
[2020.04.26-10.18.13:171][  0]LogTemp: Display: Module 'MacClientTargetPlatform' loaded TargetPlatform 'MacClient'
[2020.04.26-10.18.13:190][  0]LogTemp: Display: Module 'MacNoEditorTargetPlatform' loaded TargetPlatform 'MacNoEditor'
[2020.04.26-10.18.13:209][  0]LogTemp: Display: Module 'MacServerTargetPlatform' loaded TargetPlatform 'MacServer'
[2020.04.26-10.18.13:236][  0]LogTemp: Display: Module 'MacTargetPlatform' loaded TargetPlatform 'Mac'
[2020.04.26-10.18.13:255][  0]LogTemp: Display: Module 'WindowsClientTargetPlatform' loaded TargetPlatform 'WindowsClient'
[2020.04.26-10.18.13:275][  0]LogTemp: Display: Module 'WindowsNoEditorTargetPlatform' loaded TargetPlatform 'WindowsNoEditor'
[2020.04.26-10.18.13:294][  0]LogTemp: Display: Module 'WindowsServerTargetPlatform' loaded TargetPlatform 'WindowsServer'
[2020.04.26-10.18.13:310][  0]LogTemp: Display: Module 'WindowsTargetPlatform' loaded TargetPlatform 'Windows'
[2020.04.26-10.18.13:357][  0]LogTemp: Display: Module 'AndroidTargetPlatform' loaded TargetPlatform 'Android'
[2020.04.26-10.18.13:357][  0]LogTemp: Display: Module 'AndroidTargetPlatform' loaded TargetPlatform 'Android_ASTC'
[2020.04.26-10.18.13:357][  0]LogTemp: Display: Module 'AndroidTargetPlatform' loaded TargetPlatform 'Android_ATC'
[2020.04.26-10.18.13:357][  0]LogTemp: Display: Module 'AndroidTargetPlatform' loaded TargetPlatform 'Android_DXT'
[2020.04.26-10.18.13:357][  0]LogTemp: Display: Module 'AndroidTargetPlatform' loaded TargetPlatform 'Android_ETC1'
[2020.04.26-10.18.13:357][  0]LogTemp: Display: Module 'AndroidTargetPlatform' loaded TargetPlatform 'Android_ETC1a'
[2020.04.26-10.18.13:357][  0]LogTemp: Display: Module 'AndroidTargetPlatform' loaded TargetPlatform 'Android_ETC2'
[2020.04.26-10.18.13:357][  0]LogTemp: Display: Module 'AndroidTargetPlatform' loaded TargetPlatform 'Android_PVRTC'
[2020.04.26-10.18.13:357][  0]LogTemp: Display: Module 'AndroidTargetPlatform' loaded TargetPlatform 'AndroidClient'
[2020.04.26-10.18.13:357][  0]LogTemp: Display: Module 'AndroidTargetPlatform' loaded TargetPlatform 'Android_ASTCClient'
[2020.04.26-10.18.13:357][  0]LogTemp: Display: Module 'AndroidTargetPlatform' loaded TargetPlatform 'Android_ATCClient'
[2020.04.26-10.18.13:357][  0]LogTemp: Display: Module 'AndroidTargetPlatform' loaded TargetPlatform 'Android_DXTClient'
[2020.04.26-10.18.13:357][  0]LogTemp: Display: Module 'AndroidTargetPlatform' loaded TargetPlatform 'Android_ETC1Client'
[2020.04.26-10.18.13:357][  0]LogTemp: Display: Module 'AndroidTargetPlatform' loaded TargetPlatform 'Android_ETC1aClient'
[2020.04.26-10.18.13:357][  0]LogTemp: Display: Module 'AndroidTargetPlatform' loaded TargetPlatform 'Android_ETC2Client'
[2020.04.26-10.18.13:357][  0]LogTemp: Display: Module 'AndroidTargetPlatform' loaded TargetPlatform 'Android_PVRTCClient'
[2020.04.26-10.18.13:357][  0]LogTemp: Display: Module 'AndroidTargetPlatform' loaded TargetPlatform 'Android_Multi'
[2020.04.26-10.18.13:357][  0]LogTemp: Display: Module 'AndroidTargetPlatform' loaded TargetPlatform 'Android_MultiClient'
[2020.04.26-10.18.13:373][  0]LogTemp: Display: Module 'HTML5TargetPlatform' loaded TargetPlatform 'HTML5'
[2020.04.26-10.18.13:437][  0]LogTemp: Display: Module 'IOSTargetPlatform' loaded TargetPlatform 'IOSClient'
[2020.04.26-10.18.13:437][  0]LogTemp: Display: Module 'IOSTargetPlatform' loaded TargetPlatform 'IOS'
[2020.04.26-10.18.13:462][  0]LogTemp: Display: Module 'TVOSTargetPlatform' loaded TargetPlatform 'TVOSClient'
[2020.04.26-10.18.13:462][  0]LogTemp: Display: Module 'TVOSTargetPlatform' loaded TargetPlatform 'TVOS'
[2020.04.26-10.18.13:480][  0]LogTemp: Display: Module 'LinuxClientTargetPlatform' loaded TargetPlatform 'LinuxClient'
[2020.04.26-10.18.13:498][  0]LogTemp: Display: Module 'LinuxNoEditorTargetPlatform' loaded TargetPlatform 'LinuxNoEditor'
[2020.04.26-10.18.13:518][  0]LogTemp: Display: Module 'LinuxServerTargetPlatform' loaded TargetPlatform 'LinuxServer'
[2020.04.26-10.18.13:547][  0]LogTemp: Display: Module 'LinuxTargetPlatform' loaded TargetPlatform 'Linux'
[2020.04.26-10.18.13:584][  0]LogTemp: Display: Module 'LuminTargetPlatform' loaded TargetPlatform 'Lumin'
[2020.04.26-10.18.13:584][  0]LogTemp: Display: Module 'LuminTargetPlatform' loaded TargetPlatform 'LuminClient'
[2020.04.26-10.18.13:584][  0]LogTargetPlatformManager: Display: Building Assets For Windows
[2020.04.26-10.18.13:643][  0]LogAudioDebug: Display: Lib vorbis DLL was dynamically loaded.
[2020.04.26-10.18.13:917][  0]LogShaderCompilers: Guid format shader working directory is 0 characters bigger than the processId version (../../../../NewGame/Intermediate/Shaders/WorkingDirectory/13512/).
[2020.04.26-10.18.13:917][  0]LogShaderCompilers: Cleaned the shader compiler working directory 'E:/Temp/UnrealShaderWorkingDir/40EB4FF54FC4C364405C48861E7A3343/'.
[2020.04.26-10.18.13:918][  0]LogXGEController: Cleaning working directory: E:/Temp/UnrealXGEWorkingDir/
[2020.04.26-10.18.13:919][  0]LogXGEController: Cannot use XGE Controller as Incredibuild is not installed on this machine.
[2020.04.26-10.18.13:919][  0]LogShaderCompilers: Cannot use XGE Shader Compiler as Incredibuild is not installed on this machine.
[2020.04.26-10.18.13:919][  0]LogShaderCompilers: Display: Using Local Shader Compiler.
[2020.04.26-10.18.15:888][  0]LogDerivedDataCache: Display: Max Cache Size: 512 MB
[2020.04.26-10.18.15:937][  0]LogDerivedDataCache: Loaded boot cache 0.05s 73MB C:/Users/skwzl/AppData/Local/UnrealEngine/4.23/DerivedDataCache/Boot.ddc.
[2020.04.26-10.18.15:937][  0]LogDerivedDataCache: Display: Loaded Boot cache: C:/Users/skwzl/AppData/Local/UnrealEngine/4.23/DerivedDataCache/Boot.ddc
[2020.04.26-10.18.15:937][  0]LogDerivedDataCache: FDerivedDataBackendGraph:  Pak pak cache file ../../../../NewGame/DerivedDataCache/DDC.ddp not found, will not use a pak cache.
[2020.04.26-10.18.15:937][  0]LogDerivedDataCache: Unable to find inner node Pak for hierarchical cache Hierarchy.
[2020.04.26-10.18.15:937][  0]LogDerivedDataCache: FDerivedDataBackendGraph:  CompressedPak pak cache file ../../../../NewGame/DerivedDataCache/Compressed.ddp not found, will not use a pak cache.
[2020.04.26-10.18.15:937][  0]LogDerivedDataCache: Unable to find inner node CompressedPak for hierarchical cache Hierarchy.
[2020.04.26-10.18.15:953][  0]LogDerivedDataCache: Display: Pak cache opened for reading ../../../Engine/DerivedDataCache/Compressed.ddp.
[2020.04.26-10.18.15:953][  0]LogDerivedDataCache: FDerivedDataBackendGraph:  EnterprisePak pak cache file ../../../Enterprise/DerivedDataCache/Compressed.ddp not found, will not use a pak cache.
[2020.04.26-10.18.15:953][  0]LogDerivedDataCache: Unable to find inner node EnterprisePak for hierarchical cache Hierarchy.
[2020.04.26-10.18.15:955][  0]LogDerivedDataCache: Using Local data cache path C:/Users/skwzl/AppData/Local/UnrealEngine/Common/DerivedDataCache: Writable
[2020.04.26-10.18.15:955][  0]LogDerivedDataCache: Shared data cache path not found in *engine.ini, will not use an Shared cache.
[2020.04.26-10.18.15:955][  0]LogDerivedDataCache: Unable to find inner node Shared for hierarchical cache Hierarchy.
[2020.04.26-10.18.15:972][  0]LogMaterial: Verifying Global Shaders for PCD3D_SM5
[2020.04.26-10.18.15:974][  0]LogSlate: Using FreeType 2.6.0
[2020.04.26-10.18.15:978][  0]LogSlate: SlateFontServices - WITH_FREETYPE: 1, WITH_HARFBUZZ: 1
[2020.04.26-10.18.16:143][  0]LogAssetRegistry: FAssetRegistry took 0.0023 seconds to start up
[2020.04.26-10.18.16:371][  0]LogInit: Selected Device Profile: [Windows]
[2020.04.26-10.18.16:697][  0]LogMeshReduction: Using QuadricMeshReduction for automatic static mesh reduction
[2020.04.26-10.18.16:697][  0]LogMeshReduction: Using SimplygonMeshReduction for automatic skeletal mesh reduction
[2020.04.26-10.18.16:697][  0]LogMeshReduction: Using ProxyLODMeshReduction for automatic mesh merging
[2020.04.26-10.18.16:697][  0]LogMeshReduction: No distributed automatic mesh merging module available
[2020.04.26-10.18.16:697][  0]LogMeshMerging: No distributed automatic mesh merging module available
[2020.04.26-10.18.16:724][  0]LogNetVersion: SMU_2ST 1.0.0, NetCL: 8386587, EngineNetVer: 11, GameNetVer: 0 (Checksum: 139875205)
[2020.04.26-10.18.17:574][  0]LogPackageLocalizationCache: Processed 12 localized package path(s) for 2 prioritized culture(s) in 0.081673 seconds
[2020.04.26-10.18.17:580][  0]LogUObjectArray: 43444 objects as part of root set at end of initial load.
[2020.04.26-10.18.17:580][  0]LogUObjectAllocator: 7548648 out of 0 bytes used by permanent object pool.
[2020.04.26-10.18.17:580][  0]LogUObjectArray: CloseDisregardForGC: 0/0 objects in disregard for GC pool
[2020.04.26-10.18.20:380][  0]LogTcpMessaging: Initializing TcpMessaging bridge
[2020.04.26-10.18.20:396][  0]LogUdpMessaging: Initializing bridge on interface 0.0.0.0:0 to multicast group 230.0.0.1:6666.
[2020.04.26-10.18.20:680][  0]SourceControl: 源码管理已禁用
[2020.04.26-10.18.22:073][  0]LogAndroidPermission: UAndroidPermissionCallbackProxy::GetInstance
[2020.04.26-10.18.22:658][  0]LogOcInput: OculusInput pre-init called
[2020.04.26-10.18.22:692][  0]LogWindows: Failed to load 'OVRPlugin.dll' (GetLastError=126)
[2020.04.26-10.18.22:692][  0]LogWindows: File 'OVRPlugin.dll' does not exist
[2020.04.26-10.18.22:849][  0]LogEngine: Initializing Engine...
[2020.04.26-10.18.22:850][  0]LogHMD: Failed to initialize OpenVR with code 110
[2020.04.26-10.18.22:851][  0]LogStats: UGameplayTagsManager::InitializeManager -  0.000 s
[2020.04.26-10.18.23:180][  0]LogInit: Initializing FReadOnlyCVARCache
[2020.04.26-10.18.23:205][  0]LogAIModule: Creating AISystem for world Untitled
[2020.04.26-10.18.23:225][  0]LogInit: XAudio2 using 'ULTRON 2457C (NVIDIA High Definition Audio)' : 2 channels at 48 kHz using 16 bits per sample (channel mask 0x3)
[2020.04.26-10.18.23:244][  0]LogInit: FAudioDevice initialized.
[2020.04.26-10.18.23:244][  0]LogNetVersion: Set ProjectVersion to 1.0.0.0. Version Checksum will be recalculated on next use.
[2020.04.26-10.18.23:376][  0]LogDerivedDataCache: Saved boot cache 0.13s 73MB C:/Users/skwzl/AppData/Local/UnrealEngine/4.23/DerivedDataCache/Boot.ddc.
[2020.04.26-10.18.23:379][  0]LogInit: Texture streaming: Enabled
[2020.04.26-10.18.23:444][  0]LogEngineSessionManager: EngineSessionManager initialized
[2020.04.26-10.18.23:444][  0]LogEditorSessionSummary: Verbose: Initializing EditorSessionSummaryWriter for editor session tracking
[2020.04.26-10.18.23:446][  0]LogEditorSessionSummary: EditorSessionSummaryWriter initialized
[2020.04.26-10.18.23:539][  0]LogInit: Transaction tracking system initialized
[2020.04.26-10.18.23:637][  0]BlueprintLog: New page: 编辑器加载
[2020.04.26-10.18.23:905][  0]LocalizationService: 本地化服务已禁用
[2020.04.26-10.18.24:515][  0]LogCook: Display: Max memory allowance for cook 16384mb min free memory 0mb
[2020.04.26-10.18.24:515][  0]LogCook: Display: Mobile HDR setting 1
[2020.04.26-10.18.24:770][  0]LogFileCache: Scanning file cache for directory 'E:/UE4/NewGame/Content/' took 0.01s
[2020.04.26-10.18.25:226][  0]Cmd: MAP LOAD FILE="../../../Engine/Content/Maps/Templates/Template_Default.umap" TEMPLATE=1 SHOWPROGRESS=1 FEATURELEVEL=3
[2020.04.26-10.18.25:230][  0]LightingResults: New page: 光照构建
[2020.04.26-10.18.25:232][  0]LogWorld: UWorld::CleanupWorld for Untitled, bSessionEnded=true, bCleanupResources=true
[2020.04.26-10.18.25:232][  0]MapCheck: New page: 地图检测
[2020.04.26-10.18.25:232][  0]LightingResults: New page: 光照构建
[2020.04.26-10.18.25:253][  0]LogUObjectHash: Compacting FUObjectHashTables data took   1.57ms
[2020.04.26-10.18.25:362][  0]LogAIModule: Creating AISystem for world Untitled_1
[2020.04.26-10.18.25:370][  0]LogEditorServer: Finished looking for orphan Actors (0.000 secs)
[2020.04.26-10.18.25:391][  0]LogUObjectHash: Compacting FUObjectHashTables data took   1.57ms
[2020.04.26-10.18.25:391][  0]Cmd: MAP CHECKDEP NOCLEARLOG
[2020.04.26-10.18.25:391][  0]MapCheck: 地图检测完成：0个错误、0个警告、完成用时0.214毫秒。
[2020.04.26-10.18.25:392][  0]LogFileHelpers: Loading map 'Template_Default' took 0.165
[2020.04.26-10.18.25:503][  0]LogSlate: Updating window title bar state: overlay mode, drag disabled, window buttons hidden, title bar hidden
[2020.04.26-10.18.25:510][  0]LogSlate: Updating window title bar state: overlay mode, drag disabled, window buttons hidden, title bar hidden
[2020.04.26-10.18.25:516][  0]LogSlate: Updating window title bar state: overlay mode, drag disabled, window buttons hidden, title bar hidden
[2020.04.26-10.18.25:523][  0]LogSlate: Updating window title bar state: overlay mode, drag disabled, window buttons hidden, title bar hidden
[2020.04.26-10.18.25:545][  0]LogCollectionManager: Loaded 0 collections in 0.000890 seconds
[2020.04.26-10.18.25:550][  0]LogFileCache: Scanning file cache for directory 'E:/UE4/NewGame/Saved/Collections/' took 0.00s
[2020.04.26-10.18.25:550][  0]LogFileCache: Scanning file cache for directory 'E:/UE4/NewGame/Content/Developers/skwzl/Collections/' took 0.00s
[2020.04.26-10.18.25:550][  0]LogFileCache: Scanning file cache for directory 'E:/UE4/NewGame/Content/Collections/' took 0.00s
[2020.04.26-10.18.25:550][  0]LogCollectionManager: Rebuilt the GUID cache for 0 collections in 0.000002 seconds
[2020.04.26-10.18.25:557][  0]LogContentBrowser: Native class hierarchy populated in 0.0068 seconds. Added 2863 classes and 680 folders.
[2020.04.26-10.18.25:562][  0]LogContentBrowser: Native class hierarchy updated for 'WidgetCarousel' in 0.0002 seconds. Added 0 classes and 0 folders.
[2020.04.26-10.18.25:803][  0]LogContentBrowser: Native class hierarchy updated for 'AddContentDialog' in 0.0002 seconds. Added 0 classes and 0 folders.
[2020.04.26-10.18.25:821][  0]LogContentBrowser: Native class hierarchy updated for 'SceneOutliner' in 0.0002 seconds. Added 1 classes and 2 folders.
[2020.04.26-10.18.25:885][  0]LogSlate: Took 0.004646 seconds to synchronously load lazily loaded font '../../../Engine/Content/Slate/Fonts/Roboto-Regular.ttf' (155K)
[2020.04.26-10.18.25:890][  0]LogSlate: Took 0.004798 seconds to synchronously load lazily loaded font '../../../Engine/Content/Slate/Fonts/DroidSansFallback.ttf' (3848K)
[2020.04.26-10.18.25:894][  0]LogSlate: Took 0.003966 seconds to synchronously load lazily loaded font '../../../Engine/Content/Slate/Fonts/Roboto-Bold.ttf' (160K)
[2020.04.26-10.18.25:901][  0]LogSlate: Took 0.004417 seconds to synchronously load lazily loaded font '../../../Engine/Content/Editor/Slate/Fonts/FontAwesome.ttf' (139K)
[2020.04.26-10.18.26:005][  0]LogRenderer: Reallocating scene render targets to support 1208x684 Format 10 NumSamples 1 (Frame:1).
[2020.04.26-10.18.26:157][  0]LogContentBrowser: Native class hierarchy updated for 'HierarchicalLODOutliner' in 0.0002 seconds. Added 0 classes and 0 folders.
[2020.04.26-10.18.26:157][  0]LogLoad: (Engine Initialization) Total time: 18.70 seconds
[2020.04.26-10.18.26:157][  0]LogLoad: (Engine Initialization) Total Blueprint compile time: 0.00 seconds
[2020.04.26-10.18.26:219][  0]LogContentStreaming: Texture pool size now 1000 MB
[2020.04.26-10.18.26:259][  1]LogFileCache: Retrieving MD5 hashes for directory 'E:/UE4/NewGame/Content/' took 0.09s
[2020.04.26-10.18.26:993][ 14]LogAssetRegistry: Asset discovery search completed in 10.8511 seconds
[2020.04.26-10.18.26:996][ 14]LogCollectionManager: Rebuilt the object cache for 0 collections in 0.000004 seconds (found 0 objects)
[2020.04.26-10.18.26:996][ 14]LogCollectionManager: Fixed up redirectors for 0 collections in 0.000054 seconds (updated 0 objects)
[2020.04.26-10.18.30:258][ 55]LogSlate: Took 0.003686 seconds to synchronously load lazily loaded font '../../../Engine/Content/Slate/Fonts/Roboto-Light.ttf' (167K)
[2020.04.26-10.18.36:681][825]LogSlate: FSceneViewport::OnFocusLost() reason 0
[2020.04.26-10.18.56:705][210]LogProperty: Error: UStructProperty::Serialize Loading: Property 'StructProperty /Game/items/BP_item/itemBP.itemBP_C:iteminfo'. Unknown structure.
[2020.04.26-10.18.56:705][210]LogClass: Warning: Property iteminfo of iteminfo has a struct type mismatch (tag STRUCT_REINST_S_iteminfo_1 != prop FallbackStruct) in package:  ../../../../NewGame/Content/items/BP_item/itemBP.uasset. If that struct got renamed, add an entry to ActiveStructRedirects.
[2020.04.26-10.18.56:727][210]LogProperty: Error: UStructProperty::Serialize Loading: Property 'StructProperty /Game/items/BP_item/BP_inventory.BP_inventory_C:GetitemInfoAtlndex.itemInfo'. Unknown structure.
[2020.04.26-10.18.56:733][210]LogProperty: Error: UStructProperty::Serialize Loading: Property 'StructProperty /Game/UI/InventorySlot.InventorySlot_C:ExecuteUbergraph_InventorySlot.CallFunc_GetitemInfoAtlndex_itemInfo'. Unknown structure.
[2020.04.26-10.18.56:733][210]LogProperty: Error: UStructProperty::Serialize Loading: Property 'StructProperty /Game/UI/InventorySlot.InventorySlot_C:ItemInfo'. Unknown structure.
[2020.04.26-10.18.56:739][210]LogClass: Warning: Property ItemInfo of ItemInfo has a struct type mismatch (tag STRUCT_REINST_S_iteminfo_1 != prop FallbackStruct) in package:  ../../../../NewGame/Content/UI/InventorySlot.uasset. If that struct got renamed, add an entry to ActiveStructRedirects.
[2020.04.26-10.18.57:030][210]LogClass: Warning: Property iteminfo of iteminfo has a struct type mismatch (tag FallbackStruct != prop S_iteminfo) in package:  FObjectReader. If that struct got renamed, add an entry to ActiveStructRedirects.
[2020.04.26-10.18.57:032][210]LogClass: Warning: Property ItemInfo of ItemInfo has a struct type mismatch (tag FallbackStruct != prop S_iteminfo) in package:  FObjectReader. If that struct got renamed, add an entry to ActiveStructRedirects.
[2020.04.26-10.18.57:275][210]LogSlate: Took 0.000166 seconds to synchronously load lazily loaded font '../../../Engine/Content/Slate/Fonts/Roboto-Light.ttf' (167K)
[2020.04.26-10.18.57:283][210]LogAssetEditorManager: Opening Asset editor for Blueprint /Game/Maps/GameMode-play.GameMode-play
[2020.04.26-10.18.57:522][210]LogContentBrowser: Native class hierarchy updated for 'BlueprintGraph' in 0.0005 seconds. Added 121 classes and 0 folders.
[2020.04.26-10.18.58:276][210]LogSlate: Took 0.003898 seconds to synchronously load lazily loaded font '../../../Engine/Content/Slate/Fonts/Roboto-BoldCondensed.ttf' (158K)
[2020.04.26-10.18.58:339][211]LogSlate: Took 0.003845 seconds to synchronously load lazily loaded font '../../../Engine/Content/Slate/Fonts/Roboto-Italic.ttf' (157K)
[2020.04.26-10.19.26:209][391]LogEditorSessionSummary: EditorSessionSummary sent report. Type=Shutdown, SessionId={8D295A71-476C-58D7-F8EF-BFB2076AE13A}
[2020.04.26-10.19.49:775][691]Cmd: OBJ SAVEPACKAGE PACKAGE="/Game/Maps/GameMode-play" FILE="../../../../NewGame/Content/Maps/GameMode-play.uasset" SILENT=true
[2020.04.26-10.19.49:795][691]LogSavePackage: Moving '../../../../NewGame/Saved/GameMode-play29D735D84117E4FEFB691696CFBF659C.tmp' to '../../../../NewGame/Content/Maps/GameMode-play.uasset'
[2020.04.26-10.19.59:195][958]BlueprintLog: New page: 编译GameMode-play
[2020.04.26-10.19.59:357][958]LogUObjectHash: Compacting FUObjectHashTables data took   3.61ms
[2020.04.26-10.20.45:016][636]LogAssetEditorManager: Opening Asset editor for Blueprint /Game/Character/F-character.F-character
[2020.04.26-10.20.54:177][692]BlueprintLog: New page: 编译GameMode-play
[2020.04.26-10.20.54:326][692]LogUObjectHash: Compacting FUObjectHashTables data took   3.00ms
[2020.04.26-10.20.54:719][728]Cmd: OBJ SAVEPACKAGE PACKAGE="/Game/Maps/GameMode-play" FILE="../../../../NewGame/Content/Maps/GameMode-play.uasset" SILENT=true
[2020.04.26-10.20.54:735][728]LogSavePackage: Moving '../../../../NewGame/Saved/GameMode-playCD251EB242790BEE727E0EBF2D655E8E.tmp' to '../../../../NewGame/Content/Maps/GameMode-play.uasset'
[2020.04.26-10.20.56:056][881]LogAssetEditorManager: Opening Asset editor for Blueprint /Game/Character/F-character_Child01.F-character_Child01
[2020.04.26-10.20.57:653][ 32]LogWorld: UWorld::CleanupWorld for World_5, bSessionEnded=true, bCleanupResources=true
[2020.04.26-10.20.57:702][ 32]LogAssetEditorManager: Opening Asset editor for Blueprint /Game/Character/F-character_Child01.F-character_Child01
[2020.04.26-10.21.01:876][495]LogWorld: UWorld::CleanupWorld for World_9, bSessionEnded=true, bCleanupResources=true
[2020.04.26-10.21.17:504][338]LogActorComponent: UnregisterComponent: (/Engine/Transient.EditorFloorComp) Not registered. Aborting.
[2020.04.26-10.21.17:504][338]LogWorld: UWorld::CleanupWorld for World_4, bSessionEnded=true, bCleanupResources=true
[2020.04.26-10.21.38:175][772]LogLinker: 未能加载“{FileName}”：无法找到文件。
[2020.04.26-10.21.38:176][772]LogLinker: 未能加载“{FileName}”：无法找到文件。
[2020.04.26-10.23.19:903][699]BlueprintLog: New page: 编译GameMode-play
[2020.04.26-10.23.20:055][699]LogUObjectHash: Compacting FUObjectHashTables data took   2.94ms
[2020.04.26-10.23.20:419][731]Cmd: OBJ SAVEPACKAGE PACKAGE="/Game/Maps/GameMode-play" FILE="../../../../NewGame/Content/Maps/GameMode-play.uasset" SILENT=true
[2020.04.26-10.23.20:437][731]LogSavePackage: Moving '../../../../NewGame/Saved/GameMode-playE6603AF64823ADFD992A1297947CECEF.tmp' to '../../../../NewGame/Content/Maps/GameMode-play.uasset'
[2020.04.26-10.24.35:853][202]BlueprintLog: New page: 编译GameMode-play
[2020.04.26-10.24.35:859][202]LogBlueprint: Error: [Compiler GameMode-play] Object 的类型尚未确定。将一些内容连接到 类型转换为 F-character ，指出一种特定类型。
[2020.04.26-10.24.35:859][202]LogBlueprint: Error: [Compiler GameMode-play] Object 的类型尚未确定。将一些内容连接到 类型转换为 F-character_Child01 ，指出一种特定类型。
[2020.04.26-10.24.35:859][202]LogBlueprint: Error: [Compiler GameMode-play] “ Object ”引脚当前的值无效：Unsupported type Object 通配符 on pin Object
[2020.04.26-10.24.35:859][202]LogBlueprint: Error: [Compiler GameMode-play] “ Object ”引脚当前的值无效：Unsupported type Object 通配符 on pin Object
[2020.04.26-10.24.36:011][202]LogUObjectHash: Compacting FUObjectHashTables data took   2.98ms
[2020.04.26-10.24.36:350][230]Cmd: OBJ SAVEPACKAGE PACKAGE="/Game/Maps/GameMode-play" FILE="../../../../NewGame/Content/Maps/GameMode-play.uasset" SILENT=true
[2020.04.26-10.24.36:369][230]LogSavePackage: Moving '../../../../NewGame/Saved/GameMode-play1130471E4765E7BE87EB698D39033410.tmp' to '../../../../NewGame/Content/Maps/GameMode-play.uasset'
[2020.04.26-10.24.49:786][521]BlueprintLog: New page: 编译GameMode-play
[2020.04.26-10.24.49:937][521]LogUObjectHash: Compacting FUObjectHashTables data took   3.08ms
[2020.04.26-10.24.50:281][550]Cmd: OBJ SAVEPACKAGE PACKAGE="/Game/Maps/GameMode-play" FILE="../../../../NewGame/Content/Maps/GameMode-play.uasset" SILENT=true
[2020.04.26-10.24.50:307][550]LogSavePackage: Moving '../../../../NewGame/Saved/GameMode-playA62037EC491F5E743D552CA992D8E21D.tmp' to '../../../../NewGame/Content/Maps/GameMode-play.uasset'
[2020.04.26-10.24.54:404][ 40]BlueprintLog: New page: 编译GameMode-play
[2020.04.26-10.24.54:556][ 40]LogUObjectHash: Compacting FUObjectHashTables data took   2.99ms
[2020.04.26-10.24.54:898][ 69]Cmd: OBJ SAVEPACKAGE PACKAGE="/Game/Maps/GameMode-play" FILE="../../../../NewGame/Content/Maps/GameMode-play.uasset" SILENT=true
[2020.04.26-10.24.54:919][ 69]LogSavePackage: Moving '../../../../NewGame/Saved/GameMode-play6DFB6E5649533CEA171320A86B397ADE.tmp' to '../../../../NewGame/Content/Maps/GameMode-play.uasset'
[2020.04.26-10.25.11:158][ 14]BlueprintLog: New page: 编译GameMode-play
[2020.04.26-10.25.11:309][ 14]LogUObjectHash: Compacting FUObjectHashTables data took   2.79ms
[2020.04.26-10.25.11:732][ 53]Cmd: OBJ SAVEPACKAGE PACKAGE="/Game/Maps/GameMode-play" FILE="../../../../NewGame/Content/Maps/GameMode-play.uasset" SILENT=true
[2020.04.26-10.25.11:752][ 53]LogSavePackage: Moving '../../../../NewGame/Saved/GameMode-play42379E3C4BB984081390B28808DBCCF1.tmp' to '../../../../NewGame/Content/Maps/GameMode-play.uasset'
[2020.04.26-10.25.32:145][144]LogLinker: 未能加载“{FileName}”：无法找到文件。
[2020.04.26-10.25.32:145][144]LogLinker: 未能加载“{FileName}”：无法找到文件。
[2020.04.26-10.25.42:889][429]LogSlate: Prevented a slow task dialog from being summoned while a context menu was open
[2020.04.26-10.25.57:039][117]BlueprintLog: New page: 编译GameMode-play
[2020.04.26-10.25.57:044][117]LogBlueprint: Error: [Compiler GameMode-play] “ Spawn Transform ”引脚当前的值无效：操作“Begin Deferred Actor Spawn from Class”中的“Spawn Transform”必须连接一个输入（“by ref”参数需要一个有效的输入以进行操作）。
[2020.04.26-10.25.57:044][117]LogBlueprint: Error: [Compiler GameMode-play] “ Spawn Transform ”引脚当前的值无效：操作“Finish Spawning Actor”中的“Spawn Transform”必须连接一个输入（“by ref”参数需要一个有效的输入以进行操作）。
[2020.04.26-10.25.57:044][117]LogBlueprint: Error: [Compiler GameMode-play] “ Spawn Transform ”引脚当前的值无效：操作“Begin Deferred Actor Spawn from Class”中的“Spawn Transform”必须连接一个输入（“by ref”参数需要一个有效的输入以进行操作）。
[2020.04.26-10.25.57:044][117]LogBlueprint: Error: [Compiler GameMode-play] “ Spawn Transform ”引脚当前的值无效：操作“Finish Spawning Actor”中的“Spawn Transform”必须连接一个输入（“by ref”参数需要一个有效的输入以进行操作）。
[2020.04.26-10.25.57:191][117]LogUObjectHash: Compacting FUObjectHashTables data took   2.80ms
[2020.04.26-10.25.57:614][155]Cmd: OBJ SAVEPACKAGE PACKAGE="/Game/Maps/GameMode-play" FILE="../../../../NewGame/Content/Maps/GameMode-play.uasset" SILENT=true
[2020.04.26-10.25.57:634][155]LogSavePackage: Moving '../../../../NewGame/Saved/GameMode-playDB86C9934D4EF8A47211268881BB3E61.tmp' to '../../../../NewGame/Content/Maps/GameMode-play.uasset'
[2020.04.26-10.26.41:661][487]BlueprintLog: New page: 编译GameMode-play
[2020.04.26-10.26.41:666][487]LogBlueprint: Error: [Compiler GameMode-play] “ Spawn Transform ”引脚当前的值无效：操作“Begin Deferred Actor Spawn from Class”中的“Spawn Transform”必须连接一个输入（“by ref”参数需要一个有效的输入以进行操作）。
[2020.04.26-10.26.41:666][487]LogBlueprint: Error: [Compiler GameMode-play] “ Spawn Transform ”引脚当前的值无效：操作“Finish Spawning Actor”中的“Spawn Transform”必须连接一个输入（“by ref”参数需要一个有效的输入以进行操作）。
[2020.04.26-10.26.41:666][487]LogBlueprint: Error: [Compiler GameMode-play] “ Spawn Transform ”引脚当前的值无效：操作“Begin Deferred Actor Spawn from Class”中的“Spawn Transform”必须连接一个输入（“by ref”参数需要一个有效的输入以进行操作）。
[2020.04.26-10.26.41:666][487]LogBlueprint: Error: [Compiler GameMode-play] “ Spawn Transform ”引脚当前的值无效：操作“Finish Spawning Actor”中的“Spawn Transform”必须连接一个输入（“by ref”参数需要一个有效的输入以进行操作）。
[2020.04.26-10.26.41:812][487]LogUObjectHash: Compacting FUObjectHashTables data took   2.86ms
[2020.04.26-10.26.42:196][520]Cmd: OBJ SAVEPACKAGE PACKAGE="/Game/Maps/GameMode-play" FILE="../../../../NewGame/Content/Maps/GameMode-play.uasset" SILENT=true
[2020.04.26-10.26.42:218][520]LogSavePackage: Moving '../../../../NewGame/Saved/GameMode-play63250701450EAB2E565B27B82FE0A286.tmp' to '../../../../NewGame/Content/Maps/GameMode-play.uasset'
[2020.04.26-10.26.56:954][268]LogSlate: Prevented a slow task dialog from being summoned while a context menu was open
[2020.04.26-10.27.27:292][882]BlueprintLog: New page: 编译GameMode-play
[2020.04.26-10.27.27:297][882]LogBlueprint: Error: [Compiler GameMode-play] “ Spawn Transform ”引脚当前的值无效：操作“Begin Deferred Actor Spawn from Class”中的“Spawn Transform”必须连接一个输入（“by ref”参数需要一个有效的输入以进行操作）。
[2020.04.26-10.27.27:297][882]LogBlueprint: Error: [Compiler GameMode-play] “ Spawn Transform ”引脚当前的值无效：操作“Finish Spawning Actor”中的“Spawn Transform”必须连接一个输入（“by ref”参数需要一个有效的输入以进行操作）。
[2020.04.26-10.27.27:298][882]LogBlueprint: Error: [Compiler GameMode-play] “ Spawn Transform ”引脚当前的值无效：操作“Begin Deferred Actor Spawn from Class”中的“Spawn Transform”必须连接一个输入（“by ref”参数需要一个有效的输入以进行操作）。
[2020.04.26-10.27.27:298][882]LogBlueprint: Error: [Compiler GameMode-play] “ Spawn Transform ”引脚当前的值无效：操作“Finish Spawning Actor”中的“Spawn Transform”必须连接一个输入（“by ref”参数需要一个有效的输入以进行操作）。
[2020.04.26-10.27.27:446][882]LogUObjectHash: Compacting FUObjectHashTables data took   2.94ms
[2020.04.26-10.27.27:771][908]Cmd: OBJ SAVEPACKAGE PACKAGE="/Game/Maps/GameMode-play" FILE="../../../../NewGame/Content/Maps/GameMode-play.uasset" SILENT=true
[2020.04.26-10.27.27:792][908]LogSavePackage: Moving '../../../../NewGame/Saved/GameMode-play70DEBB30468F521B3007EAA571AC411A.tmp' to '../../../../NewGame/Content/Maps/GameMode-play.uasset'
[2020.04.26-10.27.29:146][ 68]LogAssetEditorManager: Opening Asset editor for Blueprint /Game/Maps/Map-GongNeng/FuHuo.FuHuo
[2020.04.26-10.27.30:988][244]LogSlate: Window 'FuHuo' being destroyed
[2020.04.26-10.27.37:511][ 22]LogScript: Warning: “无访问”正在尝试读取属性 Character
	FuHuo_C /Engine/Transient.World_12:PersistentLevel.FuHuo_C_0
	Function /Game/Maps/Map-GongNeng/FuHuo.FuHuo_C:ExecuteUbergraph_FuHuo:0567
[2020.04.26-10.27.37:511][ 22]LogScript: Warning: “无访问”正在尝试读取属性 FuhuoUI
	FuHuo_C /Engine/Transient.World_12:PersistentLevel.FuHuo_C_0
	Function /Game/Maps/Map-GongNeng/FuHuo.FuHuo_C:ExecuteUbergraph_FuHuo:03C4
[2020.04.26-10.27.37:521][ 23]LogRenderer: Reallocating scene render targets to support 1208x716 Format 10 NumSamples 1 (Frame:1).
[2020.04.26-10.27.41:357][478]LogWorld: UWorld::CleanupWorld for World_12, bSessionEnded=true, bCleanupResources=true
[2020.04.26-10.28.23:619][439]BlueprintLog: New page: 编译GameMode-play
[2020.04.26-10.28.23:624][439]LogBlueprint: Error: [Compiler GameMode-play] “ Spawn Transform ”引脚当前的值无效：操作“Begin Deferred Actor Spawn from Class”中的“Spawn Transform”必须连接一个输入（“by ref”参数需要一个有效的输入以进行操作）。
[2020.04.26-10.28.23:624][439]LogBlueprint: Error: [Compiler GameMode-play] “ Spawn Transform ”引脚当前的值无效：操作“Finish Spawning Actor”中的“Spawn Transform”必须连接一个输入（“by ref”参数需要一个有效的输入以进行操作）。
[2020.04.26-10.28.23:777][439]LogUObjectHash: Compacting FUObjectHashTables data took   3.06ms
[2020.04.26-10.28.24:179][474]Cmd: OBJ SAVEPACKAGE PACKAGE="/Game/Maps/GameMode-play" FILE="../../../../NewGame/Content/Maps/GameMode-play.uasset" SILENT=true
[2020.04.26-10.28.24:202][474]LogSavePackage: Moving '../../../../NewGame/Saved/GameMode-play0B7457DE49B8B887BABF36A0B0B2501D.tmp' to '../../../../NewGame/Content/Maps/GameMode-play.uasset'
[2020.04.26-10.29.29:403][239]BlueprintLog: New page: 编译GameMode-play
[2020.04.26-10.29.29:409][239]LogBlueprint: Error: [Compiler GameMode-play] “ Spawn Transform ”引脚当前的值无效：操作“Begin Deferred Actor Spawn from Class”中的“Spawn Transform”必须连接一个输入（“by ref”参数需要一个有效的输入以进行操作）。
[2020.04.26-10.29.29:409][239]LogBlueprint: Error: [Compiler GameMode-play] “ Spawn Transform ”引脚当前的值无效：操作“Finish Spawning Actor”中的“Spawn Transform”必须连接一个输入（“by ref”参数需要一个有效的输入以进行操作）。
[2020.04.26-10.29.29:409][239]LogBlueprint: Error: [Compiler GameMode-play] “ Spawn Transform ”引脚当前的值无效：操作“Begin Deferred Actor Spawn from Class”中的“Spawn Transform”必须连接一个输入（“by ref”参数需要一个有效的输入以进行操作）。
[2020.04.26-10.29.29:409][239]LogBlueprint: Error: [Compiler GameMode-play] “ Spawn Transform ”引脚当前的值无效：操作“Finish Spawning Actor”中的“Spawn Transform”必须连接一个输入（“by ref”参数需要一个有效的输入以进行操作）。
[2020.04.26-10.29.29:562][239]LogUObjectHash: Compacting FUObjectHashTables data took   3.00ms
[2020.04.26-10.29.30:034][282]Cmd: OBJ SAVEPACKAGE PACKAGE="/Game/Maps/GameMode-play" FILE="../../../../NewGame/Content/Maps/GameMode-play.uasset" SILENT=true
[2020.04.26-10.29.30:058][282]LogSavePackage: Moving '../../../../NewGame/Saved/GameMode-playD157B8D649C6DB2CDFF2AE9BFB815F14.tmp' to '../../../../NewGame/Content/Maps/GameMode-play.uasset'
[2020.04.26-10.30.31:882][697]BlueprintLog: New page: 编译GameMode-play
[2020.04.26-10.30.31:888][697]LogBlueprint: Error: [Compiler GameMode-play] “ Spawn Transform ”引脚当前的值无效：操作“Begin Deferred Actor Spawn from Class”中的“Spawn Transform”必须连接一个输入（“by ref”参数需要一个有效的输入以进行操作）。
[2020.04.26-10.30.31:888][697]LogBlueprint: Error: [Compiler GameMode-play] “ Spawn Transform ”引脚当前的值无效：操作“Finish Spawning Actor”中的“Spawn Transform”必须连接一个输入（“by ref”参数需要一个有效的输入以进行操作）。
[2020.04.26-10.30.31:888][697]LogBlueprint: Error: [Compiler GameMode-play] “ Spawn Transform ”引脚当前的值无效：操作“Begin Deferred Actor Spawn from Class”中的“Spawn Transform”必须连接一个输入（“by ref”参数需要一个有效的输入以进行操作）。
[2020.04.26-10.30.31:888][697]LogBlueprint: Error: [Compiler GameMode-play] “ Spawn Transform ”引脚当前的值无效：操作“Finish Spawning Actor”中的“Spawn Transform”必须连接一个输入（“by ref”参数需要一个有效的输入以进行操作）。
[2020.04.26-10.30.32:038][697]LogUObjectHash: Compacting FUObjectHashTables data took   2.97ms
[2020.04.26-10.30.32:373][724]Cmd: OBJ SAVEPACKAGE PACKAGE="/Game/Maps/GameMode-play" FILE="../../../../NewGame/Content/Maps/GameMode-play.uasset" SILENT=true
[2020.04.26-10.30.32:403][724]LogSavePackage: Moving '../../../../NewGame/Saved/GameMode-playC7AE8BDB48F5AC7FE3369CA6FCC0CCDE.tmp' to '../../../../NewGame/Content/Maps/GameMode-play.uasset'
[2020.04.26-10.30.55:918][542]BlueprintLog: New page: 编译GameMode-play
[2020.04.26-10.30.55:924][542]LogBlueprint: Error: [Compiler GameMode-play] “ Spawn Transform ”引脚当前的值无效：操作“Begin Deferred Actor Spawn from Class”中的“Spawn Transform”必须连接一个输入（“by ref”参数需要一个有效的输入以进行操作）。
[2020.04.26-10.30.55:924][542]LogBlueprint: Error: [Compiler GameMode-play] “ Spawn Transform ”引脚当前的值无效：操作“Finish Spawning Actor”中的“Spawn Transform”必须连接一个输入（“by ref”参数需要一个有效的输入以进行操作）。
[2020.04.26-10.30.56:074][542]LogUObjectHash: Compacting FUObjectHashTables data took   2.90ms
[2020.04.26-10.30.57:112][653]Cmd: OBJ SAVEPACKAGE PACKAGE="/Game/Maps/GameMode-play" FILE="../../../../NewGame/Content/Maps/GameMode-play.uasset" SILENT=true
[2020.04.26-10.30.57:135][653]LogSavePackage: Moving '../../../../NewGame/Saved/GameMode-play91A1DCA54A38AC83002BA4959EC2D314.tmp' to '../../../../NewGame/Content/Maps/GameMode-play.uasset'
[2020.04.26-10.31.11:375][350]BlueprintLog: New page: 编译GameMode-play
[2020.04.26-10.31.11:534][350]LogUObjectHash: Compacting FUObjectHashTables data took   3.06ms
[2020.04.26-10.31.11:946][386]Cmd: OBJ SAVEPACKAGE PACKAGE="/Game/Maps/GameMode-play" FILE="../../../../NewGame/Content/Maps/GameMode-play.uasset" SILENT=true
[2020.04.26-10.31.11:971][386]LogSavePackage: Moving '../../../../NewGame/Saved/GameMode-playE083B6B94ECD4D13AEE49B9EC3FD6BB6.tmp' to '../../../../NewGame/Content/Maps/GameMode-play.uasset'
[2020.04.26-10.31.21:510][529]BlueprintLog: New page: 编译GameMode-play
[2020.04.26-10.31.21:668][529]LogUObjectHash: Compacting FUObjectHashTables data took   2.97ms
[2020.04.26-10.31.22:029][559]Cmd: OBJ SAVEPACKAGE PACKAGE="/Game/Maps/GameMode-play" FILE="../../../../NewGame/Content/Maps/GameMode-play.uasset" SILENT=true
[2020.04.26-10.31.22:055][559]LogSavePackage: Moving '../../../../NewGame/Saved/GameMode-play82F2AC2C4836343906755A862C39F2E6.tmp' to '../../../../NewGame/Content/Maps/GameMode-play.uasset'
[2020.04.26-10.34.02:248][414]LogAssetEditorManager: Opening Asset editor for Blueprint /Game/Maps/Map-GongNeng/FuHuo.FuHuo
[2020.04.26-10.34.04:288][619]LogScript: Warning: “无访问”正在尝试读取属性 Character
	FuHuo_C /Engine/Transient.World_13:PersistentLevel.FuHuo_C_0
	Function /Game/Maps/Map-GongNeng/FuHuo.FuHuo_C:ExecuteUbergraph_FuHuo:0567
[2020.04.26-10.34.04:288][619]LogScript: Warning: “无访问”正在尝试读取属性 FuhuoUI
	FuHuo_C /Engine/Transient.World_13:PersistentLevel.FuHuo_C_0
	Function /Game/Maps/Map-GongNeng/FuHuo.FuHuo_C:ExecuteUbergraph_FuHuo:03C4
[2020.04.26-10.34.29:968][676]LogEditorTransaction: Undo 修改组件
[2020.04.26-10.34.31:178][820]LogEditorTransaction: Undo 粘帖组件
[2020.04.26-10.34.31:436][850]LogEditorTransaction: Undo 重命名组件变量
[2020.04.26-10.34.32:191][938]LogSlate: FSceneViewport::OnFocusLost() reason 0
[2020.04.26-10.34.34:065][161]BlueprintLog: New page: 编译FuHuo
[2020.04.26-10.34.34:249][161]LogUObjectHash: Compacting FUObjectHashTables data took   3.73ms
[2020.04.26-10.34.34:623][188]Cmd: OBJ SAVEPACKAGE PACKAGE="/Game/Maps/Map-GongNeng/FuHuo" FILE="../../../../NewGame/Content/Maps/Map-GongNeng/FuHuo.uasset" SILENT=true
[2020.04.26-10.34.34:668][188]LogSavePackage: Moving '../../../../NewGame/Saved/FuHuo16002ED640D3295A48D968A4F556A9AD.tmp' to '../../../../NewGame/Content/Maps/Map-GongNeng/FuHuo.uasset'
[2020.04.26-10.34.35:639][302]BlueprintLog: New page: 编译GameMode-play
[2020.04.26-10.34.35:801][302]LogUObjectHash: Compacting FUObjectHashTables data took   3.28ms
[2020.04.26-10.34.36:235][340]Cmd: OBJ SAVEPACKAGE PACKAGE="/Game/Maps/GameMode-play" FILE="../../../../NewGame/Content/Maps/GameMode-play.uasset" SILENT=true
[2020.04.26-10.34.36:261][340]LogSavePackage: Moving '../../../../NewGame/Saved/GameMode-play11D6929C43C9BE52AE36CF8BD14B6ED0.tmp' to '../../../../NewGame/Content/Maps/GameMode-play.uasset'
[2020.04.26-10.34.52:056][212]LogUObjectHash: Warning: Ambiguous search, could be SphereComponent /Engine/Transient.Respawn01_GEN_VARIABLE or SphereComponent /Engine/Transient.Respawn01_GEN_VARIABLE
[2020.04.26-10.35.00:136][174]LogOutputDevice: Warning: 

Script Stack (0 frames):

[2020.04.26-10.35.00:137][174]LogWindows: Windows GetLastError: 操作成功完成。 (0)
[2020.04.26-10.35.02:362][174]LogWindows: Error: === Critical error: ===
[2020.04.26-10.35.02:362][174]LogWindows: Error: 
[2020.04.26-10.35.02:362][174]LogWindows: Error: Fatal error: [File:D:/Build/++UE4/Sync/Engine/Source/Runtime/CoreUObject/Private/UObject/UObjectGlobals.cpp] [Line: 2320] 
[2020.04.26-10.35.02:362][174]LogWindows: Error: Objects have the same fully qualified name but different paths.
[2020.04.26-10.35.02:362][174]LogWindows: Error: 	New Object: StaticMeshComponent /Engine/Transient.Respawn01_GEN_VARIABLE
[2020.04.26-10.35.02:362][174]LogWindows: Error: 	Existing Object: SphereComponent /Engine/Transient.Respawn01_GEN_VARIABLE
[2020.04.26-10.35.02:362][174]LogWindows: Error: 
[2020.04.26-10.35.02:362][174]LogWindows: Error: 
[2020.04.26-10.35.02:362][174]LogWindows: Error: [Callstack] 0x00007ffc1b4ca799 KERNELBASE.dll!UnknownFunction []
[2020.04.26-10.35.02:362][174]LogWindows: Error: [Callstack] 0x00007ffbd2cba367 UE4Editor-Core.dll!UnknownFunction []
[2020.04.26-10.35.02:362][174]LogWindows: Error: [Callstack] 0x00007ffbd2cbcbc4 UE4Editor-Core.dll!UnknownFunction []
[2020.04.26-10.35.02:362][174]LogWindows: Error: [Callstack] 0x00007ffbd2ab1ada UE4Editor-Core.dll!UnknownFunction []
[2020.04.26-10.35.02:362][174]LogWindows: Error: [Callstack] 0x00007ffbd2a067a3 UE4Editor-Core.dll!UnknownFunction []
[2020.04.26-10.35.02:362][174]LogWindows: Error: [Callstack] 0x00007ffbd2a06688 UE4Editor-Core.dll!UnknownFunction []
[2020.04.26-10.35.02:362][174]LogWindows: Error: [Callstack] 0x00007ffbd4208f56 UE4Editor-CoreUObject.dll!UnknownFunction []
[2020.04.26-10.35.02:362][174]LogWindows: Error: [Callstack] 0x00007ffbd420b3b8 UE4Editor-CoreUObject.dll!UnknownFunction []
[2020.04.26-10.35.02:362][174]LogWindows: Error: [Callstack] 0x00007ffbd420c243 UE4Editor-CoreUObject.dll!UnknownFunction []
[2020.04.26-10.35.02:362][174]LogWindows: Error: [Callstack] 0x00007ffbd420bdf5 UE4Editor-CoreUObject.dll!UnknownFunction []
[2020.04.26-10.35.02:362][174]LogWindows: Error: [Callstack] 0x00007ffbc33bb5e5 UE4Editor-UnrealEd.dll!UnknownFunction []
[2020.04.26-10.35.02:362][174]LogWindows: Error: [Callstack] 0x00007ffbc1b43d36 UE4Editor-Kismet.dll!UnknownFunction []
[2020.04.26-10.35.02:362][174]LogWindows: Error: [Callstack] 0x00007ffbc1b5e038 UE4Editor-Kismet.dll!UnknownFunction []
[2020.04.26-10.35.02:362][174]LogWindows: Error: [Callstack] 0x00007ffbd231b62a UE4Editor-Slate.dll!UnknownFunction []
[2020.04.26-10.35.02:362][174]LogWindows: Error: [Callstack] 0x00007ffbd235191e UE4Editor-Slate.dll!UnknownFunction []
[2020.04.26-10.35.02:362][174]LogWindows: Error: [Callstack] 0x00007ffbc1ba14db UE4Editor-Kismet.dll!UnknownFunction []
[2020.04.26-10.35.02:362][174]LogWindows: Error: [Callstack] 0x00007ffbd22e3076 UE4Editor-Slate.dll!UnknownFunction []
[2020.04.26-10.35.02:362][174]LogWindows: Error: [Callstack] 0x00007ffbd2353413 UE4Editor-Slate.dll!UnknownFunction []
[2020.04.26-10.35.02:362][174]LogWindows: Error: [Callstack] 0x00007ffbd23487fe UE4Editor-Slate.dll!UnknownFunction []
[2020.04.26-10.35.02:362][174]LogWindows: Error: [Callstack] 0x00007ffbf3744a7c UE4Editor-ApplicationCore.dll!UnknownFunction []
[2020.04.26-10.35.02:362][174]LogWindows: Error: [Callstack] 0x00007ffbf37326df UE4Editor-ApplicationCore.dll!UnknownFunction []
[2020.04.26-10.35.02:362][174]LogWindows: Error: [Callstack] 0x00007ffbf3747340 UE4Editor-ApplicationCore.dll!UnknownFunction []
[2020.04.26-10.35.02:362][174]LogWindows: Error: [Callstack] 0x00007ffbf372edd0 UE4Editor-ApplicationCore.dll!UnknownFunction []
[2020.04.26-10.35.02:362][174]LogWindows: Error: [Callstack] 0x00007ffc1c815c0d USER32.dll!UnknownFunction []
[2020.04.26-10.35.02:362][174]LogWindows: Error: [Callstack] 0x00007ffc1c815602 USER32.dll!UnknownFunction []
[2020.04.26-10.35.02:362][174]LogWindows: Error: [Callstack] 0x00007ffbf37488e9 UE4Editor-ApplicationCore.dll!UnknownFunction []
[2020.04.26-10.35.02:362][174]LogWindows: Error: [Callstack] 0x00007ff7ffd36980 UE4Editor.exe!UnknownFunction []
[2020.04.26-10.35.02:362][174]LogWindows: Error: [Callstack] 0x00007ff7ffd4a91c UE4Editor.exe!UnknownFunction []
[2020.04.26-10.35.02:362][174]LogWindows: Error: [Callstack] 0x00007ff7ffd4a9fa UE4Editor.exe!UnknownFunction []
[2020.04.26-10.35.02:362][174]LogWindows: Error: [Callstack] 0x00007ff7ffd5b92c UE4Editor.exe!UnknownFunction []
[2020.04.26-10.35.02:362][174]LogWindows: Error: [Callstack] 0x00007ff7ffd5e60e UE4Editor.exe!UnknownFunction []
[2020.04.26-10.35.02:362][174]LogWindows: Error: [Callstack] 0x00007ffc1cec7bd4 KERNEL32.DLL!UnknownFunction []
[2020.04.26-10.35.02:362][174]LogWindows: Error: [Callstack] 0x00007ffc1dc4ce51 ntdll.dll!UnknownFunction []
[2020.04.26-10.35.02:362][174]LogWindows: Error: 
[2020.04.26-10.35.02:369][174]LogExit: Executing StaticShutdownAfterError
[2020.04.26-10.35.02:372][174]LogWindows: FPlatformMisc::RequestExit(1)
[2020.04.26-10.35.02:406][174]Log file closed, 04/26/20 19:35:02
