Log file open, 05/15/20 11:49:06
LogWindows: Failed to load 'aqProf.dll' (GetLastError=126)
LogWindows: File 'aqProf.dll' does not exist
LogWindows: Failed to load 'VtuneApi.dll' (GetLastError=126)
LogWindows: File 'VtuneApi.dll' does not exist
LogWindows: Failed to load 'VtuneApi32e.dll' (GetLastError=126)
LogWindows: File 'VtuneApi32e.dll' does not exist
LogConsoleResponse: Display: Failed to find resolution value strings in scalability ini. Falling back to default.
LogInit: Display: Running engine for game: SMU_2ST
LogPlatformFile: Not using cached read wrapper
LogTaskGraph: Started task graph with 5 named threads and 26 total threads with 3 sets of task threads.
LogStats: Stats thread started at 0.155413
LogD3D11RHI: Loaded GFSDK_Aftermath_Lib.x64.dll
LogICUInternationalization: ICU TimeZone Detection - Raw Offset: +9:00, Platform Override: ''
LogPluginManager: Mounting plugin Paper2D
LogPluginManager: Mounting plugin AISupport
LogPluginManager: Mounting plugin LightPropagationVolume
LogPluginManager: Mounting plugin ActorLayerUtilities
LogPluginManager: Mounting plugin AnimationSharing
LogPluginManager: Mounting plugin CLionSourceCodeAccess
LogPluginManager: Mounting plugin CodeLiteSourceCodeAccess
LogPluginManager: Mounting plugin GitSourceControl
LogPluginManager: Mounting plugin KDevelopSourceCodeAccess
LogPluginManager: Mounting plugin NullSourceCodeAccess
LogPluginManager: Mounting plugin PerforceSourceControl
LogPluginManager: Mounting plugin SubversionSourceControl
LogPluginManager: Mounting plugin UObjectPlugin
LogPluginManager: Mounting plugin VisualStudioCodeSourceCodeAccess
LogPluginManager: Mounting plugin VisualStudioSourceCodeAccess
LogPluginManager: Mounting plugin XCodeSourceCodeAccess
LogPluginManager: Mounting plugin AssetManagerEditor
LogPluginManager: Mounting plugin CryptoKeys
LogPluginManager: Mounting plugin CurveEditorTools
LogPluginManager: Mounting plugin DataValidation
LogPluginManager: Mounting plugin FacialAnimation
LogPluginManager: Mounting plugin GameplayTagsEditor
LogPluginManager: Mounting plugin MacGraphicsSwitching
LogPluginManager: Mounting plugin MaterialAnalyzer
LogPluginManager: Mounting plugin MobileLauncherProfileWizard
LogPluginManager: Mounting plugin PluginBrowser
LogPluginManager: Mounting plugin SpeedTreeImporter
LogPluginManager: Mounting plugin DatasmithContent
LogPluginManager: Mounting plugin VariantManagerContent
LogPluginManager: Mounting plugin AlembicImporter
LogPluginManager: Mounting plugin AutomationUtils
LogPluginManager: Mounting plugin BackChannel
LogPluginManager: Mounting plugin CharacterAI
LogPluginManager: Mounting plugin GeometryCache
LogPluginManager: Mounting plugin HTML5Networking
LogPluginManager: Mounting plugin PlatformCrypto
LogPluginManager: Mounting plugin ProxyLODPlugin
LogPluginManager: Mounting plugin SkeletalReduction
LogPluginManager: Mounting plugin MagicLeap
LogPluginManager: Mounting plugin MagicLeapMedia
LogPluginManager: Mounting plugin AndroidMedia
LogPluginManager: Mounting plugin AvfMedia
LogPluginManager: Mounting plugin ImgMedia
LogPluginManager: Mounting plugin MediaCompositing
LogPluginManager: Mounting plugin MediaPlayerEditor
LogPluginManager: Mounting plugin WebMMedia
LogPluginManager: Mounting plugin WmfMedia
LogPluginManager: Mounting plugin TcpMessaging
LogPluginManager: Mounting plugin UdpMessaging
LogPluginManager: Mounting plugin ActorSequence
LogPluginManager: Mounting plugin LevelSequenceEditor
LogPluginManager: Mounting plugin MatineeToLevelSequence
LogPluginManager: Mounting plugin NetcodeUnitTest
LogPluginManager: Mounting plugin NUTUnrealEngine4
LogPluginManager: Mounting plugin OnlineSubsystemGooglePlay
LogPluginManager: Mounting plugin OnlineSubsystemIOS
LogPluginManager: Mounting plugin OnlineSubsystem
LogPluginManager: Mounting plugin OnlineSubsystemNull
LogPluginManager: Mounting plugin OnlineSubsystemUtils
LogPluginManager: Mounting plugin LauncherChunkInstaller
LogPluginManager: Mounting plugin AndroidDeviceProfileSelector
LogPluginManager: Mounting plugin AndroidMoviePlayer
LogPluginManager: Mounting plugin AndroidPermission
LogPluginManager: Mounting plugin AppleImageUtils
LogPluginManager: Mounting plugin AppleMoviePlayer
LogPluginManager: Mounting plugin ArchVisCharacter
LogPluginManager: Mounting plugin AudioCapture
LogPluginManager: Mounting plugin CableComponent
LogPluginManager: Mounting plugin CustomMeshComponent
LogPluginManager: Mounting plugin EditableMesh
LogPluginManager: Mounting plugin ExampleDeviceProfileSelector
LogPluginManager: Mounting plugin GoogleCloudMessaging
LogPluginManager: Mounting plugin IOSDeviceProfileSelector
LogPluginManager: Mounting plugin LinuxDeviceProfileSelector
LogPluginManager: Mounting plugin LocationServicesBPLibrary
LogPluginManager: Mounting plugin MobilePatchingUtils
LogPluginManager: Mounting plugin OculusVR
LogPluginManager: Mounting plugin PhysXVehicles
LogPluginManager: Mounting plugin ProceduralMeshComponent
LogPluginManager: Mounting plugin RuntimePhysXCooking
LogPluginManager: Mounting plugin SignificanceManager
LogPluginManager: Mounting plugin SteamVR
LogPluginManager: Mounting plugin WebMMoviePlayer
LogPluginManager: Mounting plugin WindowsMoviePlayer
LogPluginManager: Mounting plugin ScreenshotTools
LogInit: Using libcurl 7.55.1-DEV
LogInit:  - built for x86_64-pc-win32
LogInit:  - supports SSL with OpenSSL/1.1.1
LogInit:  - supports HTTP deflate (compression) using libz 1.2.8
LogInit:  - other features:
LogInit:      CURL_VERSION_SSL
LogInit:      CURL_VERSION_LIBZ
LogInit:      CURL_VERSION_IPV6
LogInit:      CURL_VERSION_ASYNCHDNS
LogInit:      CURL_VERSION_LARGEFILE
LogInit:      CURL_VERSION_IDN
LogInit:  CurlRequestOptions (configurable via config and command line):
LogInit:  - bVerifyPeer = true  - Libcurl will verify peer certificate
LogInit:  - bUseHttpProxy = false  - Libcurl will NOT use HTTP proxy
LogInit:  - bDontReuseConnections = false  - Libcurl will reuse connections
LogInit:  - MaxHostConnections = 16  - Libcurl will limit the number of connections to a host
LogInit:  - LocalHostAddr = Default
LogInit:  - BufferSize = 65536
LogOnline: OSS: Creating online subsystem instance for: NULL
LogInit: WinSock: version 1.1 (2.2), MaxSocks=32767, MaxUdp=65467
LogInit: Build: ++UE4+Release-4.23-CL-9631420
LogInit: Engine Version: 4.23.1-9631420+++UE4+Release-4.23
LogInit: Compatible Engine Version: 4.23.0-8386587+++UE4+Release-4.23
LogInit: Net CL: 8386587
LogInit: OS: Windows 10 (Release 1903) (), CPU: Intel(R) Core(TM) i7-9700 CPU @ 3.00GHz, GPU: NVIDIA GeForce RTX 2060 SUPER
LogInit: Compiled (64-bit): Oct 18 2019 02:07:44
LogInit: Compiled with Visual C++: 19.16.27030.01
LogInit: Build Configuration: Development
LogInit: Branch Name: ++UE4+Release-4.23
LogInit: Command Line: 
LogInit: Base Directory: E:/ue4/UE_4.23/Engine/Binaries/Win64/
LogInit: Installed Engine Build: 1
LogDevObjectVersion: Number of dev versions registered: 23
LogDevObjectVersion:   Dev-Blueprints (B0D832E4-1F89-4F0D-ACCF-7EB736FD4AA2): 10
LogDevObjectVersion:   Dev-Build (E1C64328-A22C-4D53-A36C-8E866417BD8C): 0
LogDevObjectVersion:   Dev-Core (375EC13C-06E4-48FB-B500-84F0262A717E): 3
LogDevObjectVersion:   Dev-Editor (E4B068ED-F494-42E9-A231-DA0B2E46BB41): 34
LogDevObjectVersion:   Dev-Framework (CFFC743F-43B0-4480-9391-14DF171D2073): 35
LogDevObjectVersion:   Dev-Mobile (B02B49B5-BB20-44E9-A304-32B752E40360): 2
LogDevObjectVersion:   Dev-Networking (A4E4105C-59A1-49B5-A7C5-40C4547EDFEE): 0
LogDevObjectVersion:   Dev-Online (39C831C9-5AE6-47DC-9A44-9C173E1C8E7C): 0
LogDevObjectVersion:   Dev-Physics (78F01B33-EBEA-4F98-B9B4-84EACCB95AA2): 0
LogDevObjectVersion:   Dev-Platform (6631380F-2D4D-43E0-8009-CF276956A95A): 0
LogDevObjectVersion:   Dev-Rendering (12F88B9F-8875-4AFC-A67C-D90C383ABD29): 31
LogDevObjectVersion:   Dev-Sequencer (7B5AE74C-D270-4C10-A958-57980B212A5A): 11
LogDevObjectVersion:   Dev-VR (D7296918-1DD6-4BDD-9DE2-64A83CC13884): 2
LogDevObjectVersion:   Dev-LoadTimes (C2A15278-BFE7-4AFE-6C17-90FF531DF755): 1
LogDevObjectVersion:   Private-Geometry (6EACA3D4-40EC-4CC1-B786-8BED09428FC5): 3
LogDevObjectVersion:   Dev-AnimPhys (29E575DD-E0A3-4627-9D10-D276232CDCEA): 17
LogDevObjectVersion:   Dev-Anim (AF43A65D-7FD3-4947-9873-3E8ED9C1BB05): 2
LogDevObjectVersion:   Dev-ReflectionCapture (6B266CEC-1EC7-4B8F-A30B-E4D90942FC07): 1
LogDevObjectVersion:   Dev-Automation (0DF73D61-A23F-47EA-B727-89E90C41499A): 1
LogDevObjectVersion:   FortniteMain (601D1886-AC64-4F84-AA16-D3DE0DEAC7D6): 27
LogDevObjectVersion:   Dev-Enterprise (9DFFBCD6-494F-0158-E221-12823C92A888): 6
LogDevObjectVersion:   Dev-Niagara (F2AED0AC-9AFE-416F-8664-AA7FFA26D6FC): 1
LogDevObjectVersion:   Dev-Destruction (174F1F0B-B4C6-45A5-B13F-2EE8D0FB917D): 9
LogInit: Presizing for max 16777216 objects, including 0 objects not considered by GC, pre-allocating 0 bytes for permanent pool.
LogInit: Object subsystem initialized
LogConfig: Setting CVar [[con.DebugEarlyDefault:1]]
LogConfig: Setting CVar [[r.setres:1280x720]]
[2020.05.15-02.49.09:251][  0]LogConfig: Setting CVar [[r.VSync:0]]
[2020.05.15-02.49.09:251][  0]LogConfig: Setting CVar [[r.RHICmdBypass:0]]
[2020.05.15-02.49.09:251][  0]LogConfig: Applying CVar settings from Section [/Script/Engine.RendererSettings] File [E:/BSnewgame/Saved/Config/Windows/Engine.ini]
[2020.05.15-02.49.09:252][  0]LogConfig: Setting CVar [[r.GPUCrashDebugging:0]]
[2020.05.15-02.49.09:252][  0]LogConfig: Setting CVar [[r.DefaultFeature.AutoExposure.ExtendDefaultLuminanceRange:1]]
[2020.05.15-02.49.09:252][  0]LogConfig: Applying CVar settings from Section [/Script/Engine.RendererOverrideSettings] File [E:/BSnewgame/Saved/Config/Windows/Engine.ini]
[2020.05.15-02.49.09:252][  0]LogConfig: Applying CVar settings from Section [/Script/Engine.StreamingSettings] File [E:/BSnewgame/Saved/Config/Windows/Engine.ini]
[2020.05.15-02.49.09:252][  0]LogConfig: Setting CVar [[s.MinBulkDataSizeForAsyncLoading:131072]]
[2020.05.15-02.49.09:252][  0]LogConfig: Setting CVar [[s.AsyncLoadingThreadEnabled:0]]
[2020.05.15-02.49.09:252][  0]LogConfig: Setting CVar [[s.EventDrivenLoaderEnabled:1]]
[2020.05.15-02.49.09:252][  0]LogConfig: Setting CVar [[s.WarnIfTimeLimitExceeded:0]]
[2020.05.15-02.49.09:252][  0]LogConfig: Setting CVar [[s.TimeLimitExceededMultiplier:1.5]]
[2020.05.15-02.49.09:252][  0]LogConfig: Setting CVar [[s.TimeLimitExceededMinTime:0.005]]
[2020.05.15-02.49.09:252][  0]LogConfig: Setting CVar [[s.UseBackgroundLevelStreaming:1]]
[2020.05.15-02.49.09:252][  0]LogConfig: Setting CVar [[s.PriorityAsyncLoadingExtraTime:15.0]]
[2020.05.15-02.49.09:252][  0]LogConfig: Setting CVar [[s.LevelStreamingActorsUpdateTimeLimit:5.0]]
[2020.05.15-02.49.09:252][  0]LogConfig: Setting CVar [[s.PriorityLevelStreamingActorsUpdateExtraTime:5.0]]
[2020.05.15-02.49.09:252][  0]LogConfig: Setting CVar [[s.LevelStreamingComponentsRegistrationGranularity:10]]
[2020.05.15-02.49.09:252][  0]LogConfig: Setting CVar [[s.UnregisterComponentsTimeLimit:1.0]]
[2020.05.15-02.49.09:252][  0]LogConfig: Setting CVar [[s.LevelStreamingComponentsUnregistrationGranularity:5]]
[2020.05.15-02.49.09:252][  0]LogConfig: Applying CVar settings from Section [/Script/Engine.GarbageCollectionSettings] File [E:/BSnewgame/Saved/Config/Windows/Engine.ini]
[2020.05.15-02.49.09:252][  0]LogConfig: Setting CVar [[gc.MaxObjectsNotConsideredByGC:1]]
[2020.05.15-02.49.09:252][  0]LogConfig: Setting CVar [[gc.SizeOfPermanentObjectPool:0]]
[2020.05.15-02.49.09:252][  0]LogConfig: Setting CVar [[gc.FlushStreamingOnGC:0]]
[2020.05.15-02.49.09:252][  0]LogConfig: Setting CVar [[gc.NumRetriesBeforeForcingGC:10]]
[2020.05.15-02.49.09:252][  0]LogConfig: Setting CVar [[gc.AllowParallelGC:1]]
[2020.05.15-02.49.09:252][  0]LogConfig: Setting CVar [[gc.TimeBetweenPurgingPendingKillObjects:61.1]]
[2020.05.15-02.49.09:252][  0]LogConfig: Setting CVar [[gc.MaxObjectsInEditor:16777216]]
[2020.05.15-02.49.09:252][  0]LogConfig: Setting CVar [[gc.IncrementalBeginDestroyEnabled:1]]
[2020.05.15-02.49.09:252][  0]LogConfig: Setting CVar [[gc.CreateGCClusters:1]]
[2020.05.15-02.49.09:252][  0]LogConfig: Setting CVar [[gc.MinGCClusterSize:5]]
[2020.05.15-02.49.09:252][  0]LogConfig: Setting CVar [[gc.ActorClusteringEnabled:0]]
[2020.05.15-02.49.09:252][  0]LogConfig: Setting CVar [[gc.BlueprintClusteringEnabled:0]]
[2020.05.15-02.49.09:252][  0]LogConfig: Setting CVar [[gc.UseDisregardForGCOnDedicatedServers:0]]
[2020.05.15-02.49.09:252][  0]LogConfig: Applying CVar settings from Section [/Script/Engine.NetworkSettings] File [E:/BSnewgame/Saved/Config/Windows/Engine.ini]
[2020.05.15-02.49.09:252][  0]LogConfig: Applying CVar settings from Section [/Script/UnrealEd.CookerSettings] File [E:/BSnewgame/Saved/Config/Windows/Engine.ini]
[2020.05.15-02.49.09:292][  0]LogConfig: Applying CVar settings from Section [ViewDistanceQuality@3] File [E:/BSnewgame/Saved/Config/Windows/Scalability.ini]
[2020.05.15-02.49.09:292][  0]LogConfig: Setting CVar [[r.SkeletalMeshLODBias:0]]
[2020.05.15-02.49.09:292][  0]LogConfig: Setting CVar [[r.ViewDistanceScale:1.0]]
[2020.05.15-02.49.09:292][  0]LogConfig: Applying CVar settings from Section [AntiAliasingQuality@3] File [E:/BSnewgame/Saved/Config/Windows/Scalability.ini]
[2020.05.15-02.49.09:292][  0]LogConfig: Setting CVar [[r.PostProcessAAQuality:4]]
[2020.05.15-02.49.09:292][  0]LogConfig: Applying CVar settings from Section [ShadowQuality@3] File [E:/BSnewgame/Saved/Config/Windows/Scalability.ini]
[2020.05.15-02.49.09:292][  0]LogConfig: Setting CVar [[r.LightFunctionQuality:1]]
[2020.05.15-02.49.09:292][  0]LogConfig: Setting CVar [[r.ShadowQuality:5]]
[2020.05.15-02.49.09:292][  0]LogConfig: Setting CVar [[r.Shadow.CSM.MaxCascades:10]]
[2020.05.15-02.49.09:292][  0]LogConfig: Setting CVar [[r.Shadow.MaxResolution:2048]]
[2020.05.15-02.49.09:292][  0]LogConfig: Setting CVar [[r.Shadow.MaxCSMResolution:2048]]
[2020.05.15-02.49.09:292][  0]LogConfig: Setting CVar [[r.Shadow.RadiusThreshold:0.01]]
[2020.05.15-02.49.09:292][  0]LogConfig: Setting CVar [[r.Shadow.DistanceScale:1.0]]
[2020.05.15-02.49.09:292][  0]LogConfig: Setting CVar [[r.Shadow.CSM.TransitionScale:1.0]]
[2020.05.15-02.49.09:292][  0]LogConfig: Setting CVar [[r.Shadow.PreShadowResolutionFactor:1.0]]
[2020.05.15-02.49.09:292][  0]LogConfig: Setting CVar [[r.DistanceFieldShadowing:1]]
[2020.05.15-02.49.09:292][  0]LogConfig: Setting CVar [[r.DistanceFieldAO:1]]
[2020.05.15-02.49.09:292][  0]LogConfig: Setting CVar [[r.AOQuality:2]]
[2020.05.15-02.49.09:292][  0]LogConfig: Setting CVar [[r.VolumetricFog:1]]
[2020.05.15-02.49.09:292][  0]LogConfig: Setting CVar [[r.VolumetricFog.GridPixelSize:8]]
[2020.05.15-02.49.09:292][  0]LogConfig: Setting CVar [[r.VolumetricFog.GridSizeZ:128]]
[2020.05.15-02.49.09:292][  0]LogConfig: Setting CVar [[r.VolumetricFog.HistoryMissSupersampleCount:4]]
[2020.05.15-02.49.09:292][  0]LogConfig: Setting CVar [[r.LightMaxDrawDistanceScale:1]]
[2020.05.15-02.49.09:292][  0]LogConfig: Setting CVar [[r.CapsuleShadows:1]]
[2020.05.15-02.49.09:292][  0]LogConfig: Applying CVar settings from Section [PostProcessQuality@3] File [E:/BSnewgame/Saved/Config/Windows/Scalability.ini]
[2020.05.15-02.49.09:292][  0]LogConfig: Setting CVar [[r.MotionBlurQuality:4]]
[2020.05.15-02.49.09:292][  0]LogConfig: Setting CVar [[r.AmbientOcclusionMipLevelFactor:0.4]]
[2020.05.15-02.49.09:292][  0]LogConfig: Setting CVar [[r.AmbientOcclusionMaxQuality:100]]
[2020.05.15-02.49.09:292][  0]LogConfig: Setting CVar [[r.AmbientOcclusionLevels:-1]]
[2020.05.15-02.49.09:292][  0]LogConfig: Setting CVar [[r.AmbientOcclusionRadiusScale:1.0]]
[2020.05.15-02.49.09:292][  0]LogConfig: Setting CVar [[r.DepthOfFieldQuality:2]]
[2020.05.15-02.49.09:292][  0]LogConfig: Setting CVar [[r.RenderTargetPoolMin:400]]
[2020.05.15-02.49.09:292][  0]LogConfig: Setting CVar [[r.LensFlareQuality:2]]
[2020.05.15-02.49.09:292][  0]LogConfig: Setting CVar [[r.SceneColorFringeQuality:1]]
[2020.05.15-02.49.09:292][  0]LogConfig: Setting CVar [[r.EyeAdaptationQuality:2]]
[2020.05.15-02.49.09:292][  0]LogConfig: Setting CVar [[r.BloomQuality:5]]
[2020.05.15-02.49.09:292][  0]LogConfig: Setting CVar [[r.FastBlurThreshold:100]]
[2020.05.15-02.49.09:292][  0]LogConfig: Setting CVar [[r.Upscale.Quality:3]]
[2020.05.15-02.49.09:292][  0]LogConfig: Setting CVar [[r.Tonemapper.GrainQuantization:1]]
[2020.05.15-02.49.09:292][  0]LogConfig: Setting CVar [[r.LightShaftQuality:1]]
[2020.05.15-02.49.09:292][  0]LogConfig: Setting CVar [[r.Filter.SizeScale:1]]
[2020.05.15-02.49.09:292][  0]LogConfig: Setting CVar [[r.Tonemapper.Quality:5]]
[2020.05.15-02.49.09:292][  0]LogConfig: Setting CVar [[r.DOF.Gather.AccumulatorQuality:1        ; higher gathering accumulator quality]]
[2020.05.15-02.49.09:292][  0]LogConfig: Setting CVar [[r.DOF.Gather.PostfilterMethod:1          ; Median3x3 postfilering method]]
[2020.05.15-02.49.09:292][  0]LogConfig: Setting CVar [[r.DOF.Gather.EnableBokehSettings:0       ; no bokeh simulation when gathering]]
[2020.05.15-02.49.09:292][  0]LogConfig: Setting CVar [[r.DOF.Gather.RingCount:4                 ; medium number of samples when gathering]]
[2020.05.15-02.49.09:292][  0]LogConfig: Setting CVar [[r.DOF.Scatter.ForegroundCompositing:1    ; additive foreground scattering]]
[2020.05.15-02.49.09:292][  0]LogConfig: Setting CVar [[r.DOF.Scatter.BackgroundCompositing:2    ; additive background scattering]]
[2020.05.15-02.49.09:292][  0]LogConfig: Setting CVar [[r.DOF.Scatter.EnableBokehSettings:1      ; bokeh simulation when scattering]]
[2020.05.15-02.49.09:292][  0]LogConfig: Setting CVar [[r.DOF.Scatter.MaxSpriteRatio:0.1         ; only a maximum of 10% of scattered bokeh]]
[2020.05.15-02.49.09:292][  0]LogConfig: Setting CVar [[r.DOF.Recombine.Quality:1                ; cheap slight out of focus]]
[2020.05.15-02.49.09:292][  0]LogConfig: Setting CVar [[r.DOF.Recombine.EnableBokehSettings:0    ; no bokeh simulation on slight out of focus]]
[2020.05.15-02.49.09:292][  0]LogConfig: Setting CVar [[r.DOF.TemporalAAQuality:1                ; more stable temporal accumulation]]
[2020.05.15-02.49.09:292][  0]LogConfig: Setting CVar [[r.DOF.Kernel.MaxForegroundRadius:0.025]]
[2020.05.15-02.49.09:292][  0]LogConfig: Setting CVar [[r.DOF.Kernel.MaxBackgroundRadius:0.025]]
[2020.05.15-02.49.09:292][  0]LogConfig: Applying CVar settings from Section [TextureQuality@3] File [E:/BSnewgame/Saved/Config/Windows/Scalability.ini]
[2020.05.15-02.49.09:292][  0]LogConfig: Setting CVar [[r.Streaming.MipBias:0]]
[2020.05.15-02.49.09:292][  0]LogConfig: Setting CVar [[r.Streaming.AmortizeCPUToGPUCopy:0]]
[2020.05.15-02.49.09:292][  0]LogConfig: Setting CVar [[r.Streaming.MaxNumTexturesToStreamPerFrame:0]]
[2020.05.15-02.49.09:293][  0]LogConfig: Setting CVar [[r.Streaming.Boost:1]]
[2020.05.15-02.49.09:293][  0]LogConfig: Setting CVar [[r.MaxAnisotropy:8]]
[2020.05.15-02.49.09:293][  0]LogConfig: Setting CVar [[r.Streaming.LimitPoolSizeToVRAM:0]]
[2020.05.15-02.49.09:293][  0]LogConfig: Setting CVar [[r.Streaming.PoolSize:1000]]
[2020.05.15-02.49.09:293][  0]LogConfig: Setting CVar [[r.Streaming.MaxEffectiveScreenSize:0]]
[2020.05.15-02.49.09:293][  0]LogConfig: Applying CVar settings from Section [EffectsQuality@3] File [E:/BSnewgame/Saved/Config/Windows/Scalability.ini]
[2020.05.15-02.49.09:293][  0]LogConfig: Setting CVar [[r.TranslucencyLightingVolumeDim:64]]
[2020.05.15-02.49.09:293][  0]LogConfig: Setting CVar [[r.RefractionQuality:2]]
[2020.05.15-02.49.09:293][  0]LogConfig: Setting CVar [[r.SSR.Quality:3]]
[2020.05.15-02.49.09:293][  0]LogConfig: Setting CVar [[r.SceneColorFormat:4]]
[2020.05.15-02.49.09:293][  0]LogConfig: Setting CVar [[r.DetailMode:2]]
[2020.05.15-02.49.09:293][  0]LogConfig: Setting CVar [[r.TranslucencyVolumeBlur:1]]
[2020.05.15-02.49.09:293][  0]LogConfig: Setting CVar [[r.MaterialQualityLevel:1 ; High quality]]
[2020.05.15-02.49.09:293][  0]LogConfig: Setting CVar [[r.SSS.Scale:1]]
[2020.05.15-02.49.09:293][  0]LogConfig: Setting CVar [[r.SSS.SampleSet:2]]
[2020.05.15-02.49.09:293][  0]LogConfig: Setting CVar [[r.SSS.Quality:1]]
[2020.05.15-02.49.09:293][  0]LogConfig: Setting CVar [[r.SSS.HalfRes:1]]
[2020.05.15-02.49.09:293][  0]LogConfig: Setting CVar [[r.EmitterSpawnRateScale:1.0]]
[2020.05.15-02.49.09:293][  0]LogConfig: Setting CVar [[r.ParticleLightQuality:2]]
[2020.05.15-02.49.09:293][  0]LogConfig: Applying CVar settings from Section [FoliageQuality@3] File [E:/BSnewgame/Saved/Config/Windows/Scalability.ini]
[2020.05.15-02.49.09:293][  0]LogConfig: Setting CVar [[foliage.DensityScale:1.0]]
[2020.05.15-02.49.09:293][  0]LogConfig: Setting CVar [[grass.DensityScale:1.0]]
[2020.05.15-02.49.09:294][  0]LogInit: Selected Device Profile: [Windows]
[2020.05.15-02.49.09:305][  0]LogInit: Applying CVar settings loaded from the selected device profile: [Windows]
[2020.05.15-02.49.09:327][  0]LogHAL: Display: Platform has ~ 16 GB [17119318016 / 17179869184 / 16], which maps to Larger [LargestMinGB=32, LargerMinGB=12, DefaultMinGB=8, SmallerMinGB=6, SmallestMinGB=0)
[2020.05.15-02.49.09:327][  0]LogInit: Going up to parent DeviceProfile []
[2020.05.15-02.49.09:334][  0]LogConfig: Applying CVar settings from Section [ViewDistanceQuality@3] File [E:/BSnewgame/Saved/Config/Windows/Scalability.ini]
[2020.05.15-02.49.09:334][  0]LogConfig: Setting CVar [[r.SkeletalMeshLODBias:0]]
[2020.05.15-02.49.09:334][  0]LogConfig: Setting CVar [[r.ViewDistanceScale:1.0]]
[2020.05.15-02.49.09:334][  0]LogConfig: Applying CVar settings from Section [AntiAliasingQuality@3] File [E:/BSnewgame/Saved/Config/Windows/Scalability.ini]
[2020.05.15-02.49.09:334][  0]LogConfig: Setting CVar [[r.PostProcessAAQuality:4]]
[2020.05.15-02.49.09:334][  0]LogConfig: Applying CVar settings from Section [ShadowQuality@3] File [E:/BSnewgame/Saved/Config/Windows/Scalability.ini]
[2020.05.15-02.49.09:334][  0]LogConfig: Setting CVar [[r.LightFunctionQuality:1]]
[2020.05.15-02.49.09:334][  0]LogConfig: Setting CVar [[r.ShadowQuality:5]]
[2020.05.15-02.49.09:334][  0]LogConfig: Setting CVar [[r.Shadow.CSM.MaxCascades:10]]
[2020.05.15-02.49.09:334][  0]LogConfig: Setting CVar [[r.Shadow.MaxResolution:2048]]
[2020.05.15-02.49.09:334][  0]LogConfig: Setting CVar [[r.Shadow.MaxCSMResolution:2048]]
[2020.05.15-02.49.09:334][  0]LogConfig: Setting CVar [[r.Shadow.RadiusThreshold:0.01]]
[2020.05.15-02.49.09:334][  0]LogConfig: Setting CVar [[r.Shadow.DistanceScale:1.0]]
[2020.05.15-02.49.09:334][  0]LogConfig: Setting CVar [[r.Shadow.CSM.TransitionScale:1.0]]
[2020.05.15-02.49.09:334][  0]LogConfig: Setting CVar [[r.Shadow.PreShadowResolutionFactor:1.0]]
[2020.05.15-02.49.09:334][  0]LogConfig: Setting CVar [[r.DistanceFieldShadowing:1]]
[2020.05.15-02.49.09:334][  0]LogConfig: Setting CVar [[r.DistanceFieldAO:1]]
[2020.05.15-02.49.09:334][  0]LogConfig: Setting CVar [[r.AOQuality:2]]
[2020.05.15-02.49.09:334][  0]LogConfig: Setting CVar [[r.VolumetricFog:1]]
[2020.05.15-02.49.09:334][  0]LogConfig: Setting CVar [[r.VolumetricFog.GridPixelSize:8]]
[2020.05.15-02.49.09:334][  0]LogConfig: Setting CVar [[r.VolumetricFog.GridSizeZ:128]]
[2020.05.15-02.49.09:334][  0]LogConfig: Setting CVar [[r.VolumetricFog.HistoryMissSupersampleCount:4]]
[2020.05.15-02.49.09:334][  0]LogConfig: Setting CVar [[r.LightMaxDrawDistanceScale:1]]
[2020.05.15-02.49.09:334][  0]LogConfig: Setting CVar [[r.CapsuleShadows:1]]
[2020.05.15-02.49.09:334][  0]LogConfig: Applying CVar settings from Section [PostProcessQuality@3] File [E:/BSnewgame/Saved/Config/Windows/Scalability.ini]
[2020.05.15-02.49.09:334][  0]LogConfig: Setting CVar [[r.MotionBlurQuality:4]]
[2020.05.15-02.49.09:334][  0]LogConfig: Setting CVar [[r.AmbientOcclusionMipLevelFactor:0.4]]
[2020.05.15-02.49.09:334][  0]LogConfig: Setting CVar [[r.AmbientOcclusionMaxQuality:100]]
[2020.05.15-02.49.09:334][  0]LogConfig: Setting CVar [[r.AmbientOcclusionLevels:-1]]
[2020.05.15-02.49.09:334][  0]LogConfig: Setting CVar [[r.AmbientOcclusionRadiusScale:1.0]]
[2020.05.15-02.49.09:334][  0]LogConfig: Setting CVar [[r.DepthOfFieldQuality:2]]
[2020.05.15-02.49.09:334][  0]LogConfig: Setting CVar [[r.RenderTargetPoolMin:400]]
[2020.05.15-02.49.09:334][  0]LogConfig: Setting CVar [[r.LensFlareQuality:2]]
[2020.05.15-02.49.09:334][  0]LogConfig: Setting CVar [[r.SceneColorFringeQuality:1]]
[2020.05.15-02.49.09:334][  0]LogConfig: Setting CVar [[r.EyeAdaptationQuality:2]]
[2020.05.15-02.49.09:334][  0]LogConfig: Setting CVar [[r.BloomQuality:5]]
[2020.05.15-02.49.09:334][  0]LogConfig: Setting CVar [[r.FastBlurThreshold:100]]
[2020.05.15-02.49.09:334][  0]LogConfig: Setting CVar [[r.Upscale.Quality:3]]
[2020.05.15-02.49.09:334][  0]LogConfig: Setting CVar [[r.Tonemapper.GrainQuantization:1]]
[2020.05.15-02.49.09:334][  0]LogConfig: Setting CVar [[r.LightShaftQuality:1]]
[2020.05.15-02.49.09:334][  0]LogConfig: Setting CVar [[r.Filter.SizeScale:1]]
[2020.05.15-02.49.09:334][  0]LogConfig: Setting CVar [[r.Tonemapper.Quality:5]]
[2020.05.15-02.49.09:334][  0]LogConfig: Setting CVar [[r.DOF.Gather.AccumulatorQuality:1        ; higher gathering accumulator quality]]
[2020.05.15-02.49.09:334][  0]LogConfig: Setting CVar [[r.DOF.Gather.PostfilterMethod:1          ; Median3x3 postfilering method]]
[2020.05.15-02.49.09:334][  0]LogConfig: Setting CVar [[r.DOF.Gather.EnableBokehSettings:0       ; no bokeh simulation when gathering]]
[2020.05.15-02.49.09:334][  0]LogConfig: Setting CVar [[r.DOF.Gather.RingCount:4                 ; medium number of samples when gathering]]
[2020.05.15-02.49.09:334][  0]LogConfig: Setting CVar [[r.DOF.Scatter.ForegroundCompositing:1    ; additive foreground scattering]]
[2020.05.15-02.49.09:334][  0]LogConfig: Setting CVar [[r.DOF.Scatter.BackgroundCompositing:2    ; additive background scattering]]
[2020.05.15-02.49.09:334][  0]LogConfig: Setting CVar [[r.DOF.Scatter.EnableBokehSettings:1      ; bokeh simulation when scattering]]
[2020.05.15-02.49.09:334][  0]LogConfig: Setting CVar [[r.DOF.Scatter.MaxSpriteRatio:0.1         ; only a maximum of 10% of scattered bokeh]]
[2020.05.15-02.49.09:334][  0]LogConfig: Setting CVar [[r.DOF.Recombine.Quality:1                ; cheap slight out of focus]]
[2020.05.15-02.49.09:334][  0]LogConfig: Setting CVar [[r.DOF.Recombine.EnableBokehSettings:0    ; no bokeh simulation on slight out of focus]]
[2020.05.15-02.49.09:334][  0]LogConfig: Setting CVar [[r.DOF.TemporalAAQuality:1                ; more stable temporal accumulation]]
[2020.05.15-02.49.09:334][  0]LogConfig: Setting CVar [[r.DOF.Kernel.MaxForegroundRadius:0.025]]
[2020.05.15-02.49.09:334][  0]LogConfig: Setting CVar [[r.DOF.Kernel.MaxBackgroundRadius:0.025]]
[2020.05.15-02.49.09:334][  0]LogConfig: Applying CVar settings from Section [TextureQuality@3] File [E:/BSnewgame/Saved/Config/Windows/Scalability.ini]
[2020.05.15-02.49.09:334][  0]LogConfig: Setting CVar [[r.Streaming.MipBias:0]]
[2020.05.15-02.49.09:334][  0]LogConfig: Setting CVar [[r.Streaming.AmortizeCPUToGPUCopy:0]]
[2020.05.15-02.49.09:334][  0]LogConfig: Setting CVar [[r.Streaming.MaxNumTexturesToStreamPerFrame:0]]
[2020.05.15-02.49.09:334][  0]LogConfig: Setting CVar [[r.Streaming.Boost:1]]
[2020.05.15-02.49.09:334][  0]LogConfig: Setting CVar [[r.MaxAnisotropy:8]]
[2020.05.15-02.49.09:334][  0]LogConfig: Setting CVar [[r.Streaming.LimitPoolSizeToVRAM:0]]
[2020.05.15-02.49.09:334][  0]LogConfig: Setting CVar [[r.Streaming.PoolSize:1000]]
[2020.05.15-02.49.09:334][  0]LogConfig: Setting CVar [[r.Streaming.MaxEffectiveScreenSize:0]]
[2020.05.15-02.49.09:334][  0]LogConfig: Applying CVar settings from Section [EffectsQuality@3] File [E:/BSnewgame/Saved/Config/Windows/Scalability.ini]
[2020.05.15-02.49.09:334][  0]LogConfig: Setting CVar [[r.TranslucencyLightingVolumeDim:64]]
[2020.05.15-02.49.09:334][  0]LogConfig: Setting CVar [[r.RefractionQuality:2]]
[2020.05.15-02.49.09:334][  0]LogConfig: Setting CVar [[r.SSR.Quality:3]]
[2020.05.15-02.49.09:334][  0]LogConfig: Setting CVar [[r.SceneColorFormat:4]]
[2020.05.15-02.49.09:334][  0]LogConfig: Setting CVar [[r.DetailMode:2]]
[2020.05.15-02.49.09:334][  0]LogConfig: Setting CVar [[r.TranslucencyVolumeBlur:1]]
[2020.05.15-02.49.09:334][  0]LogConfig: Setting CVar [[r.MaterialQualityLevel:1 ; High quality]]
[2020.05.15-02.49.09:334][  0]LogConfig: Setting CVar [[r.SSS.Scale:1]]
[2020.05.15-02.49.09:334][  0]LogConfig: Setting CVar [[r.SSS.SampleSet:2]]
[2020.05.15-02.49.09:334][  0]LogConfig: Setting CVar [[r.SSS.Quality:1]]
[2020.05.15-02.49.09:334][  0]LogConfig: Setting CVar [[r.SSS.HalfRes:1]]
[2020.05.15-02.49.09:334][  0]LogConfig: Setting CVar [[r.EmitterSpawnRateScale:1.0]]
[2020.05.15-02.49.09:334][  0]LogConfig: Setting CVar [[r.ParticleLightQuality:2]]
[2020.05.15-02.49.09:334][  0]LogConfig: Applying CVar settings from Section [FoliageQuality@3] File [E:/BSnewgame/Saved/Config/Windows/Scalability.ini]
[2020.05.15-02.49.09:334][  0]LogConfig: Setting CVar [[foliage.DensityScale:1.0]]
[2020.05.15-02.49.09:334][  0]LogConfig: Setting CVar [[grass.DensityScale:1.0]]
[2020.05.15-02.49.09:334][  0]LogConfig: Applying CVar settings from Section [Startup] File [../../../Engine/Config/ConsoleVariables.ini]
[2020.05.15-02.49.09:339][  0]LogConfig: Setting CVar [[net.UseAdaptiveNetUpdateFrequency:0]]
[2020.05.15-02.49.09:339][  0]LogConfig: Setting CVar [[p.chaos.AllowCreatePhysxBodies:1]]
[2020.05.15-02.49.09:339][  0]LogConfig: Applying CVar settings from Section [ConsoleVariables] File [E:/BSnewgame/Saved/Config/Windows/Engine.ini]
[2020.05.15-02.49.09:351][  0]LogInit: Computer: DESKTOP-K2BHSUK
[2020.05.15-02.49.09:351][  0]LogInit: User: Heroro
[2020.05.15-02.49.09:351][  0]LogInit: CPU Page size=4096, Cores=8
[2020.05.15-02.49.09:351][  0]LogInit: High frequency timer resolution =10.000000 MHz
[2020.05.15-02.49.09:356][  0]LogMemory: Memory total: Physical=15.9GB (16GB approx)
[2020.05.15-02.49.09:360][  0]LogMemory: Platform Memory Stats for Windows
[2020.05.15-02.49.09:360][  0]LogMemory: Process Physical Memory: 103.09 MB used, 103.09 MB peak
[2020.05.15-02.49.09:360][  0]LogMemory: Process Virtual Memory: 100.10 MB used, 100.10 MB peak
[2020.05.15-02.49.09:360][  0]LogMemory: Physical Memory: 6192.04 MB used,  10134.21 MB free, 16326.25 MB total
[2020.05.15-02.49.09:360][  0]LogMemory: Virtual Memory: 4672.08 MB used,  134213056.00 MB free, 134217728.00 MB total
[2020.05.15-02.49.09:361][  0]LogWindows: WindowsPlatformFeatures enabled
[2020.05.15-02.49.09:904][  0]LogInit: Using OS detected language (zh-CN).
[2020.05.15-02.49.09:904][  0]LogInit: Using OS detected locale (zh-CN).
[2020.05.15-02.49.09:904][  0]LogTextLocalizationManager: No specific localization for 'zh-CN' exists, so the 'zh-Hans' localization will be used.
[2020.05.15-02.49.10:209][  0]LogTextLocalizationResource: LocRes '../../../Engine/Content/Localization/Editor/zh/Editor.locres' could not be opened for reading!
[2020.05.15-02.49.10:209][  0]LogTextLocalizationResource: LocRes '../../../Engine/Content/Localization/EditorTutorials/zh/EditorTutorials.locres' could not be opened for reading!
[2020.05.15-02.49.10:209][  0]LogTextLocalizationResource: LocRes '../../../Engine/Content/Localization/Keywords/zh/Keywords.locres' could not be opened for reading!
[2020.05.15-02.49.10:209][  0]LogTextLocalizationResource: LocRes '../../../Engine/Content/Localization/Category/zh/Category.locres' could not be opened for reading!
[2020.05.15-02.49.10:209][  0]LogTextLocalizationResource: LocRes '../../../Engine/Content/Localization/ToolTips/zh/ToolTips.locres' could not be opened for reading!
[2020.05.15-02.49.10:209][  0]LogTextLocalizationResource: LocRes '../../../Engine/Content/Localization/PropertyNames/zh/PropertyNames.locres' could not be opened for reading!
[2020.05.15-02.49.10:209][  0]LogTextLocalizationResource: LocRes '../../../Engine/Content/Localization/Engine/zh/Engine.locres' could not be opened for reading!
[2020.05.15-02.49.10:209][  0]LogTextLocalizationResource: LocRes '../../../Engine/Plugins/Online/Android/OnlineSubsystemGooglePlay/Content/Localization/OnlineSubsystemGooglePlay/zh/OnlineSubsystemGooglePlay.locres' could not be opened for reading!
[2020.05.15-02.49.10:209][  0]LogTextLocalizationResource: LocRes '../../../Engine/Plugins/Online/IOS/OnlineSubsystemIOS/Content/Localization/OnlineSubsystemIOS/zh/OnlineSubsystemIOS.locres' could not be opened for reading!
[2020.05.15-02.49.10:209][  0]LogTextLocalizationResource: LocRes '../../../Engine/Plugins/Online/OnlineSubsystem/Content/Localization/OnlineSubsystem/zh/OnlineSubsystem.locres' could not be opened for reading!
[2020.05.15-02.49.10:209][  0]LogTextLocalizationResource: LocRes '../../../Engine/Plugins/Online/OnlineSubsystemUtils/Content/Localization/OnlineSubsystemUtils/zh/OnlineSubsystemUtils.locres' could not be opened for reading!
[2020.05.15-02.49.10:242][  0]LogInit: Setting process to per monitor DPI aware
[2020.05.15-02.49.10:674][  0]LogSlate: New Slate User Created.  User Index 0, Is Virtual User: 0
[2020.05.15-02.49.10:674][  0]LogSlate: Slate User Registered.  User Index 0, Is Virtual User: 0
[2020.05.15-02.49.12:480][  0]LogHMD: Failed to initialize OpenVR with code 110
[2020.05.15-02.49.12:480][  0]LogD3D11RHI: D3D11 adapters:
[2020.05.15-02.49.12:538][  0]LogD3D11RHI:    0. 'NVIDIA GeForce RTX 2060 SUPER' (Feature Level 11_0)
[2020.05.15-02.49.12:538][  0]LogD3D11RHI:       8031/0/8163 MB DedicatedVideo/DedicatedSystem/SharedSystem, Outputs:1, VendorId:0x10de
[2020.05.15-02.49.12:539][  0]LogD3D11RHI:    1. 'Microsoft Basic Render Driver' (Feature Level 11_0)
[2020.05.15-02.49.12:539][  0]LogD3D11RHI:       0/0/8163 MB DedicatedVideo/DedicatedSystem/SharedSystem, Outputs:0, VendorId:0x1414
[2020.05.15-02.49.12:539][  0]LogD3D11RHI: Chosen D3D11 Adapter: 0
[2020.05.15-02.49.12:565][  0]LogD3D11RHI: Creating new Direct3DDevice
[2020.05.15-02.49.12:565][  0]LogD3D11RHI:     GPU DeviceId: 0x1f06 (for the marketing name, search the web for "GPU Device Id")
[2020.05.15-02.49.12:565][  0]LogWindows: EnumDisplayDevices:
[2020.05.15-02.49.12:565][  0]LogWindows:    0. 'NVIDIA GeForce RTX 2060 SUPER' (P:1 D:1)
[2020.05.15-02.49.12:565][  0]LogWindows:    1. 'NVIDIA GeForce RTX 2060 SUPER' (P:0 D:0)
[2020.05.15-02.49.12:566][  0]LogWindows:    2. 'NVIDIA GeForce RTX 2060 SUPER' (P:0 D:0)
[2020.05.15-02.49.12:566][  0]LogWindows:    3. 'NVIDIA GeForce RTX 2060 SUPER' (P:0 D:0)
[2020.05.15-02.49.12:566][  0]LogWindows: DebugString: FoundDriverCount:4 
[2020.05.15-02.49.12:566][  0]LogD3D11RHI:     Adapter Name: NVIDIA GeForce RTX 2060 SUPER
[2020.05.15-02.49.12:566][  0]LogD3D11RHI:   Driver Version: 441.41 (internal:26.21.14.4141, unified:441.41)
[2020.05.15-02.49.12:566][  0]LogD3D11RHI:      Driver Date: 11-20-2019
[2020.05.15-02.49.12:566][  0]LogRHI: Texture pool is 5621 MB (70% of 8031 MB)
[2020.05.15-02.49.12:602][  0]LogD3D11RHI: Async texture creation enabled
[2020.05.15-02.49.12:818][  0]LogD3D11RHI: GPU Timing Frequency: 1000.000000 (Debug: 2 1)
[2020.05.15-02.49.13:402][  0]LogTemp: Display: Module 'AllDesktopTargetPlatform' loaded TargetPlatform 'AllDesktop'
[2020.05.15-02.49.13:434][  0]LogTemp: Display: Module 'MacClientTargetPlatform' loaded TargetPlatform 'MacClient'
[2020.05.15-02.49.13:457][  0]LogTemp: Display: Module 'MacNoEditorTargetPlatform' loaded TargetPlatform 'MacNoEditor'
[2020.05.15-02.49.13:475][  0]LogTemp: Display: Module 'MacServerTargetPlatform' loaded TargetPlatform 'MacServer'
[2020.05.15-02.49.13:510][  0]LogTemp: Display: Module 'MacTargetPlatform' loaded TargetPlatform 'Mac'
[2020.05.15-02.49.13:567][  0]LogTemp: Display: Module 'WindowsClientTargetPlatform' loaded TargetPlatform 'WindowsClient'
[2020.05.15-02.49.13:606][  0]LogTemp: Display: Module 'WindowsNoEditorTargetPlatform' loaded TargetPlatform 'WindowsNoEditor'
[2020.05.15-02.49.13:624][  0]LogTemp: Display: Module 'WindowsServerTargetPlatform' loaded TargetPlatform 'WindowsServer'
[2020.05.15-02.49.13:638][  0]LogTemp: Display: Module 'WindowsTargetPlatform' loaded TargetPlatform 'Windows'
[2020.05.15-02.49.13:700][  0]LogTemp: Display: Module 'AndroidTargetPlatform' loaded TargetPlatform 'Android'
[2020.05.15-02.49.13:700][  0]LogTemp: Display: Module 'AndroidTargetPlatform' loaded TargetPlatform 'Android_ASTC'
[2020.05.15-02.49.13:700][  0]LogTemp: Display: Module 'AndroidTargetPlatform' loaded TargetPlatform 'Android_ATC'
[2020.05.15-02.49.13:700][  0]LogTemp: Display: Module 'AndroidTargetPlatform' loaded TargetPlatform 'Android_DXT'
[2020.05.15-02.49.13:700][  0]LogTemp: Display: Module 'AndroidTargetPlatform' loaded TargetPlatform 'Android_ETC1'
[2020.05.15-02.49.13:700][  0]LogTemp: Display: Module 'AndroidTargetPlatform' loaded TargetPlatform 'Android_ETC1a'
[2020.05.15-02.49.13:700][  0]LogTemp: Display: Module 'AndroidTargetPlatform' loaded TargetPlatform 'Android_ETC2'
[2020.05.15-02.49.13:700][  0]LogTemp: Display: Module 'AndroidTargetPlatform' loaded TargetPlatform 'Android_PVRTC'
[2020.05.15-02.49.13:700][  0]LogTemp: Display: Module 'AndroidTargetPlatform' loaded TargetPlatform 'AndroidClient'
[2020.05.15-02.49.13:700][  0]LogTemp: Display: Module 'AndroidTargetPlatform' loaded TargetPlatform 'Android_ASTCClient'
[2020.05.15-02.49.13:700][  0]LogTemp: Display: Module 'AndroidTargetPlatform' loaded TargetPlatform 'Android_ATCClient'
[2020.05.15-02.49.13:700][  0]LogTemp: Display: Module 'AndroidTargetPlatform' loaded TargetPlatform 'Android_DXTClient'
[2020.05.15-02.49.13:700][  0]LogTemp: Display: Module 'AndroidTargetPlatform' loaded TargetPlatform 'Android_ETC1Client'
[2020.05.15-02.49.13:700][  0]LogTemp: Display: Module 'AndroidTargetPlatform' loaded TargetPlatform 'Android_ETC1aClient'
[2020.05.15-02.49.13:700][  0]LogTemp: Display: Module 'AndroidTargetPlatform' loaded TargetPlatform 'Android_ETC2Client'
[2020.05.15-02.49.13:700][  0]LogTemp: Display: Module 'AndroidTargetPlatform' loaded TargetPlatform 'Android_PVRTCClient'
[2020.05.15-02.49.13:700][  0]LogTemp: Display: Module 'AndroidTargetPlatform' loaded TargetPlatform 'Android_Multi'
[2020.05.15-02.49.13:700][  0]LogTemp: Display: Module 'AndroidTargetPlatform' loaded TargetPlatform 'Android_MultiClient'
[2020.05.15-02.49.13:735][  0]LogTemp: Display: Module 'HTML5TargetPlatform' loaded TargetPlatform 'HTML5'
[2020.05.15-02.49.13:845][  0]LogTemp: Display: Module 'IOSTargetPlatform' loaded TargetPlatform 'IOSClient'
[2020.05.15-02.49.13:845][  0]LogTemp: Display: Module 'IOSTargetPlatform' loaded TargetPlatform 'IOS'
[2020.05.15-02.49.13:864][  0]LogTemp: Display: Module 'TVOSTargetPlatform' loaded TargetPlatform 'TVOSClient'
[2020.05.15-02.49.13:864][  0]LogTemp: Display: Module 'TVOSTargetPlatform' loaded TargetPlatform 'TVOS'
[2020.05.15-02.49.13:893][  0]LogTemp: Display: Module 'LinuxClientTargetPlatform' loaded TargetPlatform 'LinuxClient'
[2020.05.15-02.49.13:910][  0]LogTemp: Display: Module 'LinuxNoEditorTargetPlatform' loaded TargetPlatform 'LinuxNoEditor'
[2020.05.15-02.49.13:927][  0]LogTemp: Display: Module 'LinuxServerTargetPlatform' loaded TargetPlatform 'LinuxServer'
[2020.05.15-02.49.13:953][  0]LogTemp: Display: Module 'LinuxTargetPlatform' loaded TargetPlatform 'Linux'
[2020.05.15-02.49.13:990][  0]LogTemp: Display: Module 'LuminTargetPlatform' loaded TargetPlatform 'Lumin'
[2020.05.15-02.49.13:990][  0]LogTemp: Display: Module 'LuminTargetPlatform' loaded TargetPlatform 'LuminClient'
[2020.05.15-02.49.13:990][  0]LogTargetPlatformManager: Display: Building Assets For Windows
[2020.05.15-02.49.14:109][  0]LogAudioDebug: Display: Lib vorbis DLL was dynamically loaded.
[2020.05.15-02.49.14:709][  0]LogShaderCompilers: Guid format shader working directory is 22 characters bigger than the processId version (../../../../../BSnewgame/Intermediate/Shaders/WorkingDirectory/15036/).
[2020.05.15-02.49.14:709][  0]LogShaderCompilers: Cleaned the shader compiler working directory 'C:/Users/Heroro/AppData/Local/Temp/UnrealShaderWorkingDir/B5C1D49E4FAA233258378384F249E94E/'.
[2020.05.15-02.49.14:718][  0]LogXGEController: Cleaning working directory: C:/Users/Heroro/AppData/Local/Temp/UnrealXGEWorkingDir/
[2020.05.15-02.49.14:718][  0]LogXGEController: Cannot use XGE Controller as Incredibuild is not installed on this machine.
[2020.05.15-02.49.14:718][  0]LogShaderCompilers: Cannot use XGE Shader Compiler as Incredibuild is not installed on this machine.
[2020.05.15-02.49.14:718][  0]LogShaderCompilers: Display: Using Local Shader Compiler.
[2020.05.15-02.49.16:992][  0]LogDerivedDataCache: Display: Max Cache Size: 512 MB
[2020.05.15-02.49.17:062][  0]LogDerivedDataCache: Loaded boot cache 0.06s 73MB C:/Users/Heroro/AppData/Local/UnrealEngine/4.23/DerivedDataCache/Boot.ddc.
[2020.05.15-02.49.17:062][  0]LogDerivedDataCache: Display: Loaded Boot cache: C:/Users/Heroro/AppData/Local/UnrealEngine/4.23/DerivedDataCache/Boot.ddc
[2020.05.15-02.49.17:062][  0]LogDerivedDataCache: FDerivedDataBackendGraph:  Pak pak cache file ../../../../../BSnewgame/DerivedDataCache/DDC.ddp not found, will not use a pak cache.
[2020.05.15-02.49.17:062][  0]LogDerivedDataCache: Unable to find inner node Pak for hierarchical cache Hierarchy.
[2020.05.15-02.49.17:063][  0]LogDerivedDataCache: FDerivedDataBackendGraph:  CompressedPak pak cache file ../../../../../BSnewgame/DerivedDataCache/Compressed.ddp not found, will not use a pak cache.
[2020.05.15-02.49.17:063][  0]LogDerivedDataCache: Unable to find inner node CompressedPak for hierarchical cache Hierarchy.
[2020.05.15-02.49.17:112][  0]LogDerivedDataCache: Display: Pak cache opened for reading ../../../Engine/DerivedDataCache/Compressed.ddp.
[2020.05.15-02.49.17:112][  0]LogDerivedDataCache: FDerivedDataBackendGraph:  EnterprisePak pak cache file ../../../Enterprise/DerivedDataCache/Compressed.ddp not found, will not use a pak cache.
[2020.05.15-02.49.17:112][  0]LogDerivedDataCache: Unable to find inner node EnterprisePak for hierarchical cache Hierarchy.
[2020.05.15-02.49.17:113][  0]LogDerivedDataCache: Using Local data cache path C:/Users/Heroro/AppData/Local/UnrealEngine/Common/DerivedDataCache: Writable
[2020.05.15-02.49.17:113][  0]LogDerivedDataCache: Shared data cache path not found in *engine.ini, will not use an Shared cache.
[2020.05.15-02.49.17:113][  0]LogDerivedDataCache: Unable to find inner node Shared for hierarchical cache Hierarchy.
[2020.05.15-02.49.17:155][  0]LogMaterial: Verifying Global Shaders for PCD3D_SM5
[2020.05.15-02.49.17:244][  0]LogSlate: Using FreeType 2.6.0
[2020.05.15-02.49.17:290][  0]LogSlate: SlateFontServices - WITH_FREETYPE: 1, WITH_HARFBUZZ: 1
[2020.05.15-02.49.17:739][  0]LogAssetRegistry: FAssetRegistry took 0.0039 seconds to start up
[2020.05.15-02.49.20:515][  0]LogInit: Selected Device Profile: [Windows]
[2020.05.15-02.49.21:888][  0]LogMeshReduction: Using QuadricMeshReduction for automatic static mesh reduction
[2020.05.15-02.49.21:888][  0]LogMeshReduction: Using SimplygonMeshReduction for automatic skeletal mesh reduction
[2020.05.15-02.49.21:888][  0]LogMeshReduction: Using ProxyLODMeshReduction for automatic mesh merging
[2020.05.15-02.49.21:888][  0]LogMeshReduction: No distributed automatic mesh merging module available
[2020.05.15-02.49.21:888][  0]LogMeshMerging: No distributed automatic mesh merging module available
[2020.05.15-02.49.22:265][  0]LogNetVersion: SMU_2ST 1.0.0, NetCL: 8386587, EngineNetVer: 11, GameNetVer: 0 (Checksum: 139875205)
[2020.05.15-02.49.24:916][  0]LogPackageLocalizationCache: Processed 12 localized package path(s) for 2 prioritized culture(s) in 0.118648 seconds
[2020.05.15-02.49.24:921][  0]LogUObjectArray: 43444 objects as part of root set at end of initial load.
[2020.05.15-02.49.24:921][  0]LogUObjectAllocator: 7548648 out of 0 bytes used by permanent object pool.
[2020.05.15-02.49.24:921][  0]LogUObjectArray: CloseDisregardForGC: 0/0 objects in disregard for GC pool
[2020.05.15-02.49.35:304][  0]LogTcpMessaging: Initializing TcpMessaging bridge
[2020.05.15-02.49.35:408][  0]LogUdpMessaging: Initializing bridge on interface 0.0.0.0:0 to multicast group 230.0.0.1:6666.
[2020.05.15-02.49.36:845][  0]SourceControl: 源码管理已禁用
[2020.05.15-02.49.36:864][  0]LogWindows: Warning: CreateProc failed: 系统找不到指定的文件。 (0x00000002)
[2020.05.15-02.49.36:864][  0]LogWindows: Warning: URL: G:/Git/bin/git.exe version
[2020.05.15-02.49.37:220][  0]LogWindows: Warning: CreateProc failed: 系统找不到指定的文件。 (0x00000002)
[2020.05.15-02.49.37:220][  0]LogWindows: Warning: URL: G:/Git/bin/git.exe version
[2020.05.15-02.49.37:287][  0]LogWindows: Warning: CreateProc failed: 系统找不到指定的文件。 (0x00000002)
[2020.05.15-02.49.37:287][  0]LogWindows: Warning: URL: G:/Git/bin/git.exe version
[2020.05.15-02.49.37:401][  0]LogVSAccessor: Display: Unable to create Visual Studio setup instance: 80040154
[2020.05.15-02.49.37:402][  0]LogVSAccessor: Display: Unable to create Visual Studio setup instance: 80040154
[2020.05.15-02.49.40:899][  0]LogAndroidPermission: UAndroidPermissionCallbackProxy::GetInstance
[2020.05.15-02.49.43:044][  0]LogOcInput: OculusInput pre-init called
[2020.05.15-02.49.43:229][  0]LogWindows: Failed to load 'OVRPlugin.dll' (GetLastError=126)
[2020.05.15-02.49.43:229][  0]LogWindows: File 'OVRPlugin.dll' does not exist
[2020.05.15-02.49.45:267][  0]LogEngine: Initializing Engine...
[2020.05.15-02.49.45:309][  0]LogHMD: Failed to initialize OpenVR with code 110
[2020.05.15-02.49.45:452][  0]LogStats: UGameplayTagsManager::InitializeManager -  0.095 s
[2020.05.15-02.49.45:725][  0]LogPackageName: Warning: Asset path "JW_FlameDungeon.FX.SM_FX_Embers" is in short form, which is unsupported and -- even if valid -- resolving it will be really slow.
[2020.05.15-02.49.45:725][  0]LogPackageName: Warning: Please consider resaving package in order to speed-up loading.
[2020.05.15-02.49.45:725][  0]LogPackageName: SearchForPackageOnDisk took   0.057s, but failed to resolve JW_FlameDungeon.
[2020.05.15-02.49.45:725][  0]LogPackageName: Warning: Asset path "JW_FlameDungeon.FX.SM_FX_Embers" could not be resolved.
[2020.05.15-02.49.45:725][  0]LogPackageName: Warning: Asset path "JW_FlameDungeon.FX.SM_FogPlane02" is in short form, which is unsupported and -- even if valid -- resolving it will be really slow.
[2020.05.15-02.49.45:725][  0]LogPackageName: Warning: Please consider resaving package in order to speed-up loading.
[2020.05.15-02.49.45:725][  0]LogInit: Initializing FReadOnlyCVARCache
[2020.05.15-02.49.46:590][  0]LogPackageName: SearchForPackageOnDisk took   0.056s, but failed to resolve JW_FlameDungeon.
[2020.05.15-02.49.46:590][  0]LogPackageName: Warning: Asset path "JW_FlameDungeon.FX.SM_FogPlane02" could not be resolved.
[2020.05.15-02.49.46:590][  0]LogAIModule: Creating AISystem for world Untitled
[2020.05.15-02.49.46:988][  0]LogInit: XAudio2 using 'Speakers / Headphones (Plantronics HD1)' : 6 channels at 48 kHz using 24 bits per sample (channel mask 0x3f)
[2020.05.15-02.49.47:031][  0]LogInit: FAudioDevice initialized.
[2020.05.15-02.49.47:031][  0]LogNetVersion: Set ProjectVersion to 1.0.0.0. Version Checksum will be recalculated on next use.
[2020.05.15-02.49.47:071][  0]LogDerivedDataCache: Saved boot cache 0.04s 73MB C:/Users/Heroro/AppData/Local/UnrealEngine/4.23/DerivedDataCache/Boot.ddc.
[2020.05.15-02.49.47:077][  0]LogInit: Texture streaming: Enabled
[2020.05.15-02.49.47:393][  0]LogEngineSessionManager: EngineSessionManager initialized
[2020.05.15-02.49.47:393][  0]LogEditorSessionSummary: Verbose: Initializing EditorSessionSummaryWriter for editor session tracking
[2020.05.15-02.49.47:408][  0]LogEditorSessionSummary: EditorSessionSummaryWriter initialized
[2020.05.15-02.49.47:828][  0]LogInit: Transaction tracking system initialized
[2020.05.15-02.49.49:138][  0]BlueprintLog: New page: 编辑器加载
[2020.05.15-02.49.52:883][  0]LocalizationService: 本地化服务已禁用
[2020.05.15-02.49.55:186][  0]LogPackageName: Warning: Asset path "StaticMesh'FX_Meshes_IB.SM_Debris_Box_RadialFull'" is in short form, which is unsupported and -- even if valid -- resolving it will be really slow.
[2020.05.15-02.49.55:187][  0]LogPackageName: Warning: Please consider resaving package in order to speed-up loading.
[2020.05.15-02.49.55:187][  0]LogPackageName: SearchForPackageOnDisk took   0.058s, but failed to resolve StaticMesh'FX_Meshes_IB.
[2020.05.15-02.49.55:187][  0]LogPackageName: Warning: Asset path "StaticMesh'FX_Meshes_IB.SM_Debris_Box_RadialFull'" could not be resolved.
[2020.05.15-02.49.55:187][  0]LogVSAccessor: Display: Unable to create Visual Studio setup instance: 80040154
[2020.05.15-02.49.55:187][  0]LogVSAccessor: Display: Unable to create Visual Studio setup instance: 80040154
[2020.05.15-02.49.56:307][  0]LogPackageName: Warning: Asset path "JW_Ice_Mountain.Mesh.SM_SnowBoulder" is in short form, which is unsupported and -- even if valid -- resolving it will be really slow.
[2020.05.15-02.49.56:308][  0]LogPackageName: Warning: Please consider resaving package in order to speed-up loading.
[2020.05.15-02.49.56:308][  0]LogPackageName: SearchForPackageOnDisk took   0.056s, but failed to resolve JW_Ice_Mountain.
[2020.05.15-02.49.56:308][  0]LogPackageName: Warning: Asset path "JW_Ice_Mountain.Mesh.SM_SnowBoulder" could not be resolved.
[2020.05.15-02.49.56:308][  0]LogFileCache: Scanning file cache for directory 'E:/BSnewgame/Content/' took 0.04s
[2020.05.15-02.49.56:308][  0]LogCook: Display: Max memory allowance for cook 16384mb min free memory 0mb
[2020.05.15-02.49.56:308][  0]LogCook: Display: Mobile HDR setting 1
[2020.05.15-02.49.56:766][  0]LogPackageName: Warning: Asset path "FX_Meshes.UI.SM_SelectionMesh_01" is in short form, which is unsupported and -- even if valid -- resolving it will be really slow.
[2020.05.15-02.49.56:766][  0]LogPackageName: Warning: Please consider resaving package in order to speed-up loading.
[2020.05.15-02.49.56:766][  0]LogPackageName: SearchForPackageOnDisk took   0.055s, but failed to resolve FX_Meshes.
[2020.05.15-02.49.56:766][  0]LogPackageName: Warning: Asset path "FX_Meshes.UI.SM_SelectionMesh_01" could not be resolved.
[2020.05.15-02.49.56:766][  0]LogPackageName: Warning: Asset path "FX_Meshes.UI.SM_SelectionMesh_01" is in short form, which is unsupported and -- even if valid -- resolving it will be really slow.
[2020.05.15-02.49.56:766][  0]LogPackageName: Warning: Please consider resaving package in order to speed-up loading.
[2020.05.15-02.49.58:006][  0]LogPackageName: SearchForPackageOnDisk took   0.055s, but failed to resolve FX_Meshes.
[2020.05.15-02.49.58:006][  0]LogPackageName: Warning: Asset path "FX_Meshes.UI.SM_SelectionMesh_01" could not be resolved.
[2020.05.15-02.49.58:006][  0]LogPackageName: Warning: Asset path "'FX_Ambient.Meshes.SM_Bats'" is in short form, which is unsupported and -- even if valid -- resolving it will be really slow.
[2020.05.15-02.49.58:006][  0]LogPackageName: Warning: Please consider resaving package in order to speed-up loading.
[2020.05.15-02.49.58:006][  0]LogPackageName: SearchForPackageOnDisk took   0.056s, but failed to resolve 'FX_Ambient.
[2020.05.15-02.49.58:006][  0]LogPackageName: Warning: Asset path "'FX_Ambient.Meshes.SM_Bats'" could not be resolved.
[2020.05.15-02.49.58:006][  0]LogPackageName: Warning: Asset path "CastleEffects.TouchToMoveArrow" is in short form, which is unsupported and -- even if valid -- resolving it will be really slow.
[2020.05.15-02.49.58:006][  0]LogPackageName: Warning: Please consider resaving package in order to speed-up loading.
[2020.05.15-02.49.58:006][  0]LogPackageName: SearchForPackageOnDisk took   0.055s, but failed to resolve CastleEffects.
[2020.05.15-02.49.58:006][  0]LogPackageName: Warning: Asset path "CastleEffects.TouchToMoveArrow" could not be resolved.
[2020.05.15-02.49.59:068][  0]LogPackageName: Warning: Asset path "StaticMesh'FX_Meshes.Fire.SM_Dungeon_Pipes_Lava01_Cool'" is in short form, which is unsupported and -- even if valid -- resolving it will be really slow.
[2020.05.15-02.49.59:068][  0]LogPackageName: Warning: Please consider resaving package in order to speed-up loading.
[2020.05.15-02.49.59:068][  0]LogPackageName: SearchForPackageOnDisk took   0.056s, but failed to resolve StaticMesh'FX_Meshes.
[2020.05.15-02.49.59:068][  0]LogPackageName: Warning: Asset path "StaticMesh'FX_Meshes.Fire.SM_Dungeon_Pipes_Lava01_Cool'" could not be resolved.
[2020.05.15-02.49.59:068][  0]LogPackageName: Warning: Asset path "m_FogSheet_02" is in short form, which is unsupported and -- even if valid -- resolving it will be really slow.
[2020.05.15-02.49.59:068][  0]LogPackageName: Warning: Please consider resaving package in order to speed-up loading.
[2020.05.15-02.49.59:068][  0]LogPackageName: SearchForPackageOnDisk took   0.054s to resolve m_FogSheet_02.
[2020.05.15-02.50.00:842][  0]LogPackageName: Warning: Asset path "FX_Test_LAN.Meshes.SM_IceWall01" is in short form, which is unsupported and -- even if valid -- resolving it will be really slow.
[2020.05.15-02.50.00:842][  0]LogPackageName: Warning: Please consider resaving package in order to speed-up loading.
[2020.05.15-02.50.00:842][  0]LogPackageName: SearchForPackageOnDisk took   0.055s, but failed to resolve FX_Test_LAN.
[2020.05.15-02.50.00:842][  0]LogPackageName: Warning: Asset path "FX_Test_LAN.Meshes.SM_IceWall01" could not be resolved.
[2020.05.15-02.50.01:502][  0]LogWindows: Warning: CreateProc failed: 系统找不到指定的文件。 (0x00000002)
[2020.05.15-02.50.01:502][  0]LogWindows: Warning: URL: G:/Git/bin/git.exe version
[2020.05.15-02.50.01:568][  0]Cmd: MAP LOAD FILE="../../../../../BSnewgame/Content/Maps/uilevel.umap" TEMPLATE=0 SHOWPROGRESS=1 FEATURELEVEL=3
[2020.05.15-02.50.01:613][  0]LightingResults: New page: 光照构建
[2020.05.15-02.50.01:647][  0]LogWorld: UWorld::CleanupWorld for Untitled, bSessionEnded=true, bCleanupResources=true
[2020.05.15-02.50.01:706][  0]MapCheck: New page: 地图检测
[2020.05.15-02.50.01:706][  0]LightingResults: New page: 光照构建
[2020.05.15-02.50.01:977][  0]LogUObjectHash: Compacting FUObjectHashTables data took   1.26ms
[2020.05.15-02.50.03:067][  0]LogPackageName: Warning: Asset path "m_FogSheet_02" is in short form, which is unsupported and -- even if valid -- resolving it will be really slow.
[2020.05.15-02.50.03:067][  0]LogPackageName: Warning: Please consider resaving package in order to speed-up loading.
[2020.05.15-02.50.03:067][  0]LogPackageName: SearchForPackageOnDisk took   0.054s to resolve m_FogSheet_02.
[2020.05.15-02.50.03:067][  0]LogPackageName: Warning: Asset path "m_FogSheet_02" is in short form, which is unsupported and -- even if valid -- resolving it will be really slow.
[2020.05.15-02.50.03:067][  0]LogPackageName: Warning: Please consider resaving package in order to speed-up loading.
[2020.05.15-02.50.03:067][  0]LogPackageName: SearchForPackageOnDisk took   0.070s to resolve m_FogSheet_02.
[2020.05.15-02.50.03:067][  0]LogPackageName: Warning: Asset path "m_FogSheet_02" is in short form, which is unsupported and -- even if valid -- resolving it will be really slow.
[2020.05.15-02.50.03:067][  0]LogPackageName: Warning: Please consider resaving package in order to speed-up loading.
[2020.05.15-02.50.03:067][  0]LogPackageName: SearchForPackageOnDisk took   0.054s to resolve m_FogSheet_02.
[2020.05.15-02.50.07:241][  0]LogAIModule: Creating AISystem for world uilevel
[2020.05.15-02.50.07:425][  0]LogEditorServer: Finished looking for orphan Actors (0.000 secs)
[2020.05.15-02.50.07:656][  0]LogUObjectHash: Compacting FUObjectHashTables data took  10.51ms
[2020.05.15-02.50.07:656][  0]Cmd: MAP CHECKDEP NOCLEARLOG
[2020.05.15-02.50.07:671][  0]MapCheck: 地图检测完成：0个错误、0个警告、完成用时14.98毫秒。
[2020.05.15-02.50.07:671][  0]LogFileHelpers: Loading map 'uilevel' took 6.138
[2020.05.15-02.50.10:191][  0]LogSlate: Updating window title bar state: overlay mode, drag disabled, window buttons hidden, title bar hidden
[2020.05.15-02.50.10:197][  0]LogSlate: Updating window title bar state: overlay mode, drag disabled, window buttons hidden, title bar hidden
[2020.05.15-02.50.10:202][  0]LogSlate: Updating window title bar state: overlay mode, drag disabled, window buttons hidden, title bar hidden
[2020.05.15-02.50.10:207][  0]LogSlate: Updating window title bar state: overlay mode, drag disabled, window buttons hidden, title bar hidden
[2020.05.15-02.50.10:335][  0]LogCollectionManager: Loaded 0 collections in 0.000640 seconds
[2020.05.15-02.50.10:533][  0]LogFileCache: Scanning file cache for directory 'E:/BSnewgame/Saved/Collections/' took 0.00s
[2020.05.15-02.50.10:533][  0]LogFileCache: Scanning file cache for directory 'E:/BSnewgame/Content/Developers/Heroro/Collections/' took 0.00s
[2020.05.15-02.50.10:533][  0]LogFileCache: Scanning file cache for directory 'E:/BSnewgame/Content/Collections/' took 0.00s
[2020.05.15-02.50.10:533][  0]LogCollectionManager: Rebuilt the GUID cache for 0 collections in 0.000002 seconds
[2020.05.15-02.50.10:541][  0]LogContentBrowser: Native class hierarchy populated in 0.0079 seconds. Added 2863 classes and 680 folders.
[2020.05.15-02.50.10:730][  0]LogContentBrowser: Native class hierarchy updated for 'WidgetCarousel' in 0.0002 seconds. Added 0 classes and 0 folders.
[2020.05.15-02.50.12:292][  0]LogContentBrowser: Native class hierarchy updated for 'AddContentDialog' in 0.0002 seconds. Added 0 classes and 0 folders.
[2020.05.15-02.50.12:337][  0]LogContentBrowser: Native class hierarchy updated for 'SceneOutliner' in 0.0002 seconds. Added 1 classes and 2 folders.
[2020.05.15-02.50.13:295][  0]LogSlate: Took 0.037563 seconds to synchronously load lazily loaded font '../../../Engine/Content/Slate/Fonts/Roboto-Regular.ttf' (155K)
[2020.05.15-02.50.13:384][  0]LogSlate: Took 0.066232 seconds to synchronously load lazily loaded font '../../../Engine/Content/Slate/Fonts/DroidSansFallback.ttf' (3848K)
[2020.05.15-02.50.13:482][  0]LogSlate: Took 0.097297 seconds to synchronously load lazily loaded font '../../../Engine/Content/Slate/Fonts/Roboto-Bold.ttf' (160K)
[2020.05.15-02.50.13:558][  0]LogSlate: Took 0.013737 seconds to synchronously load lazily loaded font '../../../Engine/Content/Editor/Slate/Fonts/FontAwesome.ttf' (139K)
[2020.05.15-02.50.14:072][  0]LogRenderer: Reallocating scene render targets to support 1624x732 Format 10 NumSamples 1 (Frame:1).
[2020.05.15-02.50.15:213][  0]LogContentBrowser: Native class hierarchy updated for 'HierarchicalLODOutliner' in 0.0002 seconds. Added 0 classes and 0 folders.
[2020.05.15-02.50.15:213][  0]LogLoad: (Engine Initialization) Total time: 72.82 seconds
[2020.05.15-02.50.15:213][  0]LogLoad: (Engine Initialization) Total Blueprint compile time: 0.00 seconds
[2020.05.15-02.50.15:608][  0]LogContentStreaming: Texture pool size now 1000 MB
[2020.05.15-02.50.16:006][  1]LogFileCache: Retrieving MD5 hashes for directory 'E:/BSnewgame/Content/' took 0.57s
[2020.05.15-02.50.16:603][  4]LogStaticMesh: 正在构建静态网格体SM_Prop_Gravestone_01……
[2020.05.15-02.50.16:678][  4]LogSlate: Took 0.071289 seconds to synchronously load lazily loaded font '../../../Engine/Content/Slate/Fonts/Roboto-Light.ttf' (167K)
[2020.05.15-02.50.16:780][  4]LogStaticMesh: Built static mesh [0.18s] /Game/Maps/Map-GongNeng/SM_Prop_Gravestone_01.SM_Prop_Gravestone_01
[2020.05.15-02.50.16:848][  4]LogAssetEditorManager: Opening Asset editor for Blueprint /Game/Maps/Map-GongNeng/Altar.Altar
[2020.05.15-02.50.17:474][  4]LogContentBrowser: Native class hierarchy updated for 'BlueprintGraph' in 0.0004 seconds. Added 121 classes and 0 folders.
[2020.05.15-02.50.19:078][  4]LogAssetEditorManager: Opening Asset editor for Blueprint /Game/GemeSettings/MyPlayerController.MyPlayerController
[2020.05.15-02.50.19:424][  4]LogAssetEditorManager: Opening Asset editor for ParticleSystem /Game/TX/QF/PAR/qiliu.qiliu
[2020.05.15-02.50.19:581][  4]LogContentBrowser: Native class hierarchy updated for 'Cascade' in 0.0002 seconds. Added 2 classes and 2 folders.
[2020.05.15-02.50.20:535][  4]LogAssetEditorManager: Opening Asset editor for Blueprint /Game/Ghost01/Ghost01_BluePrint/Ghost_BP.Ghost_BP
[2020.05.15-02.50.20:858][  4]LogAssetEditorManager: Opening Asset editor for AnimMontage /Game/Ghost01/Ghost01_AnimationBP/Ghost01_Attack.Ghost01_Attack
[2020.05.15-02.50.21:302][  4]LogContentBrowser: Native class hierarchy updated for 'SkeletonEditor' in 0.0002 seconds. Added 1 classes and 2 folders.
[2020.05.15-02.50.21:946][  4]LogActorComponent: RegisterComponentWithWorld: (/Engine/Transient.World_7:PersistentLevel.AnimationEditorPreviewActor_0.DebugSkelMeshComponent_0) Already registered. Aborting.
[2020.05.15-02.50.22:056][  4]LogContentBrowser: Native class hierarchy updated for 'PinnedCommandList' in 0.0002 seconds. Added 1 classes and 0 folders.
[2020.05.15-02.50.22:881][  4]LogSkeletalMesh: USkeletalMeshComponent::InitArticulated : Bodies already created (/Engine/Transient.World_7:PersistentLevel.AnimationEditorPreviewActor_0.DebugSkelMeshComponent_0) - call TermArticulated first.
[2020.05.15-02.50.24:419][  4]LogAssetEditorManager: Opening Asset editor for AnimBlueprint /Game/Ghost01/Ghost01_AnimationBP/Ghost01_AnimationBP.Ghost01_AnimationBP
[2020.05.15-02.50.24:441][  4]LogActorComponent: RegisterComponentWithWorld: (/Engine/Transient.World_10:PersistentLevel.AnimationEditorPreviewActor_0.DebugSkelMeshComponent_0) Already registered. Aborting.
[2020.05.15-02.50.24:811][  4]LogSkeletalMesh: USkeletalMeshComponent::InitArticulated : Bodies already created (/Engine/Transient.World_10:PersistentLevel.AnimationEditorPreviewActor_0.DebugSkelMeshComponent_0) - call TermArticulated first.
[2020.05.15-02.50.25:688][  4]LogSlate: Took 0.013731 seconds to synchronously load lazily loaded font '../../../Engine/Content/Slate/Fonts/Roboto-BoldCondensed.ttf' (158K)
[2020.05.15-02.50.26:470][  5]LogSlate: Took 0.107683 seconds to synchronously load lazily loaded font '../../../Engine/Content/Slate/Fonts/Roboto-Italic.ttf' (157K)
[2020.05.15-02.50.26:891][ 35]LogPackageName: Warning: Asset path "JW_Ice_Mountain.Mesh.SM_SnowBoulder" is in short form, which is unsupported and -- even if valid -- resolving it will be really slow.
[2020.05.15-02.50.26:891][ 35]LogPackageName: Warning: Please consider resaving package in order to speed-up loading.
[2020.05.15-02.50.26:954][ 40]LogPackageName: SearchForPackageOnDisk took   0.056s, but failed to resolve JW_Ice_Mountain.
[2020.05.15-02.50.26:954][ 40]LogPackageName: Warning: Asset path "JW_Ice_Mountain.Mesh.SM_SnowBoulder" could not be resolved.
[2020.05.15-02.50.27:016][ 45]LogPackageName: Warning: Asset path "S_Survival_CA_Chicken_02.SM.S_Survival_CA_Chicken_02" is in short form, which is unsupported and -- even if valid -- resolving it will be really slow.
[2020.05.15-02.50.27:016][ 45]LogPackageName: Warning: Please consider resaving package in order to speed-up loading.
[2020.05.15-02.50.27:066][ 49]LogPackageName: SearchForPackageOnDisk took   0.055s to resolve S_Survival_CA_Chicken_02.
[2020.05.15-02.50.27:492][ 83]LogPackageName: Warning: Asset path "JW_Ice_Mountain.Mesh.SM_SnowBoulder" is in short form, which is unsupported and -- even if valid -- resolving it will be really slow.
[2020.05.15-02.50.27:492][ 83]LogPackageName: Warning: Please consider resaving package in order to speed-up loading.
[2020.05.15-02.50.27:554][ 88]LogPackageName: SearchForPackageOnDisk took   0.055s, but failed to resolve JW_Ice_Mountain.
[2020.05.15-02.50.27:555][ 88]LogPackageName: Warning: Asset path "JW_Ice_Mountain.Mesh.SM_SnowBoulder" could not be resolved.
[2020.05.15-02.50.27:606][ 92]LogPackageName: Warning: Asset path "Env_ALL_Artifacts.Mesh.Env_ALL_Terminus001" is in short form, which is unsupported and -- even if valid -- resolving it will be really slow.
[2020.05.15-02.50.27:606][ 92]LogPackageName: Warning: Please consider resaving package in order to speed-up loading.
[2020.05.15-02.50.27:670][ 97]LogPackageName: SearchForPackageOnDisk took   0.055s, but failed to resolve Env_ALL_Artifacts.
[2020.05.15-02.50.27:670][ 97]LogPackageName: Warning: Asset path "Env_ALL_Artifacts.Mesh.Env_ALL_Terminus001" could not be resolved.
[2020.05.15-02.50.34:644][652]LogCollectionManager: Rebuilt the object cache for 0 collections in 0.000004 seconds (found 0 objects)
[2020.05.15-02.50.35:564][759]LogSlate: FSceneViewport::OnFocusLost() reason 0
[2020.05.15-02.50.38:708][118]LogAssetRegistry: Asset discovery search completed in 80.9695 seconds
[2020.05.15-02.50.38:718][118]LogCollectionManager: Fixed up redirectors for 0 collections in 0.000006 seconds (updated 0 objects)
[2020.05.15-02.50.44:177][510]LogSlate: Window '源码管理登陆' being destroyed
[2020.05.15-02.51.01:276][947]LogBlueprint: Warning: [Compiler BP_Butterfly] 函数“ Play Animation ”在构建脚本中调用不安全。
[2020.05.15-02.51.01:277][947]LogBlueprint: Warning: [Compiler BP_Butterfly] 函数“ Set Play Rate ”在构建脚本中调用不安全。
[2020.05.15-02.51.04:288][947]LogTexture: Display: 正在编译纹理：Texture2D_118（BGRA8、64X64）
[2020.05.15-02.51.04:288][947]LogTexture: Display: 正在编译纹理：Texture2D_124（BGRA8、64X64）
[2020.05.15-02.51.04:288][947]LogTexture: Display: 正在编译纹理：Texture2D_120（BGRA8、64X64）
[2020.05.15-02.51.04:288][947]LogTexture: Display: 正在编译纹理：Texture2D_154（BGRA8、64X64）
[2020.05.15-02.51.04:288][947]LogTexture: Display: 正在编译纹理：Texture2D_155（BGRA8、64X64）
[2020.05.15-02.51.04:288][947]LogTexture: Display: 正在编译纹理：Texture2D_156（BGRA8、64X64）
[2020.05.15-02.51.04:288][947]LogTexture: Display: 正在编译纹理：Texture2D_158（BGRA8、64X64）
[2020.05.15-02.51.04:288][947]LogTexture: Display: 正在编译纹理：Texture2D_196（BGRA8、64X64）
[2020.05.15-02.51.04:288][947]LogTexture: Display: 正在编译纹理：Texture2D_243（BGRA8、64X64）
[2020.05.15-02.51.04:288][947]LogTexture: Display: 正在编译纹理：Texture2D_246（BGRA8、64X64）
[2020.05.15-02.51.04:288][947]LogTexture: Display: 正在编译纹理：Texture2D_245（BGRA8、64X64）
[2020.05.15-02.51.04:288][947]LogTexture: Display: 正在编译纹理：Texture2D_33（BGRA8、64X64）
[2020.05.15-02.51.04:288][947]LogTexture: Display: 正在编译纹理：Texture2D_4（BGRA8、64X64）
[2020.05.15-02.51.04:288][947]LogTexture: Display: 正在编译纹理：Texture2D_5（BGRA8、64X64）
[2020.05.15-02.51.04:288][947]LogTexture: Display: 正在编译纹理：Texture2D_6（BGRA8、64X64）
[2020.05.15-02.51.04:288][947]LogTexture: Display: 正在编译纹理：Texture2D_7（BGRA8、64X64）
[2020.05.15-02.51.04:288][947]LogTexture: Display: 正在编译纹理：Texture2D_76（BGRA8、64X64）
[2020.05.15-02.51.04:288][947]LogTexture: Display: 正在编译纹理：Texture2D_77（BGRA8、64X64）
[2020.05.15-02.51.04:288][947]LogTexture: Display: 正在编译纹理：Texture2D_78（BGRA8、64X64）
[2020.05.15-02.51.04:288][947]LogTexture: Display: 正在编译纹理：Texture2D_79（BGRA8、64X64）
[2020.05.15-02.51.04:288][947]LogTexture: Display: 正在编译纹理：Texture2D_80（BGRA8、64X64）
[2020.05.15-02.51.04:288][947]LoadErrors: Warning: 线性颜色曲线现可精确处理数值大于1的RGB。若依赖HSV限制，请更新CurveLinearColor_0
[2020.05.15-02.51.04:532][947]LogAIModule: Creating AISystem for world MAP
[2020.05.15-02.51.04:707][947]LogAssetEditorManager: Opening Asset editor for World /Game/Maps/MAP.MAP
[2020.05.15-02.51.04:797][947]LogUObjectHash: Compacting FUObjectHashTables data took   4.69ms
[2020.05.15-02.51.04:798][947]Cmd: MAP LOAD FILE="../../../../../BSnewgame/Content/Maps/MAP.umap" TEMPLATE=0 SHOWPROGRESS=1 FEATURELEVEL=3
[2020.05.15-02.51.04:798][947]LightingResults: New page: 光照构建
[2020.05.15-02.51.04:799][947]LoadErrors: New page: 正在加载地图：MAP.umap
[2020.05.15-02.51.04:804][947]LogWorld: UWorld::CleanupWorld for uilevel, bSessionEnded=true, bCleanupResources=true
[2020.05.15-02.51.04:804][947]MapCheck: New page: 地图检测
[2020.05.15-02.51.04:804][947]LightingResults: New page: 光照构建
[2020.05.15-02.51.04:885][947]LogUObjectHash: Compacting FUObjectHashTables data took   3.98ms
[2020.05.15-02.51.06:864][947]LogEditorServer: Finished looking for orphan Actors (0.000 secs)
[2020.05.15-02.51.06:923][947]LogUObjectHash: Compacting FUObjectHashTables data took   2.93ms
[2020.05.15-02.51.06:967][947]Cmd: MAP CHECKDEP NOCLEARLOG
[2020.05.15-02.51.06:967][947]MapCheck: 地图检测完成：0个错误、0个警告、完成用时0.168毫秒。
[2020.05.15-02.51.06:967][947]LogFileHelpers: Loading map 'MAP' took 2.170
[2020.05.15-02.51.07:110][949]LogStaticMesh: Allocated 32x8x11 distance field atlas = 0.0Mb, with 4 objects containing 0.0Mb backing data
[2020.05.15-02.51.15:494][973]LogEditorSessionSummary: EditorSessionSummary sent report. Type=Shutdown, SessionId={190E2D26-436A-68D8-A335-EDA28752C666}
[2020.05.15-02.52.55:918][800]LogSlate: FSceneViewport::OnFocusLost() reason 5
[2020.05.15-02.55.23:004][987]LogSlate: FSceneViewport::OnFocusLost() reason 5
[2020.05.15-02.55.43:043][409]LogFactory: FactoryCreateFile: Texture with ReimportTextureFactory (0 0 C:\Users\Heroro\Desktop\titler.png)
[2020.05.15-02.55.43:062][409]LogTexture: Display: 正在编译纹理：titler（BGRA8、1522X394）
[2020.05.15-02.55.50:886][ 30]LogAssetEditorManager: Opening Asset editor for Texture2D /Game/UI/picture/titler.titler
[2020.05.15-02.55.50:918][ 30]LogContentBrowser: Native class hierarchy updated for 'TextureEditor' in 0.0003 seconds. Added 1 classes and 2 folders.
[2020.05.15-02.56.05:461][450]Cmd: OBJ SAVEPACKAGE PACKAGE="/Game/UI/picture/titler" FILE="../../../../../BSnewgame/Content/UI/picture/titler.uasset" SILENT=true
[2020.05.15-02.56.05:544][450]LogSavePackage: Moving '../../../../../BSnewgame/Saved/titlerE0F90D3F48B69D642F2C5C8457D32980.tmp' to '../../../../../BSnewgame/Content/UI/picture/titler.uasset'
[2020.05.15-02.56.06:268][490]LogSlate: Window 'titler' being destroyed
[2020.05.15-02.56.20:060][355]LogAssetEditorManager: Opening Asset editor for WidgetBlueprint /Game/UI/starmain.starmain
[2020.05.15-02.56.20:322][355]LogClass: Warning: Enum '/Game/Particles_Wind_Control_System/Blueprints/Enumerations/P_Leaves_Enum.P_Leaves_Enum' was upgraded to use FText to store its display name data. Please re-save this asset to avoid issues with localization and determinstic cooking.
[2020.05.15-02.56.49:244][634]LogAssetEditorManager: Opening Asset editor for Texture2D /Game/UI/picture/titler.titler
[2020.05.15-02.56.55:638][194]Cmd: OBJ SAVEPACKAGE PACKAGE="/Game/UI/picture/titler" FILE="../../../../../BSnewgame/Content/UI/picture/titler.uasset" SILENT=true
[2020.05.15-02.56.55:657][194]LogSavePackage: Moving '../../../../../BSnewgame/Saved/titlerB60F0FC648F6868381ED23A35D25B0C6.tmp' to '../../../../../BSnewgame/Content/UI/picture/titler.uasset'
[2020.05.15-02.56.56:272][236]LogSlate: Window 'titler' being destroyed
[2020.05.15-02.57.18:582][940]LogUObjectHash: Compacting FUObjectHashTables data took   6.12ms
[2020.05.15-02.57.19:647][940]LogSlate: Window 'Delete Assets' being destroyed
[2020.05.15-02.57.19:823][940]LogUObjectHash: Compacting FUObjectHashTables data took   4.84ms
[2020.05.15-02.57.19:861][940]LogUObjectHash: Compacting FUObjectHashTables data took   3.21ms
[2020.05.15-02.57.19:896][940]LogUObjectHash: Compacting FUObjectHashTables data took   0.98ms
[2020.05.15-02.57.19:984][940]SourceControl: rm 'Content/UI/picture/titler.uasset'
[2020.05.15-02.57.24:573][ 70]LogFactory: FactoryCreateFile: Texture with ReimportTextureFactory (0 0 C:\Users\Heroro\Desktop\titler.png)
[2020.05.15-02.57.24:586][ 70]LogTexture: Display: 正在编译纹理：titler（BGRA8、1522X394）
[2020.05.15-02.57.39:550][753]LogAssetEditorManager: Opening Asset editor for Texture2D /Game/UI/picture/titler.titler
[2020.05.15-02.57.42:840][961]LogSlate: Window 'titler' being destroyed
[2020.05.15-02.57.50:523][479]LogAssetEditorManager: Opening Asset editor for Texture2D /Game/UI/picture/titler.titler
[2020.05.15-02.57.59:428][147]LogSlate: Window 'titler' being destroyed
[2020.05.15-02.58.00:738][234]LogAssetEditorManager: Opening Asset editor for Texture2D /Game/UI/picture/A.A
[2020.05.15-02.58.16:172][417]Cmd: OBJ SAVEPACKAGE PACKAGE="/Game/UI/picture/titler" FILE="../../../../../BSnewgame/Content/UI/picture/titler.uasset" SILENT=true
[2020.05.15-02.58.16:184][417]LogSavePackage: Moving '../../../../../BSnewgame/Saved/titler40271F284864C5F015E88A94D8C0EA5F.tmp' to '../../../../../BSnewgame/Content/UI/picture/titler.uasset'
[2020.05.15-02.58.18:073][537]LogSlate: Window 'A' being destroyed
[2020.05.15-02.58.23:645][949]LogAssetEditorManager: Opening Asset editor for Texture2D /Game/UI/picture/titler.titler
[2020.05.15-02.58.25:561][ 67]LogSlate: Window 'titler' being destroyed
[2020.05.15-02.58.26:521][133]LogAssetEditorManager: Opening Asset editor for Texture2D /Game/UI/picture/B.B
[2020.05.15-02.58.46:111][768]LogUObjectHash: Compacting FUObjectHashTables data took   4.26ms
[2020.05.15-02.58.47:110][768]LogSlate: Window 'Delete Assets' being destroyed
[2020.05.15-02.58.47:241][768]LogUObjectHash: Compacting FUObjectHashTables data took   3.58ms
[2020.05.15-02.58.47:282][768]LogUObjectHash: Compacting FUObjectHashTables data took   2.91ms
[2020.05.15-02.58.47:317][768]LogUObjectHash: Compacting FUObjectHashTables data took   1.33ms
[2020.05.15-02.58.47:405][768]SourceControl: rm 'Content/UI/picture/titler.uasset'
[2020.05.15-02.59.17:856][980]LogFactory: FactoryCreateFile: Texture with ReimportTextureFactory (0 0 C:/Users/Heroro/Desktop/1112.png)
[2020.05.15-02.59.17:860][980]LogTexture: Display: 正在编译纹理：1112（BGRA8、1522X394）
[2020.05.15-02.59.19:432][ 77]LogAssetEditorManager: Opening Asset editor for Texture2D /Game/UI/picture/1112.1112
[2020.05.15-02.59.24:805][507]LogSlate: Window '1112' being destroyed
[2020.05.15-02.59.55:474][853]LogUObjectHash: Compacting FUObjectHashTables data took   4.83ms
[2020.05.15-02.59.55:545][853]Cmd: OBJ SAVEPACKAGE PACKAGE="/Game/UI/starmain_2" FILE="../../../../../BSnewgame/Content/UI/starmain_2.uasset" SILENT=true
[2020.05.15-02.59.55:598][853]LogSavePackage: Moving '../../../../../BSnewgame/Saved/starmain_23197A80D4955DB8E3007CFBFE982793B.tmp' to '../../../../../BSnewgame/Content/UI/starmain_2.uasset'
[2020.05.15-03.00.04:080][511]LogUObjectHash: Compacting FUObjectHashTables data took   4.06ms
[2020.05.15-03.00.04:081][511]LogMetaData: Removing '/Game/UI/exitgame.SKEL_exitgame_C' ref from Metadata '/Game/UI/starmain_2.PackageMetaData'
[2020.05.15-03.00.04:081][511]LogMetaData: Removing '/Game/UI/exitgame.exitgame_C' ref from Metadata '/Game/UI/starmain_2.PackageMetaData'
[2020.05.15-03.00.04:097][511]Cmd: OBJ SAVEPACKAGE PACKAGE="/Game/UI/exitgame" FILE="../../../../../BSnewgame/Content/UI/exitgame.uasset" SILENT=true
[2020.05.15-03.00.04:116][511]LogSavePackage: Moving '../../../../../BSnewgame/Saved/exitgame637A2E804697484F02DA59972A84BA2B.tmp' to '../../../../../BSnewgame/Content/UI/exitgame.uasset'
[2020.05.15-03.00.04:590][511]LogUObjectHash: Compacting FUObjectHashTables data took   3.97ms
[2020.05.15-03.00.04:629][511]LogUObjectHash: Compacting FUObjectHashTables data took   2.94ms
[2020.05.15-03.00.04:663][511]LogUObjectHash: Compacting FUObjectHashTables data took   0.98ms
[2020.05.15-03.00.04:759][511]SourceControl: rm 'Content/UI/starmain_2.uasset'
[2020.05.15-03.00.06:256][595]LogAssetEditorManager: Opening Asset editor for WidgetBlueprint /Game/UI/exitgame.exitgame
[2020.05.15-03.00.53:569][329]LogSlate: Window 'exitgame' being destroyed
[2020.05.15-03.01.22:314][865]LogUObjectHash: Compacting FUObjectHashTables data took   4.34ms
[2020.05.15-03.01.22:331][865]LogMetaData: Removing '/Game/UI/ESCgame.ESCgame_C' ref from Metadata '/Game/UI/exitgame.PackageMetaData'
[2020.05.15-03.01.22:331][865]LogMetaData: Removing '/Game/UI/ESCgame.SKEL_ESCgame_C' ref from Metadata '/Game/UI/exitgame.PackageMetaData'
[2020.05.15-03.01.22:348][865]Cmd: OBJ SAVEPACKAGE PACKAGE="/Game/UI/ESCgame" FILE="../../../../../BSnewgame/Content/UI/ESCgame.uasset" SILENT=true
[2020.05.15-03.01.22:367][865]LogSavePackage: Moving '../../../../../BSnewgame/Saved/ESCgame94C053EB4CA84502C3834898B8AE1B25.tmp' to '../../../../../BSnewgame/Content/UI/ESCgame.uasset'
[2020.05.15-03.01.22:983][865]LogUObjectHash: Compacting FUObjectHashTables data took   4.38ms
[2020.05.15-03.01.23:028][865]LogUObjectHash: Compacting FUObjectHashTables data took   3.09ms
[2020.05.15-03.01.23:066][865]LogUObjectHash: Compacting FUObjectHashTables data took   1.00ms
[2020.05.15-03.01.23:150][865]SourceControl: rm 'Content/UI/exitgame.uasset'
[2020.05.15-03.01.29:834][288]LogUObjectHash: Compacting FUObjectHashTables data took   3.86ms
[2020.05.15-03.01.29:834][288]LogMetaData: Removing '/Game/UI/EXITgame.SKEL_EXITgame_C' ref from Metadata '/Game/UI/EXIT.PackageMetaData'
[2020.05.15-03.01.29:834][288]LogMetaData: Removing '/Game/UI/EXITgame.EXITgame_C' ref from Metadata '/Game/UI/EXIT.PackageMetaData'
[2020.05.15-03.01.29:834][288]LogMetaData: Removing '/Game/UI/EXITgame.EXITgame:EventGraph.K2Node_Event_0' ref from Metadata '/Game/UI/EXIT.PackageMetaData'
[2020.05.15-03.01.29:834][288]LogMetaData: Removing '/Game/UI/EXITgame.EXITgame:EventGraph.K2Node_Event_1' ref from Metadata '/Game/UI/EXIT.PackageMetaData'
[2020.05.15-03.01.29:835][288]LogMetaData: Removing '/Game/UI/EXITgame.EXITgame:EventGraph.K2Node_Event_2' ref from Metadata '/Game/UI/EXIT.PackageMetaData'
[2020.05.15-03.01.29:851][288]Cmd: OBJ SAVEPACKAGE PACKAGE="/Game/UI/EXITgame" FILE="../../../../../BSnewgame/Content/UI/EXITgame.uasset" SILENT=true
[2020.05.15-03.01.29:858][288]LogSavePackage: Moving '../../../../../BSnewgame/Saved/EXITgame37F502984F3A1A1CE463C0B6A93BA578.tmp' to '../../../../../BSnewgame/Content/UI/EXITgame.uasset'
[2020.05.15-03.01.30:242][288]LogUObjectHash: Compacting FUObjectHashTables data took   4.01ms
[2020.05.15-03.01.30:284][288]LogUObjectHash: Compacting FUObjectHashTables data took   3.02ms
[2020.05.15-03.01.30:322][288]LogUObjectHash: Compacting FUObjectHashTables data took   1.00ms
[2020.05.15-03.01.34:481][531]LogAssetEditorManager: Opening Asset editor for WidgetBlueprint /Game/UI/EXITgame.EXITgame
[2020.05.15-03.02.27:903][505]LogUObjectHash: Compacting FUObjectHashTables data took   3.79ms
[2020.05.15-03.02.27:903][505]LogFileHelpers: Editor autosave (incl. sublevels) for '/Game/Maps/MAP' took 0.041
[2020.05.15-03.02.27:904][505]OBJ SavePackage: Generating thumbnails for [0] asset(s) in package [/Game/UI/starmain] ([1] browsable assets)...
[2020.05.15-03.02.27:905][505]OBJ SavePackage: Finished generating thumbnails for package [/Game/UI/starmain]
[2020.05.15-03.02.27:905][505]Cmd: OBJ SAVEPACKAGE PACKAGE="/Game/UI/starmain" FILE="../../../../../BSnewgame/Saved/Autosaves/Game/UI/starmain_Auto1.uasset" SILENT=false AUTOSAVING=true
[2020.05.15-03.02.27:940][505]LogSavePackage: Moving '../../../../../BSnewgame/Saved/starmain_Auto13CA6BF38421767A1EB6E068B605E26E9.tmp' to '../../../../../BSnewgame/Saved/Autosaves/Game/UI/starmain_Auto1.uasset'
[2020.05.15-03.02.27:941][505]OBJ SavePackage: Generating thumbnails for [1] asset(s) in package [/Game/UI/picture/1112] ([1] browsable assets)...
[2020.05.15-03.02.27:943][505]OBJ SavePackage:     Rendered thumbnail for [Texture2D /Game/UI/picture/1112.1112]
[2020.05.15-03.02.27:943][505]OBJ SavePackage: Finished generating thumbnails for package [/Game/UI/picture/1112]
[2020.05.15-03.02.27:943][505]Cmd: OBJ SAVEPACKAGE PACKAGE="/Game/UI/picture/1112" FILE="../../../../../BSnewgame/Saved/Autosaves/Game/UI/picture/1112_Auto1.uasset" SILENT=false AUTOSAVING=true
[2020.05.15-03.02.27:949][505]LogSavePackage: Moving '../../../../../BSnewgame/Saved/1112_Auto189567DA94DA2F6F922A594BF1A4F4833.tmp' to '../../../../../BSnewgame/Saved/Autosaves/Game/UI/picture/1112_Auto1.uasset'
[2020.05.15-03.02.27:949][505]LogFileHelpers: Auto-saving content packages took 0.045
[2020.05.15-03.02.57:956][ 80]LogFactory: FactoryCreateFile: Texture with ReimportTextureFactory (0 0 C:/Users/Heroro/Desktop/black.png)
[2020.05.15-03.02.57:977][ 80]LogTexture: Display: 正在编译纹理：black（AutoDXT、1920X1080）
[2020.05.15-03.03.28:261][277]LogSlate: Last resort fallback font was requested. Font: '/Engine/EngineFonts/Faces/RobotoBold.RobotoBold', Character: '文 (U+6587)'
[2020.05.15-03.03.28:309][277]LogSlate: Took 0.046762 seconds to synchronously load lazily loaded font '../../../Engine/Content/SlateDebug/Fonts/LastResort.ttf' (5269K)
[2020.05.15-03.04.23:844][211]LogSlate: FontCache flush requested. Reason: Font Atlases Full; 2/1 Pages; frames since last flush: 38211
[2020.05.15-03.04.23:852][212]LogSlate: Took 0.000129 seconds to synchronously load lazily loaded font '../../../Engine/Content/Slate/Fonts/Roboto-Regular.ttf' (155K)
[2020.05.15-03.04.23:856][212]LogSlate: Took 0.000823 seconds to synchronously load lazily loaded font '../../../Engine/Content/Slate/Fonts/DroidSansFallback.ttf' (3848K)
[2020.05.15-03.04.23:856][212]LogSlate: Took 0.000193 seconds to synchronously load lazily loaded font '../../../Engine/Content/Slate/Fonts/Roboto-Light.ttf' (167K)
[2020.05.15-03.04.23:857][212]LogSlate: Took 0.000101 seconds to synchronously load lazily loaded font '../../../Engine/Content/Slate/Fonts/Roboto-Bold.ttf' (160K)
[2020.05.15-03.04.23:857][212]LogSlate: Took 0.000084 seconds to synchronously load lazily loaded font '../../../Engine/Content/Editor/Slate/Fonts/FontAwesome.ttf' (139K)
[2020.05.15-03.04.23:859][212]LogSlate: Took 0.000097 seconds to synchronously load lazily loaded font '../../../Engine/Content/Slate/Fonts/Roboto-BoldCondensed.ttf' (158K)
[2020.05.15-03.04.24:114][240]LogSlate: FontCache flush requested. Reason: Font Atlases Full; 2/1 Pages; frames since last flush: 29
[2020.05.15-03.04.24:122][241]LogSlate: Took 0.000090 seconds to synchronously load lazily loaded font '../../../Engine/Content/Slate/Fonts/Roboto-Regular.ttf' (155K)
[2020.05.15-03.04.24:125][241]LogSlate: Took 0.000662 seconds to synchronously load lazily loaded font '../../../Engine/Content/Slate/Fonts/DroidSansFallback.ttf' (3848K)
[2020.05.15-03.04.24:126][241]LogSlate: Took 0.000063 seconds to synchronously load lazily loaded font '../../../Engine/Content/Slate/Fonts/Roboto-Light.ttf' (167K)
[2020.05.15-03.04.24:126][241]LogSlate: Took 0.000052 seconds to synchronously load lazily loaded font '../../../Engine/Content/Slate/Fonts/Roboto-Bold.ttf' (160K)
[2020.05.15-03.04.24:127][241]LogSlate: Took 0.000052 seconds to synchronously load lazily loaded font '../../../Engine/Content/Editor/Slate/Fonts/FontAwesome.ttf' (139K)
[2020.05.15-03.04.24:129][241]LogSlate: Took 0.000062 seconds to synchronously load lazily loaded font '../../../Engine/Content/Slate/Fonts/Roboto-BoldCondensed.ttf' (158K)
[2020.05.15-03.04.38:769][327]LogSlate: Took 0.000125 seconds to synchronously load lazily loaded font '../../../Engine/Content/Slate/Fonts/Roboto-Italic.ttf' (157K)
[2020.05.15-03.04.46:337][813]SourceControl: fatal: E:/ue4/UE_4.23/Engine/Content/UMG/Editor: 'E:/ue4/UE_4.23/Engine/Content/UMG/Editor' is outside repository
[2020.05.15-03.04.52:647][207]LogEditorTransaction: Undo 移动控件
[2020.05.15-03.04.52:776][207]LogActorComponent: RegisterComponentWithWorld: (/Engine/Transient.World_7:PersistentLevel.AnimationEditorPreviewActor_0.DebugSkelMeshComponent_0) Already registered. Aborting.
[2020.05.15-03.04.52:784][207]LogActorComponent: RegisterComponentWithWorld: (/Engine/Transient.World_10:PersistentLevel.AnimationEditorPreviewActor_0.DebugSkelMeshComponent_0) Already registered. Aborting.
[2020.05.15-03.05.43:464][642]SourceControl: fatal: E:/ue4/UE_4.23/Engine/Content/UMG/Editor: 'E:/ue4/UE_4.23/Engine/Content/UMG/Editor' is outside repository
[2020.05.15-03.05.50:526][ 80]LogEditorTransaction: Undo 移动控件
[2020.05.15-03.05.50:651][ 80]LogActorComponent: RegisterComponentWithWorld: (/Engine/Transient.World_7:PersistentLevel.AnimationEditorPreviewActor_0.DebugSkelMeshComponent_0) Already registered. Aborting.
[2020.05.15-03.05.50:655][ 80]LogActorComponent: RegisterComponentWithWorld: (/Engine/Transient.World_10:PersistentLevel.AnimationEditorPreviewActor_0.DebugSkelMeshComponent_0) Already registered. Aborting.
[2020.05.15-03.05.53:147][203]LogEditorTransaction: Undo 移动控件
[2020.05.15-03.05.53:273][203]LogActorComponent: RegisterComponentWithWorld: (/Engine/Transient.World_7:PersistentLevel.AnimationEditorPreviewActor_0.DebugSkelMeshComponent_0) Already registered. Aborting.
[2020.05.15-03.05.53:277][203]LogActorComponent: RegisterComponentWithWorld: (/Engine/Transient.World_10:PersistentLevel.AnimationEditorPreviewActor_0.DebugSkelMeshComponent_0) Already registered. Aborting.
[2020.05.15-03.06.59:038][785]LogEditorTransaction: Undo 编辑Right
[2020.05.15-03.06.59:154][785]LogActorComponent: RegisterComponentWithWorld: (/Engine/Transient.World_7:PersistentLevel.AnimationEditorPreviewActor_0.DebugSkelMeshComponent_0) Already registered. Aborting.
[2020.05.15-03.06.59:158][785]LogActorComponent: RegisterComponentWithWorld: (/Engine/Transient.World_10:PersistentLevel.AnimationEditorPreviewActor_0.DebugSkelMeshComponent_0) Already registered. Aborting.
[2020.05.15-03.12.28:293][  1]LogUObjectHash: Compacting FUObjectHashTables data took   5.03ms
[2020.05.15-03.12.28:293][  1]LogFileHelpers: Editor autosave (incl. sublevels) for '/Game/Maps/MAP' took 0.048
[2020.05.15-03.12.28:294][  1]OBJ SavePackage: Generating thumbnails for [1] asset(s) in package [/Game/Ghost01/Ghost01_AnimationBP/Ghost01_Attack] ([1] browsable assets)...
[2020.05.15-03.12.28:304][  1]OBJ SavePackage:     Rendered thumbnail for [AnimMontage /Game/Ghost01/Ghost01_AnimationBP/Ghost01_Attack.Ghost01_Attack]
[2020.05.15-03.12.28:304][  1]OBJ SavePackage: Finished generating thumbnails for package [/Game/Ghost01/Ghost01_AnimationBP/Ghost01_Attack]
[2020.05.15-03.12.28:321][  1]LogSavePackage: Moving '../../../../../BSnewgame/Saved/Ghost01_Attack_Auto2F98BC441485D25143936EEAB885CAE0D.tmp' to '../../../../../BSnewgame/Saved/Autosaves/Game/Ghost01/Ghost01_AnimationBP/Ghost01_Attack_Auto2.uasset'
[2020.05.15-03.12.28:321][  1]OBJ SavePackage: Generating thumbnails for [0] asset(s) in package [/Game/UI/EXITgame] ([1] browsable assets)...
[2020.05.15-03.12.28:321][  1]OBJ SavePackage: Finished generating thumbnails for package [/Game/UI/EXITgame]
[2020.05.15-03.12.28:321][  1]Cmd: OBJ SAVEPACKAGE PACKAGE="/Game/UI/EXITgame" FILE="../../../../../BSnewgame/Saved/Autosaves/Game/UI/EXITgame_Auto2.uasset" SILENT=false AUTOSAVING=true
[2020.05.15-03.12.28:337][  1]LogSavePackage: Moving '../../../../../BSnewgame/Saved/EXITgame_Auto2196EE6F343BC5C405C15E098F5EF48D0.tmp' to '../../../../../BSnewgame/Saved/Autosaves/Game/UI/EXITgame_Auto2.uasset'
[2020.05.15-03.12.28:338][  1]OBJ SavePackage: Generating thumbnails for [1] asset(s) in package [/Game/UI/picture/black] ([1] browsable assets)...
[2020.05.15-03.12.28:339][  1]OBJ SavePackage:     Rendered thumbnail for [Texture2D /Game/UI/picture/black.black]
[2020.05.15-03.12.28:339][  1]OBJ SavePackage: Finished generating thumbnails for package [/Game/UI/picture/black]
[2020.05.15-03.12.28:339][  1]Cmd: OBJ SAVEPACKAGE PACKAGE="/Game/UI/picture/black" FILE="../../../../../BSnewgame/Saved/Autosaves/Game/UI/picture/black_Auto2.uasset" SILENT=false AUTOSAVING=true
[2020.05.15-03.12.28:346][  1]LogSavePackage: Moving '../../../../../BSnewgame/Saved/black_Auto21705283A486C46B2128270919B1AE267.tmp' to '../../../../../BSnewgame/Saved/Autosaves/Game/UI/picture/black_Auto2.uasset'
[2020.05.15-03.12.28:347][  1]LogFileHelpers: Auto-saving content packages took 0.053
[2020.05.15-03.16.20:770][861]LogWorld: UWorld::CleanupWorld for World_17, bSessionEnded=true, bCleanupResources=true
[2020.05.15-03.16.20:809][861]LogWorld: UWorld::CleanupWorld for World_16, bSessionEnded=true, bCleanupResources=true
[2020.05.15-03.17.18:339][524]LogSlate: Window 'EXITgame' being destroyed
[2020.05.15-03.17.26:517][686]LogOutputDevice: Warning: 

Script Stack (0 frames):

[2020.05.15-03.17.26:517][686]LogWindows: Windows GetLastError: 操作成功完成。 (0)
[2020.05.15-03.17.26:561][686]LogWindows: Error: === Critical error: ===
[2020.05.15-03.17.26:561][686]LogWindows: Error: 
[2020.05.15-03.17.26:562][686]LogWindows: Error: Fatal error: [File:D:/Build/++UE4/Sync/Engine/Source/Runtime/RenderCore/Private/RenderingThread.cpp] [Line: 836] 
[2020.05.15-03.17.26:562][686]LogWindows: Error: Rendering thread exception:
[2020.05.15-03.17.26:562][686]LogWindows: Error: Fatal error!
[2020.05.15-03.17.26:562][686]LogWindows: Error: 
[2020.05.15-03.17.26:562][686]LogWindows: Error: Unhandled Exception: EXCEPTION_ACCESS_VIOLATION 0x00308d34
[2020.05.15-03.17.26:562][686]LogWindows: Error: 
[2020.05.15-03.17.26:562][686]LogWindows: Error: [Callstack] 0x0000000000308d34 UnknownFunction []
[2020.05.15-03.17.26:562][686]LogWindows: Error: [Callstack] 0x00007ffdfbdd5124 UE4Editor-Engine.dll!UnknownFunction []
[2020.05.15-03.17.26:562][686]LogWindows: Error: [Callstack] 0x00007ffdfa9155d1 UE4Editor-Engine.dll!UnknownFunction []
[2020.05.15-03.17.26:562][686]LogWindows: Error: [Callstack] 0x00007ffdfb81f909 UE4Editor-Engine.dll!UnknownFunction []
[2020.05.15-03.17.26:562][686]LogWindows: Error: [Callstack] 0x00007ffdfb7f94ef UE4Editor-Engine.dll!UnknownFunction []
[2020.05.15-03.17.26:562][686]LogWindows: Error: [Callstack] 0x00007ffdfb566414 UE4Editor-Engine.dll!UnknownFunction []
[2020.05.15-03.17.26:562][686]LogWindows: Error: [Callstack] 0x00007ffdf2220094 UE4Editor-SlateRHIRenderer.dll!UnknownFunction []
[2020.05.15-03.17.26:562][686]LogWindows: Error: [Callstack] 0x00007ffdf2227557 UE4Editor-SlateRHIRenderer.dll!UnknownFunction []
[2020.05.15-03.17.26:562][686]LogWindows: Error: [Callstack] 0x00007ffdf22307f2 UE4Editor-SlateRHIRenderer.dll!UnknownFunction []
[2020.05.15-03.17.26:563][686]LogWindows: Error: [Callstack] 0x00007ffdffbd4e4a UE4Editor-Core.dll!UnknownFunction []
[2020.05.15-03.17.26:563][686]LogWindows: Error: [Callstack] 0x00007ffdffbd51f3 UE4Editor-Core.dll!UnknownFunction []
[2020.05.15-03.17.26:563][686]LogWindows: Error: [Callstack] 0x00007ffe39c40021 UE4Editor-RenderCore.dll!UnknownFunction []
[2020.05.15-03.17.26:563][686]LogWindows: Error: [Callstack] 0x00007ffe39c485b4 UE4Editor-RenderCore.dll!UnknownFunction []
[2020.05.15-03.17.26:563][686]LogWindows: Error: [Callstack] 0x00007ffe00029f5f UE4Editor-Core.dll!UnknownFunction []
[2020.05.15-03.17.26:563][686]LogWindows: Error: [Callstack] 0x00007ffe000204b1 UE4Editor-Core.dll!UnknownFunction []
[2020.05.15-03.17.26:563][686]LogWindows: Error: [Callstack] 0x00007ffe7f0a7bd4 KERNEL32.DLL!UnknownFunction []
[2020.05.15-03.17.26:563][686]LogWindows: Error: [Callstack] 0x00007ffe806ace51 ntdll.dll!UnknownFunction []
[2020.05.15-03.17.26:563][686]LogWindows: Error: 
[2020.05.15-03.17.26:563][686]LogWindows: Error: 
[2020.05.15-03.17.26:563][686]LogWindows: Error: 
[2020.05.15-03.17.26:563][686]LogWindows: Error: 
[2020.05.15-03.17.26:600][686]LogExit: Executing StaticShutdownAfterError
[2020.05.15-03.17.27:049][686]LogWindows: FPlatformMisc::RequestExit(1)
[2020.05.15-03.17.27:082][686]Log file closed, 05/15/20 12:17:27
