Log file open, 04/23/20 22:29:43
LogWindows: Failed to load 'aqProf.dll' (GetLastError=126)
LogWindows: File 'aqProf.dll' does not exist
LogWindows: Failed to load 'VtuneApi.dll' (GetLastError=126)
LogWindows: File 'VtuneApi.dll' does not exist
LogWindows: Failed to load 'VtuneApi32e.dll' (GetLastError=126)
LogWindows: File 'VtuneApi32e.dll' does not exist
LogConsoleResponse: Display: Failed to find resolution value strings in scalability ini. Falling back to default.
LogInit: Display: Running engine for game: SMU_2ST
LogPlatformFile: Not using cached read wrapper
LogTaskGraph: Started task graph with 5 named threads and 23 total threads with 3 sets of task threads.
LogStats: Stats thread started at 0.086105
LogD3D11RHI: Loaded GFSDK_Aftermath_Lib.x64.dll
LogICUInternationalization: ICU TimeZone Detection - Raw Offset: +9:00, Platform Override: ''
LogPluginManager: Mounting plugin Paper2D
LogPluginManager: Mounting plugin AISupport
LogPluginManager: Mounting plugin LightPropagationVolume
LogPluginManager: Mounting plugin ActorLayerUtilities
LogPluginManager: Mounting plugin AnimationSharing
LogPluginManager: Mounting plugin CLionSourceCodeAccess
LogPluginManager: Mounting plugin CodeLiteSourceCodeAccess
LogPluginManager: Mounting plugin GitSourceControl
LogPluginManager: Mounting plugin KDevelopSourceCodeAccess
LogPluginManager: Mounting plugin NullSourceCodeAccess
LogPluginManager: Mounting plugin PerforceSourceControl
LogPluginManager: Mounting plugin SubversionSourceControl
LogPluginManager: Mounting plugin UObjectPlugin
LogPluginManager: Mounting plugin VisualStudioCodeSourceCodeAccess
LogPluginManager: Mounting plugin VisualStudioSourceCodeAccess
LogPluginManager: Mounting plugin XCodeSourceCodeAccess
LogPluginManager: Mounting plugin AssetManagerEditor
LogPluginManager: Mounting plugin CryptoKeys
LogPluginManager: Mounting plugin CurveEditorTools
LogPluginManager: Mounting plugin DataValidation
LogPluginManager: Mounting plugin FacialAnimation
LogPluginManager: Mounting plugin GameplayTagsEditor
LogPluginManager: Mounting plugin MacGraphicsSwitching
LogPluginManager: Mounting plugin MaterialAnalyzer
LogPluginManager: Mounting plugin MobileLauncherProfileWizard
LogPluginManager: Mounting plugin PluginBrowser
LogPluginManager: Mounting plugin SpeedTreeImporter
LogPluginManager: Mounting plugin DatasmithContent
LogPluginManager: Mounting plugin VariantManagerContent
LogPluginManager: Mounting plugin AlembicImporter
LogPluginManager: Mounting plugin AutomationUtils
LogPluginManager: Mounting plugin BackChannel
LogPluginManager: Mounting plugin CharacterAI
LogPluginManager: Mounting plugin GeometryCache
LogPluginManager: Mounting plugin HTML5Networking
LogPluginManager: Mounting plugin PlatformCrypto
LogPluginManager: Mounting plugin ProxyLODPlugin
LogPluginManager: Mounting plugin SkeletalReduction
LogPluginManager: Mounting plugin MagicLeap
LogPluginManager: Mounting plugin MagicLeapMedia
LogPluginManager: Mounting plugin AndroidMedia
LogPluginManager: Mounting plugin AvfMedia
LogPluginManager: Mounting plugin ImgMedia
LogPluginManager: Mounting plugin MediaCompositing
LogPluginManager: Mounting plugin MediaPlayerEditor
LogPluginManager: Mounting plugin WebMMedia
LogPluginManager: Mounting plugin WmfMedia
LogPluginManager: Mounting plugin TcpMessaging
LogPluginManager: Mounting plugin UdpMessaging
LogPluginManager: Mounting plugin ActorSequence
LogPluginManager: Mounting plugin LevelSequenceEditor
LogPluginManager: Mounting plugin MatineeToLevelSequence
LogPluginManager: Mounting plugin NetcodeUnitTest
LogPluginManager: Mounting plugin NUTUnrealEngine4
LogPluginManager: Mounting plugin OnlineSubsystemGooglePlay
LogPluginManager: Mounting plugin OnlineSubsystemIOS
LogPluginManager: Mounting plugin OnlineSubsystem
LogPluginManager: Mounting plugin OnlineSubsystemNull
LogPluginManager: Mounting plugin OnlineSubsystemUtils
LogPluginManager: Mounting plugin LauncherChunkInstaller
LogPluginManager: Mounting plugin AndroidDeviceProfileSelector
LogPluginManager: Mounting plugin AndroidMoviePlayer
LogPluginManager: Mounting plugin AndroidPermission
LogPluginManager: Mounting plugin AppleImageUtils
LogPluginManager: Mounting plugin AppleMoviePlayer
LogPluginManager: Mounting plugin ArchVisCharacter
LogPluginManager: Mounting plugin AudioCapture
LogPluginManager: Mounting plugin CableComponent
LogPluginManager: Mounting plugin CustomMeshComponent
LogPluginManager: Mounting plugin EditableMesh
LogPluginManager: Mounting plugin ExampleDeviceProfileSelector
LogPluginManager: Mounting plugin GoogleCloudMessaging
LogPluginManager: Mounting plugin IOSDeviceProfileSelector
LogPluginManager: Mounting plugin LinuxDeviceProfileSelector
LogPluginManager: Mounting plugin LocationServicesBPLibrary
LogPluginManager: Mounting plugin MobilePatchingUtils
LogPluginManager: Mounting plugin OculusVR
LogPluginManager: Mounting plugin PhysXVehicles
LogPluginManager: Mounting plugin ProceduralMeshComponent
LogPluginManager: Mounting plugin RuntimePhysXCooking
LogPluginManager: Mounting plugin SignificanceManager
LogPluginManager: Mounting plugin SteamVR
LogPluginManager: Mounting plugin WebMMoviePlayer
LogPluginManager: Mounting plugin WindowsMoviePlayer
LogPluginManager: Mounting plugin ScreenshotTools
LogInit: Using libcurl 7.55.1-DEV
LogInit:  - built for x86_64-pc-win32
LogInit:  - supports SSL with OpenSSL/1.1.1
LogInit:  - supports HTTP deflate (compression) using libz 1.2.8
LogInit:  - other features:
LogInit:      CURL_VERSION_SSL
LogInit:      CURL_VERSION_LIBZ
LogInit:      CURL_VERSION_IPV6
LogInit:      CURL_VERSION_ASYNCHDNS
LogInit:      CURL_VERSION_LARGEFILE
LogInit:      CURL_VERSION_IDN
LogInit:  CurlRequestOptions (configurable via config and command line):
LogInit:  - bVerifyPeer = true  - Libcurl will verify peer certificate
LogInit:  - bUseHttpProxy = false  - Libcurl will NOT use HTTP proxy
LogInit:  - bDontReuseConnections = false  - Libcurl will reuse connections
LogInit:  - MaxHostConnections = 16  - Libcurl will limit the number of connections to a host
LogInit:  - LocalHostAddr = Default
LogInit:  - BufferSize = 65536
LogOnline: OSS: Creating online subsystem instance for: NULL
LogInit: WinSock: version 1.1 (2.2), MaxSocks=32767, MaxUdp=65467
LogInit: Build: ++UE4+Release-4.23-CL-9631420
LogInit: Engine Version: 4.23.1-9631420+++UE4+Release-4.23
LogInit: Compatible Engine Version: 4.23.0-8386587+++UE4+Release-4.23
LogInit: Net CL: 8386587
LogInit: OS: Windows 10 (Release 1903) (), CPU: Intel(R) Core(TM) i7-7700HQ CPU @ 2.80GHz, GPU: Intel(R) HD Graphics 630
LogInit: Compiled (64-bit): Oct 18 2019 02:07:44
LogInit: Compiled with Visual C++: 19.16.27030.01
LogInit: Build Configuration: Development
LogInit: Branch Name: ++UE4+Release-4.23
LogInit: Command Line: 
LogInit: Base Directory: C:/Program Files/Epic Games/UE_4.23/Engine/Binaries/Win64/
LogInit: Installed Engine Build: 1
LogDevObjectVersion: Number of dev versions registered: 23
LogDevObjectVersion:   Dev-Blueprints (B0D832E4-1F89-4F0D-ACCF-7EB736FD4AA2): 10
LogDevObjectVersion:   Dev-Build (E1C64328-A22C-4D53-A36C-8E866417BD8C): 0
LogDevObjectVersion:   Dev-Core (375EC13C-06E4-48FB-B500-84F0262A717E): 3
LogDevObjectVersion:   Dev-Editor (E4B068ED-F494-42E9-A231-DA0B2E46BB41): 34
LogDevObjectVersion:   Dev-Framework (CFFC743F-43B0-4480-9391-14DF171D2073): 35
LogDevObjectVersion:   Dev-Mobile (B02B49B5-BB20-44E9-A304-32B752E40360): 2
LogDevObjectVersion:   Dev-Networking (A4E4105C-59A1-49B5-A7C5-40C4547EDFEE): 0
LogDevObjectVersion:   Dev-Online (39C831C9-5AE6-47DC-9A44-9C173E1C8E7C): 0
LogDevObjectVersion:   Dev-Physics (78F01B33-EBEA-4F98-B9B4-84EACCB95AA2): 0
LogDevObjectVersion:   Dev-Platform (6631380F-2D4D-43E0-8009-CF276956A95A): 0
LogDevObjectVersion:   Dev-Rendering (12F88B9F-8875-4AFC-A67C-D90C383ABD29): 31
LogDevObjectVersion:   Dev-Sequencer (7B5AE74C-D270-4C10-A958-57980B212A5A): 11
LogDevObjectVersion:   Dev-VR (D7296918-1DD6-4BDD-9DE2-64A83CC13884): 2
LogDevObjectVersion:   Dev-LoadTimes (C2A15278-BFE7-4AFE-6C17-90FF531DF755): 1
LogDevObjectVersion:   Private-Geometry (6EACA3D4-40EC-4CC1-B786-8BED09428FC5): 3
LogDevObjectVersion:   Dev-AnimPhys (29E575DD-E0A3-4627-9D10-D276232CDCEA): 17
LogDevObjectVersion:   Dev-Anim (AF43A65D-7FD3-4947-9873-3E8ED9C1BB05): 2
LogDevObjectVersion:   Dev-ReflectionCapture (6B266CEC-1EC7-4B8F-A30B-E4D90942FC07): 1
LogDevObjectVersion:   Dev-Automation (0DF73D61-A23F-47EA-B727-89E90C41499A): 1
LogDevObjectVersion:   FortniteMain (601D1886-AC64-4F84-AA16-D3DE0DEAC7D6): 27
LogDevObjectVersion:   Dev-Enterprise (9DFFBCD6-494F-0158-E221-12823C92A888): 6
LogDevObjectVersion:   Dev-Niagara (F2AED0AC-9AFE-416F-8664-AA7FFA26D6FC): 1
LogDevObjectVersion:   Dev-Destruction (174F1F0B-B4C6-45A5-B13F-2EE8D0FB917D): 9
LogInit: Presizing for max 16777216 objects, including 0 objects not considered by GC, pre-allocating 0 bytes for permanent pool.
LogInit: Object subsystem initialized
LogConfig: Setting CVar [[con.DebugEarlyDefault:1]]
LogConfig: Setting CVar [[r.setres:1280x720]]
[2020.04.23-13.29.43:951][  0]LogConfig: Setting CVar [[r.VSync:0]]
[2020.04.23-13.29.43:952][  0]LogConfig: Setting CVar [[r.RHICmdBypass:0]]
[2020.04.23-13.29.43:952][  0]LogConfig: Applying CVar settings from Section [/Script/Engine.RendererSettings] File [D:/hhy_DESKTOP-9OQUIPM_7087/NewGame/Saved/Config/Windows/Engine.ini]
[2020.04.23-13.29.43:952][  0]LogConfig: Setting CVar [[r.GPUCrashDebugging:0]]
[2020.04.23-13.29.43:952][  0]LogConfig: Setting CVar [[r.DefaultFeature.AutoExposure.ExtendDefaultLuminanceRange:1]]
[2020.04.23-13.29.43:952][  0]LogConfig: Applying CVar settings from Section [/Script/Engine.RendererOverrideSettings] File [D:/hhy_DESKTOP-9OQUIPM_7087/NewGame/Saved/Config/Windows/Engine.ini]
[2020.04.23-13.29.43:952][  0]LogConfig: Applying CVar settings from Section [/Script/Engine.StreamingSettings] File [D:/hhy_DESKTOP-9OQUIPM_7087/NewGame/Saved/Config/Windows/Engine.ini]
[2020.04.23-13.29.43:952][  0]LogConfig: Setting CVar [[s.MinBulkDataSizeForAsyncLoading:131072]]
[2020.04.23-13.29.43:952][  0]LogConfig: Setting CVar [[s.AsyncLoadingThreadEnabled:0]]
[2020.04.23-13.29.43:952][  0]LogConfig: Setting CVar [[s.EventDrivenLoaderEnabled:1]]
[2020.04.23-13.29.43:952][  0]LogConfig: Setting CVar [[s.WarnIfTimeLimitExceeded:0]]
[2020.04.23-13.29.43:952][  0]LogConfig: Setting CVar [[s.TimeLimitExceededMultiplier:1.5]]
[2020.04.23-13.29.43:952][  0]LogConfig: Setting CVar [[s.TimeLimitExceededMinTime:0.005]]
[2020.04.23-13.29.43:952][  0]LogConfig: Setting CVar [[s.UseBackgroundLevelStreaming:1]]
[2020.04.23-13.29.43:952][  0]LogConfig: Setting CVar [[s.PriorityAsyncLoadingExtraTime:15.0]]
[2020.04.23-13.29.43:952][  0]LogConfig: Setting CVar [[s.LevelStreamingActorsUpdateTimeLimit:5.0]]
[2020.04.23-13.29.43:952][  0]LogConfig: Setting CVar [[s.PriorityLevelStreamingActorsUpdateExtraTime:5.0]]
[2020.04.23-13.29.43:952][  0]LogConfig: Setting CVar [[s.LevelStreamingComponentsRegistrationGranularity:10]]
[2020.04.23-13.29.43:952][  0]LogConfig: Setting CVar [[s.UnregisterComponentsTimeLimit:1.0]]
[2020.04.23-13.29.43:952][  0]LogConfig: Setting CVar [[s.LevelStreamingComponentsUnregistrationGranularity:5]]
[2020.04.23-13.29.43:952][  0]LogConfig: Applying CVar settings from Section [/Script/Engine.GarbageCollectionSettings] File [D:/hhy_DESKTOP-9OQUIPM_7087/NewGame/Saved/Config/Windows/Engine.ini]
[2020.04.23-13.29.43:952][  0]LogConfig: Setting CVar [[gc.MaxObjectsNotConsideredByGC:1]]
[2020.04.23-13.29.43:952][  0]LogConfig: Setting CVar [[gc.SizeOfPermanentObjectPool:0]]
[2020.04.23-13.29.43:952][  0]LogConfig: Setting CVar [[gc.FlushStreamingOnGC:0]]
[2020.04.23-13.29.43:952][  0]LogConfig: Setting CVar [[gc.NumRetriesBeforeForcingGC:10]]
[2020.04.23-13.29.43:952][  0]LogConfig: Setting CVar [[gc.AllowParallelGC:1]]
[2020.04.23-13.29.43:952][  0]LogConfig: Setting CVar [[gc.TimeBetweenPurgingPendingKillObjects:61.1]]
[2020.04.23-13.29.43:952][  0]LogConfig: Setting CVar [[gc.MaxObjectsInEditor:16777216]]
[2020.04.23-13.29.43:952][  0]LogConfig: Setting CVar [[gc.IncrementalBeginDestroyEnabled:1]]
[2020.04.23-13.29.43:952][  0]LogConfig: Setting CVar [[gc.CreateGCClusters:1]]
[2020.04.23-13.29.43:952][  0]LogConfig: Setting CVar [[gc.MinGCClusterSize:5]]
[2020.04.23-13.29.43:952][  0]LogConfig: Setting CVar [[gc.ActorClusteringEnabled:0]]
[2020.04.23-13.29.43:952][  0]LogConfig: Setting CVar [[gc.BlueprintClusteringEnabled:0]]
[2020.04.23-13.29.43:952][  0]LogConfig: Setting CVar [[gc.UseDisregardForGCOnDedicatedServers:0]]
[2020.04.23-13.29.43:952][  0]LogConfig: Applying CVar settings from Section [/Script/Engine.NetworkSettings] File [D:/hhy_DESKTOP-9OQUIPM_7087/NewGame/Saved/Config/Windows/Engine.ini]
[2020.04.23-13.29.43:952][  0]LogConfig: Applying CVar settings from Section [/Script/UnrealEd.CookerSettings] File [D:/hhy_DESKTOP-9OQUIPM_7087/NewGame/Saved/Config/Windows/Engine.ini]
[2020.04.23-13.29.43:956][  0]LogConfig: Applying CVar settings from Section [ViewDistanceQuality@3] File [D:/hhy_DESKTOP-9OQUIPM_7087/NewGame/Saved/Config/Windows/Scalability.ini]
[2020.04.23-13.29.43:956][  0]LogConfig: Setting CVar [[r.SkeletalMeshLODBias:0]]
[2020.04.23-13.29.43:956][  0]LogConfig: Setting CVar [[r.ViewDistanceScale:1.0]]
[2020.04.23-13.29.43:956][  0]LogConfig: Applying CVar settings from Section [AntiAliasingQuality@3] File [D:/hhy_DESKTOP-9OQUIPM_7087/NewGame/Saved/Config/Windows/Scalability.ini]
[2020.04.23-13.29.43:956][  0]LogConfig: Setting CVar [[r.PostProcessAAQuality:4]]
[2020.04.23-13.29.43:956][  0]LogConfig: Applying CVar settings from Section [ShadowQuality@3] File [D:/hhy_DESKTOP-9OQUIPM_7087/NewGame/Saved/Config/Windows/Scalability.ini]
[2020.04.23-13.29.43:956][  0]LogConfig: Setting CVar [[r.LightFunctionQuality:1]]
[2020.04.23-13.29.43:956][  0]LogConfig: Setting CVar [[r.ShadowQuality:5]]
[2020.04.23-13.29.43:956][  0]LogConfig: Setting CVar [[r.Shadow.CSM.MaxCascades:10]]
[2020.04.23-13.29.43:956][  0]LogConfig: Setting CVar [[r.Shadow.MaxResolution:2048]]
[2020.04.23-13.29.43:956][  0]LogConfig: Setting CVar [[r.Shadow.MaxCSMResolution:2048]]
[2020.04.23-13.29.43:956][  0]LogConfig: Setting CVar [[r.Shadow.RadiusThreshold:0.01]]
[2020.04.23-13.29.43:956][  0]LogConfig: Setting CVar [[r.Shadow.DistanceScale:1.0]]
[2020.04.23-13.29.43:956][  0]LogConfig: Setting CVar [[r.Shadow.CSM.TransitionScale:1.0]]
[2020.04.23-13.29.43:956][  0]LogConfig: Setting CVar [[r.Shadow.PreShadowResolutionFactor:1.0]]
[2020.04.23-13.29.43:956][  0]LogConfig: Setting CVar [[r.DistanceFieldShadowing:1]]
[2020.04.23-13.29.43:956][  0]LogConfig: Setting CVar [[r.DistanceFieldAO:1]]
[2020.04.23-13.29.43:956][  0]LogConfig: Setting CVar [[r.AOQuality:2]]
[2020.04.23-13.29.43:956][  0]LogConfig: Setting CVar [[r.VolumetricFog:1]]
[2020.04.23-13.29.43:956][  0]LogConfig: Setting CVar [[r.VolumetricFog.GridPixelSize:8]]
[2020.04.23-13.29.43:956][  0]LogConfig: Setting CVar [[r.VolumetricFog.GridSizeZ:128]]
[2020.04.23-13.29.43:956][  0]LogConfig: Setting CVar [[r.VolumetricFog.HistoryMissSupersampleCount:4]]
[2020.04.23-13.29.43:956][  0]LogConfig: Setting CVar [[r.LightMaxDrawDistanceScale:1]]
[2020.04.23-13.29.43:956][  0]LogConfig: Setting CVar [[r.CapsuleShadows:1]]
[2020.04.23-13.29.43:956][  0]LogConfig: Applying CVar settings from Section [PostProcessQuality@3] File [D:/hhy_DESKTOP-9OQUIPM_7087/NewGame/Saved/Config/Windows/Scalability.ini]
[2020.04.23-13.29.43:956][  0]LogConfig: Setting CVar [[r.MotionBlurQuality:4]]
[2020.04.23-13.29.43:956][  0]LogConfig: Setting CVar [[r.AmbientOcclusionMipLevelFactor:0.4]]
[2020.04.23-13.29.43:956][  0]LogConfig: Setting CVar [[r.AmbientOcclusionMaxQuality:100]]
[2020.04.23-13.29.43:956][  0]LogConfig: Setting CVar [[r.AmbientOcclusionLevels:-1]]
[2020.04.23-13.29.43:956][  0]LogConfig: Setting CVar [[r.AmbientOcclusionRadiusScale:1.0]]
[2020.04.23-13.29.43:956][  0]LogConfig: Setting CVar [[r.DepthOfFieldQuality:2]]
[2020.04.23-13.29.43:956][  0]LogConfig: Setting CVar [[r.RenderTargetPoolMin:400]]
[2020.04.23-13.29.43:956][  0]LogConfig: Setting CVar [[r.LensFlareQuality:2]]
[2020.04.23-13.29.43:956][  0]LogConfig: Setting CVar [[r.SceneColorFringeQuality:1]]
[2020.04.23-13.29.43:956][  0]LogConfig: Setting CVar [[r.EyeAdaptationQuality:2]]
[2020.04.23-13.29.43:956][  0]LogConfig: Setting CVar [[r.BloomQuality:5]]
[2020.04.23-13.29.43:956][  0]LogConfig: Setting CVar [[r.FastBlurThreshold:100]]
[2020.04.23-13.29.43:956][  0]LogConfig: Setting CVar [[r.Upscale.Quality:3]]
[2020.04.23-13.29.43:956][  0]LogConfig: Setting CVar [[r.Tonemapper.GrainQuantization:1]]
[2020.04.23-13.29.43:956][  0]LogConfig: Setting CVar [[r.LightShaftQuality:1]]
[2020.04.23-13.29.43:956][  0]LogConfig: Setting CVar [[r.Filter.SizeScale:1]]
[2020.04.23-13.29.43:956][  0]LogConfig: Setting CVar [[r.Tonemapper.Quality:5]]
[2020.04.23-13.29.43:956][  0]LogConfig: Setting CVar [[r.DOF.Gather.AccumulatorQuality:1        ; higher gathering accumulator quality]]
[2020.04.23-13.29.43:956][  0]LogConfig: Setting CVar [[r.DOF.Gather.PostfilterMethod:1          ; Median3x3 postfilering method]]
[2020.04.23-13.29.43:956][  0]LogConfig: Setting CVar [[r.DOF.Gather.EnableBokehSettings:0       ; no bokeh simulation when gathering]]
[2020.04.23-13.29.43:956][  0]LogConfig: Setting CVar [[r.DOF.Gather.RingCount:4                 ; medium number of samples when gathering]]
[2020.04.23-13.29.43:957][  0]LogConfig: Setting CVar [[r.DOF.Scatter.ForegroundCompositing:1    ; additive foreground scattering]]
[2020.04.23-13.29.43:957][  0]LogConfig: Setting CVar [[r.DOF.Scatter.BackgroundCompositing:2    ; additive background scattering]]
[2020.04.23-13.29.43:957][  0]LogConfig: Setting CVar [[r.DOF.Scatter.EnableBokehSettings:1      ; bokeh simulation when scattering]]
[2020.04.23-13.29.43:957][  0]LogConfig: Setting CVar [[r.DOF.Scatter.MaxSpriteRatio:0.1         ; only a maximum of 10% of scattered bokeh]]
[2020.04.23-13.29.43:957][  0]LogConfig: Setting CVar [[r.DOF.Recombine.Quality:1                ; cheap slight out of focus]]
[2020.04.23-13.29.43:957][  0]LogConfig: Setting CVar [[r.DOF.Recombine.EnableBokehSettings:0    ; no bokeh simulation on slight out of focus]]
[2020.04.23-13.29.43:957][  0]LogConfig: Setting CVar [[r.DOF.TemporalAAQuality:1                ; more stable temporal accumulation]]
[2020.04.23-13.29.43:957][  0]LogConfig: Setting CVar [[r.DOF.Kernel.MaxForegroundRadius:0.025]]
[2020.04.23-13.29.43:957][  0]LogConfig: Setting CVar [[r.DOF.Kernel.MaxBackgroundRadius:0.025]]
[2020.04.23-13.29.43:957][  0]LogConfig: Applying CVar settings from Section [TextureQuality@3] File [D:/hhy_DESKTOP-9OQUIPM_7087/NewGame/Saved/Config/Windows/Scalability.ini]
[2020.04.23-13.29.43:957][  0]LogConfig: Setting CVar [[r.Streaming.MipBias:0]]
[2020.04.23-13.29.43:957][  0]LogConfig: Setting CVar [[r.Streaming.AmortizeCPUToGPUCopy:0]]
[2020.04.23-13.29.43:957][  0]LogConfig: Setting CVar [[r.Streaming.MaxNumTexturesToStreamPerFrame:0]]
[2020.04.23-13.29.43:957][  0]LogConfig: Setting CVar [[r.Streaming.Boost:1]]
[2020.04.23-13.29.43:957][  0]LogConfig: Setting CVar [[r.MaxAnisotropy:8]]
[2020.04.23-13.29.43:957][  0]LogConfig: Setting CVar [[r.Streaming.LimitPoolSizeToVRAM:0]]
[2020.04.23-13.29.43:957][  0]LogConfig: Setting CVar [[r.Streaming.PoolSize:1000]]
[2020.04.23-13.29.43:957][  0]LogConfig: Setting CVar [[r.Streaming.MaxEffectiveScreenSize:0]]
[2020.04.23-13.29.43:957][  0]LogConfig: Applying CVar settings from Section [EffectsQuality@3] File [D:/hhy_DESKTOP-9OQUIPM_7087/NewGame/Saved/Config/Windows/Scalability.ini]
[2020.04.23-13.29.43:957][  0]LogConfig: Setting CVar [[r.TranslucencyLightingVolumeDim:64]]
[2020.04.23-13.29.43:957][  0]LogConfig: Setting CVar [[r.RefractionQuality:2]]
[2020.04.23-13.29.43:957][  0]LogConfig: Setting CVar [[r.SSR.Quality:3]]
[2020.04.23-13.29.43:957][  0]LogConfig: Setting CVar [[r.SceneColorFormat:4]]
[2020.04.23-13.29.43:957][  0]LogConfig: Setting CVar [[r.DetailMode:2]]
[2020.04.23-13.29.43:957][  0]LogConfig: Setting CVar [[r.TranslucencyVolumeBlur:1]]
[2020.04.23-13.29.43:957][  0]LogConfig: Setting CVar [[r.MaterialQualityLevel:1 ; High quality]]
[2020.04.23-13.29.43:957][  0]LogConfig: Setting CVar [[r.SSS.Scale:1]]
[2020.04.23-13.29.43:957][  0]LogConfig: Setting CVar [[r.SSS.SampleSet:2]]
[2020.04.23-13.29.43:957][  0]LogConfig: Setting CVar [[r.SSS.Quality:1]]
[2020.04.23-13.29.43:957][  0]LogConfig: Setting CVar [[r.SSS.HalfRes:1]]
[2020.04.23-13.29.43:957][  0]LogConfig: Setting CVar [[r.EmitterSpawnRateScale:1.0]]
[2020.04.23-13.29.43:957][  0]LogConfig: Setting CVar [[r.ParticleLightQuality:2]]
[2020.04.23-13.29.43:957][  0]LogConfig: Applying CVar settings from Section [FoliageQuality@3] File [D:/hhy_DESKTOP-9OQUIPM_7087/NewGame/Saved/Config/Windows/Scalability.ini]
[2020.04.23-13.29.43:957][  0]LogConfig: Setting CVar [[foliage.DensityScale:1.0]]
[2020.04.23-13.29.43:957][  0]LogConfig: Setting CVar [[grass.DensityScale:1.0]]
[2020.04.23-13.29.43:957][  0]LogInit: Selected Device Profile: [Windows]
[2020.04.23-13.29.43:957][  0]LogInit: Applying CVar settings loaded from the selected device profile: [Windows]
[2020.04.23-13.29.43:964][  0]LogHAL: Display: Platform has ~ 16 GB [16803356672 / 17179869184 / 16], which maps to Larger [LargestMinGB=32, LargerMinGB=12, DefaultMinGB=8, SmallerMinGB=6, SmallestMinGB=0)
[2020.04.23-13.29.43:964][  0]LogInit: Going up to parent DeviceProfile []
[2020.04.23-13.29.43:964][  0]LogConfig: Applying CVar settings from Section [ViewDistanceQuality@3] File [D:/hhy_DESKTOP-9OQUIPM_7087/NewGame/Saved/Config/Windows/Scalability.ini]
[2020.04.23-13.29.43:964][  0]LogConfig: Setting CVar [[r.SkeletalMeshLODBias:0]]
[2020.04.23-13.29.43:964][  0]LogConfig: Setting CVar [[r.ViewDistanceScale:1.0]]
[2020.04.23-13.29.43:964][  0]LogConfig: Applying CVar settings from Section [AntiAliasingQuality@3] File [D:/hhy_DESKTOP-9OQUIPM_7087/NewGame/Saved/Config/Windows/Scalability.ini]
[2020.04.23-13.29.43:964][  0]LogConfig: Setting CVar [[r.PostProcessAAQuality:4]]
[2020.04.23-13.29.43:964][  0]LogConfig: Applying CVar settings from Section [ShadowQuality@3] File [D:/hhy_DESKTOP-9OQUIPM_7087/NewGame/Saved/Config/Windows/Scalability.ini]
[2020.04.23-13.29.43:964][  0]LogConfig: Setting CVar [[r.LightFunctionQuality:1]]
[2020.04.23-13.29.43:964][  0]LogConfig: Setting CVar [[r.ShadowQuality:5]]
[2020.04.23-13.29.43:964][  0]LogConfig: Setting CVar [[r.Shadow.CSM.MaxCascades:10]]
[2020.04.23-13.29.43:964][  0]LogConfig: Setting CVar [[r.Shadow.MaxResolution:2048]]
[2020.04.23-13.29.43:964][  0]LogConfig: Setting CVar [[r.Shadow.MaxCSMResolution:2048]]
[2020.04.23-13.29.43:964][  0]LogConfig: Setting CVar [[r.Shadow.RadiusThreshold:0.01]]
[2020.04.23-13.29.43:964][  0]LogConfig: Setting CVar [[r.Shadow.DistanceScale:1.0]]
[2020.04.23-13.29.43:965][  0]LogConfig: Setting CVar [[r.Shadow.CSM.TransitionScale:1.0]]
[2020.04.23-13.29.43:965][  0]LogConfig: Setting CVar [[r.Shadow.PreShadowResolutionFactor:1.0]]
[2020.04.23-13.29.43:965][  0]LogConfig: Setting CVar [[r.DistanceFieldShadowing:1]]
[2020.04.23-13.29.43:965][  0]LogConfig: Setting CVar [[r.DistanceFieldAO:1]]
[2020.04.23-13.29.43:965][  0]LogConfig: Setting CVar [[r.AOQuality:2]]
[2020.04.23-13.29.43:965][  0]LogConfig: Setting CVar [[r.VolumetricFog:1]]
[2020.04.23-13.29.43:965][  0]LogConfig: Setting CVar [[r.VolumetricFog.GridPixelSize:8]]
[2020.04.23-13.29.43:965][  0]LogConfig: Setting CVar [[r.VolumetricFog.GridSizeZ:128]]
[2020.04.23-13.29.43:965][  0]LogConfig: Setting CVar [[r.VolumetricFog.HistoryMissSupersampleCount:4]]
[2020.04.23-13.29.43:965][  0]LogConfig: Setting CVar [[r.LightMaxDrawDistanceScale:1]]
[2020.04.23-13.29.43:965][  0]LogConfig: Setting CVar [[r.CapsuleShadows:1]]
[2020.04.23-13.29.43:965][  0]LogConfig: Applying CVar settings from Section [PostProcessQuality@3] File [D:/hhy_DESKTOP-9OQUIPM_7087/NewGame/Saved/Config/Windows/Scalability.ini]
[2020.04.23-13.29.43:965][  0]LogConfig: Setting CVar [[r.MotionBlurQuality:4]]
[2020.04.23-13.29.43:965][  0]LogConfig: Setting CVar [[r.AmbientOcclusionMipLevelFactor:0.4]]
[2020.04.23-13.29.43:965][  0]LogConfig: Setting CVar [[r.AmbientOcclusionMaxQuality:100]]
[2020.04.23-13.29.43:965][  0]LogConfig: Setting CVar [[r.AmbientOcclusionLevels:-1]]
[2020.04.23-13.29.43:965][  0]LogConfig: Setting CVar [[r.AmbientOcclusionRadiusScale:1.0]]
[2020.04.23-13.29.43:965][  0]LogConfig: Setting CVar [[r.DepthOfFieldQuality:2]]
[2020.04.23-13.29.43:965][  0]LogConfig: Setting CVar [[r.RenderTargetPoolMin:400]]
[2020.04.23-13.29.43:965][  0]LogConfig: Setting CVar [[r.LensFlareQuality:2]]
[2020.04.23-13.29.43:965][  0]LogConfig: Setting CVar [[r.SceneColorFringeQuality:1]]
[2020.04.23-13.29.43:965][  0]LogConfig: Setting CVar [[r.EyeAdaptationQuality:2]]
[2020.04.23-13.29.43:965][  0]LogConfig: Setting CVar [[r.BloomQuality:5]]
[2020.04.23-13.29.43:965][  0]LogConfig: Setting CVar [[r.FastBlurThreshold:100]]
[2020.04.23-13.29.43:965][  0]LogConfig: Setting CVar [[r.Upscale.Quality:3]]
[2020.04.23-13.29.43:965][  0]LogConfig: Setting CVar [[r.Tonemapper.GrainQuantization:1]]
[2020.04.23-13.29.43:965][  0]LogConfig: Setting CVar [[r.LightShaftQuality:1]]
[2020.04.23-13.29.43:965][  0]LogConfig: Setting CVar [[r.Filter.SizeScale:1]]
[2020.04.23-13.29.43:965][  0]LogConfig: Setting CVar [[r.Tonemapper.Quality:5]]
[2020.04.23-13.29.43:966][  0]LogConfig: Setting CVar [[r.DOF.Gather.AccumulatorQuality:1        ; higher gathering accumulator quality]]
[2020.04.23-13.29.43:966][  0]LogConfig: Setting CVar [[r.DOF.Gather.PostfilterMethod:1          ; Median3x3 postfilering method]]
[2020.04.23-13.29.43:966][  0]LogConfig: Setting CVar [[r.DOF.Gather.EnableBokehSettings:0       ; no bokeh simulation when gathering]]
[2020.04.23-13.29.43:966][  0]LogConfig: Setting CVar [[r.DOF.Gather.RingCount:4                 ; medium number of samples when gathering]]
[2020.04.23-13.29.43:966][  0]LogConfig: Setting CVar [[r.DOF.Scatter.ForegroundCompositing:1    ; additive foreground scattering]]
[2020.04.23-13.29.43:966][  0]LogConfig: Setting CVar [[r.DOF.Scatter.BackgroundCompositing:2    ; additive background scattering]]
[2020.04.23-13.29.43:966][  0]LogConfig: Setting CVar [[r.DOF.Scatter.EnableBokehSettings:1      ; bokeh simulation when scattering]]
[2020.04.23-13.29.43:966][  0]LogConfig: Setting CVar [[r.DOF.Scatter.MaxSpriteRatio:0.1         ; only a maximum of 10% of scattered bokeh]]
[2020.04.23-13.29.43:966][  0]LogConfig: Setting CVar [[r.DOF.Recombine.Quality:1                ; cheap slight out of focus]]
[2020.04.23-13.29.43:966][  0]LogConfig: Setting CVar [[r.DOF.Recombine.EnableBokehSettings:0    ; no bokeh simulation on slight out of focus]]
[2020.04.23-13.29.43:966][  0]LogConfig: Setting CVar [[r.DOF.TemporalAAQuality:1                ; more stable temporal accumulation]]
[2020.04.23-13.29.43:966][  0]LogConfig: Setting CVar [[r.DOF.Kernel.MaxForegroundRadius:0.025]]
[2020.04.23-13.29.43:966][  0]LogConfig: Setting CVar [[r.DOF.Kernel.MaxBackgroundRadius:0.025]]
[2020.04.23-13.29.43:966][  0]LogConfig: Applying CVar settings from Section [TextureQuality@3] File [D:/hhy_DESKTOP-9OQUIPM_7087/NewGame/Saved/Config/Windows/Scalability.ini]
[2020.04.23-13.29.43:966][  0]LogConfig: Setting CVar [[r.Streaming.MipBias:0]]
[2020.04.23-13.29.43:966][  0]LogConfig: Setting CVar [[r.Streaming.AmortizeCPUToGPUCopy:0]]
[2020.04.23-13.29.43:966][  0]LogConfig: Setting CVar [[r.Streaming.MaxNumTexturesToStreamPerFrame:0]]
[2020.04.23-13.29.43:966][  0]LogConfig: Setting CVar [[r.Streaming.Boost:1]]
[2020.04.23-13.29.43:966][  0]LogConfig: Setting CVar [[r.MaxAnisotropy:8]]
[2020.04.23-13.29.43:966][  0]LogConfig: Setting CVar [[r.Streaming.LimitPoolSizeToVRAM:0]]
[2020.04.23-13.29.43:966][  0]LogConfig: Setting CVar [[r.Streaming.PoolSize:1000]]
[2020.04.23-13.29.43:966][  0]LogConfig: Setting CVar [[r.Streaming.MaxEffectiveScreenSize:0]]
[2020.04.23-13.29.43:966][  0]LogConfig: Applying CVar settings from Section [EffectsQuality@3] File [D:/hhy_DESKTOP-9OQUIPM_7087/NewGame/Saved/Config/Windows/Scalability.ini]
[2020.04.23-13.29.43:966][  0]LogConfig: Setting CVar [[r.TranslucencyLightingVolumeDim:64]]
[2020.04.23-13.29.43:966][  0]LogConfig: Setting CVar [[r.RefractionQuality:2]]
[2020.04.23-13.29.43:966][  0]LogConfig: Setting CVar [[r.SSR.Quality:3]]
[2020.04.23-13.29.43:966][  0]LogConfig: Setting CVar [[r.SceneColorFormat:4]]
[2020.04.23-13.29.43:966][  0]LogConfig: Setting CVar [[r.DetailMode:2]]
[2020.04.23-13.29.43:966][  0]LogConfig: Setting CVar [[r.TranslucencyVolumeBlur:1]]
[2020.04.23-13.29.43:966][  0]LogConfig: Setting CVar [[r.MaterialQualityLevel:1 ; High quality]]
[2020.04.23-13.29.43:966][  0]LogConfig: Setting CVar [[r.SSS.Scale:1]]
[2020.04.23-13.29.43:966][  0]LogConfig: Setting CVar [[r.SSS.SampleSet:2]]
[2020.04.23-13.29.43:967][  0]LogConfig: Setting CVar [[r.SSS.Quality:1]]
[2020.04.23-13.29.43:967][  0]LogConfig: Setting CVar [[r.SSS.HalfRes:1]]
[2020.04.23-13.29.43:967][  0]LogConfig: Setting CVar [[r.EmitterSpawnRateScale:1.0]]
[2020.04.23-13.29.43:967][  0]LogConfig: Setting CVar [[r.ParticleLightQuality:2]]
[2020.04.23-13.29.43:967][  0]LogConfig: Applying CVar settings from Section [FoliageQuality@3] File [D:/hhy_DESKTOP-9OQUIPM_7087/NewGame/Saved/Config/Windows/Scalability.ini]
[2020.04.23-13.29.43:967][  0]LogConfig: Setting CVar [[foliage.DensityScale:1.0]]
[2020.04.23-13.29.43:967][  0]LogConfig: Setting CVar [[grass.DensityScale:1.0]]
[2020.04.23-13.29.43:967][  0]LogConfig: Applying CVar settings from Section [Startup] File [../../../Engine/Config/ConsoleVariables.ini]
[2020.04.23-13.29.43:967][  0]LogConfig: Setting CVar [[net.UseAdaptiveNetUpdateFrequency:0]]
[2020.04.23-13.29.43:967][  0]LogConfig: Setting CVar [[p.chaos.AllowCreatePhysxBodies:1]]
[2020.04.23-13.29.43:967][  0]LogConfig: Applying CVar settings from Section [ConsoleVariables] File [D:/hhy_DESKTOP-9OQUIPM_7087/NewGame/Saved/Config/Windows/Engine.ini]
[2020.04.23-13.29.43:967][  0]LogInit: Computer: DESKTOP-ASECSU4
[2020.04.23-13.29.43:967][  0]LogInit: User: hhy
[2020.04.23-13.29.43:967][  0]LogInit: CPU Page size=4096, Cores=4
[2020.04.23-13.29.43:967][  0]LogInit: High frequency timer resolution =10.000000 MHz
[2020.04.23-13.29.43:968][  0]LogMemory: Memory total: Physical=15.6GB (16GB approx)
[2020.04.23-13.29.43:968][  0]LogMemory: Platform Memory Stats for Windows
[2020.04.23-13.29.43:968][  0]LogMemory: Process Physical Memory: 100.80 MB used, 100.80 MB peak
[2020.04.23-13.29.43:968][  0]LogMemory: Process Virtual Memory: 88.55 MB used, 88.55 MB peak
[2020.04.23-13.29.43:968][  0]LogMemory: Physical Memory: 5588.63 MB used,  10436.30 MB free, 16024.93 MB total
[2020.04.23-13.29.43:968][  0]LogMemory: Virtual Memory: 4656.59 MB used,  134213072.00 MB free, 134217728.00 MB total
[2020.04.23-13.29.43:975][  0]LogWindows: WindowsPlatformFeatures enabled
[2020.04.23-13.29.44:009][  0]LogInit: Using OS detected language (zh-CN).
[2020.04.23-13.29.44:009][  0]LogInit: Using OS detected locale (zh-CN).
[2020.04.23-13.29.44:011][  0]LogTextLocalizationManager: No specific localization for 'zh-CN' exists, so the 'zh-Hans' localization will be used.
[2020.04.23-13.29.44:075][  0]LogTextLocalizationResource: LocRes '../../../Engine/Content/Localization/Editor/zh/Editor.locres' could not be opened for reading!
[2020.04.23-13.29.44:075][  0]LogTextLocalizationResource: LocRes '../../../Engine/Content/Localization/EditorTutorials/zh/EditorTutorials.locres' could not be opened for reading!
[2020.04.23-13.29.44:075][  0]LogTextLocalizationResource: LocRes '../../../Engine/Content/Localization/Keywords/zh/Keywords.locres' could not be opened for reading!
[2020.04.23-13.29.44:075][  0]LogTextLocalizationResource: LocRes '../../../Engine/Content/Localization/Category/zh/Category.locres' could not be opened for reading!
[2020.04.23-13.29.44:076][  0]LogTextLocalizationResource: LocRes '../../../Engine/Content/Localization/ToolTips/zh/ToolTips.locres' could not be opened for reading!
[2020.04.23-13.29.44:076][  0]LogTextLocalizationResource: LocRes '../../../Engine/Content/Localization/PropertyNames/zh/PropertyNames.locres' could not be opened for reading!
[2020.04.23-13.29.44:076][  0]LogTextLocalizationResource: LocRes '../../../Engine/Content/Localization/Engine/zh/Engine.locres' could not be opened for reading!
[2020.04.23-13.29.44:076][  0]LogTextLocalizationResource: LocRes '../../../Engine/Plugins/Online/Android/OnlineSubsystemGooglePlay/Content/Localization/OnlineSubsystemGooglePlay/zh/OnlineSubsystemGooglePlay.locres' could not be opened for reading!
[2020.04.23-13.29.44:076][  0]LogTextLocalizationResource: LocRes '../../../Engine/Plugins/Online/IOS/OnlineSubsystemIOS/Content/Localization/OnlineSubsystemIOS/zh/OnlineSubsystemIOS.locres' could not be opened for reading!
[2020.04.23-13.29.44:077][  0]LogTextLocalizationResource: LocRes '../../../Engine/Plugins/Online/OnlineSubsystem/Content/Localization/OnlineSubsystem/zh/OnlineSubsystem.locres' could not be opened for reading!
[2020.04.23-13.29.44:077][  0]LogTextLocalizationResource: LocRes '../../../Engine/Plugins/Online/OnlineSubsystemUtils/Content/Localization/OnlineSubsystemUtils/zh/OnlineSubsystemUtils.locres' could not be opened for reading!
[2020.04.23-13.29.44:110][  0]LogInit: Setting process to per monitor DPI aware
[2020.04.23-13.29.44:157][  0]LogSlate: New Slate User Created.  User Index 0, Is Virtual User: 0
[2020.04.23-13.29.44:157][  0]LogSlate: Slate User Registered.  User Index 0, Is Virtual User: 0
[2020.04.23-13.29.44:469][  0]LogHMD: Failed to initialize OpenVR with code 110
[2020.04.23-13.29.44:469][  0]LogD3D11RHI: D3D11 adapters:
[2020.04.23-13.29.44:541][  0]LogD3D11RHI:    0. 'NVIDIA GeForce GTX 1050 Ti' (Feature Level 11_0)
[2020.04.23-13.29.44:541][  0]LogD3D11RHI:       4018/0/8012 MB DedicatedVideo/DedicatedSystem/SharedSystem, Outputs:1, VendorId:0x10de
[2020.04.23-13.29.44:578][  0]LogD3D11RHI:    1. 'Intel(R) HD Graphics 630' (Feature Level 11_0)
[2020.04.23-13.29.44:578][  0]LogD3D11RHI:       128/0/8012 MB DedicatedVideo/DedicatedSystem/SharedSystem, Outputs:0, VendorId:0x8086
[2020.04.23-13.29.44:581][  0]LogD3D11RHI:    2. 'Microsoft Basic Render Driver' (Feature Level 11_0)
[2020.04.23-13.29.44:581][  0]LogD3D11RHI:       0/0/8012 MB DedicatedVideo/DedicatedSystem/SharedSystem, Outputs:0, VendorId:0x1414
[2020.04.23-13.29.44:581][  0]LogD3D11RHI: Chosen D3D11 Adapter: 0
[2020.04.23-13.29.44:616][  0]LogD3D11RHI: Creating new Direct3DDevice
[2020.04.23-13.29.44:616][  0]LogD3D11RHI:     GPU DeviceId: 0x1c8c (for the marketing name, search the web for "GPU Device Id")
[2020.04.23-13.29.44:616][  0]LogWindows: EnumDisplayDevices:
[2020.04.23-13.29.44:616][  0]LogWindows:    0. 'Intel(R) HD Graphics 630' (P:1 D:1)
[2020.04.23-13.29.44:617][  0]LogWindows:    1. 'Intel(R) HD Graphics 630' (P:0 D:0)
[2020.04.23-13.29.44:618][  0]LogWindows:    2. 'Intel(R) HD Graphics 630' (P:0 D:0)
[2020.04.23-13.29.44:619][  0]LogWindows:    3. 'NVIDIA GeForce GTX 1050 Ti' (P:0 D:0)
[2020.04.23-13.29.44:620][  0]LogWindows: DebugString: PrimaryIsNotTheChoosenAdapter PrimaryIsNotTheChoosenAdapter PrimaryIsNotTheChoosenAdapter 
[2020.04.23-13.29.44:620][  0]LogD3D11RHI:     Adapter Name: NVIDIA GeForce GTX 1050 Ti
[2020.04.23-13.29.44:620][  0]LogD3D11RHI:   Driver Version: 391.25 (internal:23.21.13.9125, unified:391.25)
[2020.04.23-13.29.44:620][  0]LogD3D11RHI:      Driver Date: 3-16-2018
[2020.04.23-13.29.44:620][  0]LogRHI: Texture pool is 2812 MB (70% of 4018 MB)
[2020.04.23-13.29.44:660][  0]LogD3D11RHI: Async texture creation enabled
[2020.04.23-13.29.44:678][  0]LogD3D11RHI: GPU Timing Frequency: 1000.000000 (Debug: 2 2)
[2020.04.23-13.29.45:133][  0]LogTemp: Display: Module 'AllDesktopTargetPlatform' loaded TargetPlatform 'AllDesktop'
[2020.04.23-13.29.45:143][  0]LogTemp: Display: Module 'MacClientTargetPlatform' loaded TargetPlatform 'MacClient'
[2020.04.23-13.29.45:153][  0]LogTemp: Display: Module 'MacNoEditorTargetPlatform' loaded TargetPlatform 'MacNoEditor'
[2020.04.23-13.29.45:164][  0]LogTemp: Display: Module 'MacServerTargetPlatform' loaded TargetPlatform 'MacServer'
[2020.04.23-13.29.45:175][  0]LogTemp: Display: Module 'MacTargetPlatform' loaded TargetPlatform 'Mac'
[2020.04.23-13.29.45:186][  0]LogTemp: Display: Module 'WindowsClientTargetPlatform' loaded TargetPlatform 'WindowsClient'
[2020.04.23-13.29.45:196][  0]LogTemp: Display: Module 'WindowsNoEditorTargetPlatform' loaded TargetPlatform 'WindowsNoEditor'
[2020.04.23-13.29.45:207][  0]LogTemp: Display: Module 'WindowsServerTargetPlatform' loaded TargetPlatform 'WindowsServer'
[2020.04.23-13.29.45:212][  0]LogTemp: Display: Module 'WindowsTargetPlatform' loaded TargetPlatform 'Windows'
[2020.04.23-13.29.45:251][  0]LogTemp: Display: Module 'AndroidTargetPlatform' loaded TargetPlatform 'Android'
[2020.04.23-13.29.45:251][  0]LogTemp: Display: Module 'AndroidTargetPlatform' loaded TargetPlatform 'Android_ASTC'
[2020.04.23-13.29.45:251][  0]LogTemp: Display: Module 'AndroidTargetPlatform' loaded TargetPlatform 'Android_ATC'
[2020.04.23-13.29.45:251][  0]LogTemp: Display: Module 'AndroidTargetPlatform' loaded TargetPlatform 'Android_DXT'
[2020.04.23-13.29.45:251][  0]LogTemp: Display: Module 'AndroidTargetPlatform' loaded TargetPlatform 'Android_ETC1'
[2020.04.23-13.29.45:251][  0]LogTemp: Display: Module 'AndroidTargetPlatform' loaded TargetPlatform 'Android_ETC1a'
[2020.04.23-13.29.45:251][  0]LogTemp: Display: Module 'AndroidTargetPlatform' loaded TargetPlatform 'Android_ETC2'
[2020.04.23-13.29.45:251][  0]LogTemp: Display: Module 'AndroidTargetPlatform' loaded TargetPlatform 'Android_PVRTC'
[2020.04.23-13.29.45:251][  0]LogTemp: Display: Module 'AndroidTargetPlatform' loaded TargetPlatform 'AndroidClient'
[2020.04.23-13.29.45:251][  0]LogTemp: Display: Module 'AndroidTargetPlatform' loaded TargetPlatform 'Android_ASTCClient'
[2020.04.23-13.29.45:251][  0]LogTemp: Display: Module 'AndroidTargetPlatform' loaded TargetPlatform 'Android_ATCClient'
[2020.04.23-13.29.45:251][  0]LogTemp: Display: Module 'AndroidTargetPlatform' loaded TargetPlatform 'Android_DXTClient'
[2020.04.23-13.29.45:251][  0]LogTemp: Display: Module 'AndroidTargetPlatform' loaded TargetPlatform 'Android_ETC1Client'
[2020.04.23-13.29.45:251][  0]LogTemp: Display: Module 'AndroidTargetPlatform' loaded TargetPlatform 'Android_ETC1aClient'
[2020.04.23-13.29.45:251][  0]LogTemp: Display: Module 'AndroidTargetPlatform' loaded TargetPlatform 'Android_ETC2Client'
[2020.04.23-13.29.45:251][  0]LogTemp: Display: Module 'AndroidTargetPlatform' loaded TargetPlatform 'Android_PVRTCClient'
[2020.04.23-13.29.45:251][  0]LogTemp: Display: Module 'AndroidTargetPlatform' loaded TargetPlatform 'Android_Multi'
[2020.04.23-13.29.45:251][  0]LogTemp: Display: Module 'AndroidTargetPlatform' loaded TargetPlatform 'Android_MultiClient'
[2020.04.23-13.29.45:254][  0]LogTemp: Display: Module 'HTML5TargetPlatform' loaded TargetPlatform 'HTML5'
[2020.04.23-13.29.45:275][  0]LogTemp: Display: Module 'IOSTargetPlatform' loaded TargetPlatform 'IOSClient'
[2020.04.23-13.29.45:275][  0]LogTemp: Display: Module 'IOSTargetPlatform' loaded TargetPlatform 'IOS'
[2020.04.23-13.29.45:300][  0]LogTemp: Display: Module 'TVOSTargetPlatform' loaded TargetPlatform 'TVOSClient'
[2020.04.23-13.29.45:300][  0]LogTemp: Display: Module 'TVOSTargetPlatform' loaded TargetPlatform 'TVOS'
[2020.04.23-13.29.45:316][  0]LogTemp: Display: Module 'LinuxClientTargetPlatform' loaded TargetPlatform 'LinuxClient'
[2020.04.23-13.29.45:325][  0]LogTemp: Display: Module 'LinuxNoEditorTargetPlatform' loaded TargetPlatform 'LinuxNoEditor'
[2020.04.23-13.29.45:334][  0]LogTemp: Display: Module 'LinuxServerTargetPlatform' loaded TargetPlatform 'LinuxServer'
[2020.04.23-13.29.45:344][  0]LogTemp: Display: Module 'LinuxTargetPlatform' loaded TargetPlatform 'Linux'
[2020.04.23-13.29.45:373][  0]LogTemp: Display: Module 'LuminTargetPlatform' loaded TargetPlatform 'Lumin'
[2020.04.23-13.29.45:373][  0]LogTemp: Display: Module 'LuminTargetPlatform' loaded TargetPlatform 'LuminClient'
[2020.04.23-13.29.45:373][  0]LogTargetPlatformManager: Display: Building Assets For Windows
[2020.04.23-13.29.45:384][  0]LogAudioDebug: Display: Lib vorbis DLL was dynamically loaded.
[2020.04.23-13.29.45:465][  0]LogShaderCompilers: Guid format shader working directory is 8 characters bigger than the processId version (D:/hhy_DESKTOP-9OQUIPM_7087/NewGame/Intermediate/Shaders/WorkingDirectory/17940/).
[2020.04.23-13.29.45:465][  0]LogShaderCompilers: Cleaned the shader compiler working directory 'C:/Users/hhy/AppData/Local/Temp/UnrealShaderWorkingDir/EB9E0A594D1DCEFC45EF89ADDC3A5292/'.
[2020.04.23-13.29.45:469][  0]LogXGEController: Cannot use XGE Controller as Incredibuild is not installed on this machine.
[2020.04.23-13.29.45:469][  0]LogShaderCompilers: Cannot use XGE Shader Compiler as Incredibuild is not installed on this machine.
[2020.04.23-13.29.45:469][  0]LogShaderCompilers: Display: Using Local Shader Compiler.
[2020.04.23-13.29.46:132][  0]LogDerivedDataCache: Display: Max Cache Size: 512 MB
[2020.04.23-13.29.46:179][  0]LogDerivedDataCache: Loaded boot cache 0.05s 73MB C:/Users/hhy/AppData/Local/UnrealEngine/4.23/DerivedDataCache/Boot.ddc.
[2020.04.23-13.29.46:179][  0]LogDerivedDataCache: Display: Loaded Boot cache: C:/Users/hhy/AppData/Local/UnrealEngine/4.23/DerivedDataCache/Boot.ddc
[2020.04.23-13.29.46:179][  0]LogDerivedDataCache: FDerivedDataBackendGraph:  Pak pak cache file D:/hhy_DESKTOP-9OQUIPM_7087/NewGame/DerivedDataCache/DDC.ddp not found, will not use a pak cache.
[2020.04.23-13.29.46:179][  0]LogDerivedDataCache: Unable to find inner node Pak for hierarchical cache Hierarchy.
[2020.04.23-13.29.46:179][  0]LogDerivedDataCache: FDerivedDataBackendGraph:  CompressedPak pak cache file D:/hhy_DESKTOP-9OQUIPM_7087/NewGame/DerivedDataCache/Compressed.ddp not found, will not use a pak cache.
[2020.04.23-13.29.46:179][  0]LogDerivedDataCache: Unable to find inner node CompressedPak for hierarchical cache Hierarchy.
[2020.04.23-13.29.46:191][  0]LogDerivedDataCache: Display: Pak cache opened for reading ../../../Engine/DerivedDataCache/Compressed.ddp.
[2020.04.23-13.29.46:191][  0]LogDerivedDataCache: FDerivedDataBackendGraph:  EnterprisePak pak cache file ../../../Enterprise/DerivedDataCache/Compressed.ddp not found, will not use a pak cache.
[2020.04.23-13.29.46:191][  0]LogDerivedDataCache: Unable to find inner node EnterprisePak for hierarchical cache Hierarchy.
[2020.04.23-13.29.46:193][  0]LogDerivedDataCache: Using Local data cache path C:/Users/hhy/AppData/Local/UnrealEngine/Common/DerivedDataCache: Writable
[2020.04.23-13.29.46:193][  0]LogDerivedDataCache: Shared data cache path not found in *engine.ini, will not use an Shared cache.
[2020.04.23-13.29.46:193][  0]LogDerivedDataCache: Unable to find inner node Shared for hierarchical cache Hierarchy.
[2020.04.23-13.29.46:216][  0]LogMaterial: Verifying Global Shaders for PCD3D_SM5
[2020.04.23-13.29.46:218][  0]LogSlate: Using FreeType 2.6.0
[2020.04.23-13.29.46:219][  0]LogSlate: SlateFontServices - WITH_FREETYPE: 1, WITH_HARFBUZZ: 1
[2020.04.23-13.29.46:292][  0]LogAssetRegistry: FAssetRegistry took 0.0025 seconds to start up
[2020.04.23-13.29.46:583][  0]LogInit: Selected Device Profile: [Windows]
[2020.04.23-13.29.46:748][  0]LogMeshReduction: Using QuadricMeshReduction for automatic static mesh reduction
[2020.04.23-13.29.46:748][  0]LogMeshReduction: Using SimplygonMeshReduction for automatic skeletal mesh reduction
[2020.04.23-13.29.46:748][  0]LogMeshReduction: Using ProxyLODMeshReduction for automatic mesh merging
[2020.04.23-13.29.46:748][  0]LogMeshReduction: No distributed automatic mesh merging module available
[2020.04.23-13.29.46:748][  0]LogMeshMerging: No distributed automatic mesh merging module available
[2020.04.23-13.29.46:758][  0]LogNetVersion: SMU_2ST 1.0.0, NetCL: 8386587, EngineNetVer: 11, GameNetVer: 0 (Checksum: 139875205)
[2020.04.23-13.29.47:235][  0]LogPackageLocalizationCache: Processed 12 localized package path(s) for 2 prioritized culture(s) in 0.082324 seconds
[2020.04.23-13.29.47:242][  0]LogUObjectArray: 43444 objects as part of root set at end of initial load.
[2020.04.23-13.29.47:243][  0]LogUObjectAllocator: 7548648 out of 0 bytes used by permanent object pool.
[2020.04.23-13.29.47:243][  0]LogUObjectArray: CloseDisregardForGC: 0/0 objects in disregard for GC pool
[2020.04.23-13.29.48:335][  0]LogTcpMessaging: Initializing TcpMessaging bridge
[2020.04.23-13.29.48:339][  0]LogUdpMessaging: Initializing bridge on interface 0.0.0.0:0 to multicast group 230.0.0.1:6666.
[2020.04.23-13.29.48:408][  0]SourceControl: 源码管理已禁用
[2020.04.23-13.29.49:194][  0]LogAndroidPermission: UAndroidPermissionCallbackProxy::GetInstance
[2020.04.23-13.29.49:353][  0]LogOcInput: OculusInput pre-init called
[2020.04.23-13.29.49:365][  0]LogWindows: Failed to load 'OVRPlugin.dll' (GetLastError=126)
[2020.04.23-13.29.49:365][  0]LogWindows: File 'OVRPlugin.dll' does not exist
[2020.04.23-13.29.49:441][  0]LogEngine: Initializing Engine...
[2020.04.23-13.29.49:442][  0]LogHMD: Failed to initialize OpenVR with code 110
[2020.04.23-13.29.49:443][  0]LogStats: UGameplayTagsManager::InitializeManager -  0.000 s
[2020.04.23-13.29.49:667][  0]LogInit: Initializing FReadOnlyCVARCache
[2020.04.23-13.29.49:690][  0]LogAIModule: Creating AISystem for world Untitled
[2020.04.23-13.29.49:704][  0]LogInit: XAudio2 using '扬声器/听筒 (Realtek Audio)' : 2 channels at 48 kHz using 32 bits per sample (channel mask 0x3)
[2020.04.23-13.29.51:026][  0]LogInit: FAudioDevice initialized.
[2020.04.23-13.29.51:026][  0]LogNetVersion: Set ProjectVersion to 1.0.0.0. Version Checksum will be recalculated on next use.
[2020.04.23-13.29.51:168][  0]LogDerivedDataCache: Saved boot cache 0.14s 73MB C:/Users/hhy/AppData/Local/UnrealEngine/4.23/DerivedDataCache/Boot.ddc.
[2020.04.23-13.29.51:172][  0]LogInit: Texture streaming: Enabled
[2020.04.23-13.29.51:210][  0]LogEngineSessionManager: EngineSessionManager initialized
[2020.04.23-13.29.51:210][  0]LogEditorSessionSummary: Verbose: Initializing EditorSessionSummaryWriter for editor session tracking
[2020.04.23-13.29.51:212][  0]LogEditorSessionSummary: EditorSessionSummaryWriter initialized
[2020.04.23-13.29.51:266][  0]LogInit: Transaction tracking system initialized
[2020.04.23-13.29.51:315][  0]BlueprintLog: New page: 编辑器加载
[2020.04.23-13.29.51:431][  0]LocalizationService: 本地化服务已禁用
[2020.04.23-13.29.51:758][  0]LogFileCache: Scanning file cache for directory 'D:/hhy_DESKTOP-9OQUIPM_7087/NewGame/Content/' took 0.02s
[2020.04.23-13.29.51:758][  0]LogCook: Display: Max memory allowance for cook 16384mb min free memory 0mb
[2020.04.23-13.29.51:758][  0]LogCook: Display: Mobile HDR setting 1
[2020.04.23-13.29.52:011][  0]Cmd: MAP LOAD FILE="../../../Engine/Content/Maps/Templates/Template_Default.umap" TEMPLATE=1 SHOWPROGRESS=1 FEATURELEVEL=3
[2020.04.23-13.29.52:012][  0]LightingResults: New page: 光照构建
[2020.04.23-13.29.52:016][  0]LogWorld: UWorld::CleanupWorld for Untitled, bSessionEnded=true, bCleanupResources=true
[2020.04.23-13.29.52:016][  0]MapCheck: New page: 地图检测
[2020.04.23-13.29.52:016][  0]LightingResults: New page: 光照构建
[2020.04.23-13.29.52:042][  0]LogUObjectHash: Compacting FUObjectHashTables data took   1.82ms
[2020.04.23-13.29.52:125][  0]LogAIModule: Creating AISystem for world Untitled_1
[2020.04.23-13.29.52:131][  0]LogEditorServer: Finished looking for orphan Actors (0.000 secs)
[2020.04.23-13.29.52:158][  0]LogUObjectHash: Compacting FUObjectHashTables data took   1.90ms
[2020.04.23-13.29.52:158][  0]Cmd: MAP CHECKDEP NOCLEARLOG
[2020.04.23-13.29.52:158][  0]MapCheck: 地图检测完成：0个错误、0个警告、完成用时0.081毫秒。
[2020.04.23-13.29.52:158][  0]LogFileHelpers: Loading map 'Template_Default' took 0.148
[2020.04.23-13.29.52:300][  0]LogSlate: Updating window title bar state: overlay mode, drag disabled, window buttons hidden, title bar hidden
[2020.04.23-13.29.52:309][  0]LogSlate: Updating window title bar state: overlay mode, drag disabled, window buttons hidden, title bar hidden
[2020.04.23-13.29.52:320][  0]LogSlate: Updating window title bar state: overlay mode, drag disabled, window buttons hidden, title bar hidden
[2020.04.23-13.29.52:332][  0]LogSlate: Updating window title bar state: overlay mode, drag disabled, window buttons hidden, title bar hidden
[2020.04.23-13.29.52:343][  0]LogCollectionManager: Loaded 0 collections in 0.003811 seconds
[2020.04.23-13.29.52:352][  0]LogFileCache: Scanning file cache for directory 'D:/hhy_DESKTOP-9OQUIPM_7087/NewGame/Saved/Collections/' took 0.00s
[2020.04.23-13.29.52:352][  0]LogFileCache: Scanning file cache for directory 'D:/hhy_DESKTOP-9OQUIPM_7087/NewGame/Content/Developers/hhy/Collections/' took 0.00s
[2020.04.23-13.29.52:352][  0]LogFileCache: Scanning file cache for directory 'D:/hhy_DESKTOP-9OQUIPM_7087/NewGame/Content/Collections/' took 0.00s
[2020.04.23-13.29.52:352][  0]LogCollectionManager: Rebuilt the GUID cache for 0 collections in 0.000002 seconds
[2020.04.23-13.29.52:368][  0]LogContentBrowser: Native class hierarchy populated in 0.0156 seconds. Added 2863 classes and 680 folders.
[2020.04.23-13.29.52:378][  0]LogContentBrowser: Native class hierarchy updated for 'WidgetCarousel' in 0.0002 seconds. Added 0 classes and 0 folders.
[2020.04.23-13.29.52:475][  0]LogContentBrowser: Native class hierarchy updated for 'AddContentDialog' in 0.0003 seconds. Added 0 classes and 0 folders.
[2020.04.23-13.29.52:482][  0]LogContentBrowser: Native class hierarchy updated for 'SceneOutliner' in 0.0003 seconds. Added 1 classes and 2 folders.
[2020.04.23-13.29.52:533][  0]LogSlate: Took 0.000260 seconds to synchronously load lazily loaded font '../../../Engine/Content/Slate/Fonts/Roboto-Regular.ttf' (155K)
[2020.04.23-13.29.52:535][  0]LogSlate: Took 0.001915 seconds to synchronously load lazily loaded font '../../../Engine/Content/Slate/Fonts/DroidSansFallback.ttf' (3848K)
[2020.04.23-13.29.52:536][  0]LogSlate: Took 0.000277 seconds to synchronously load lazily loaded font '../../../Engine/Content/Slate/Fonts/Roboto-Bold.ttf' (160K)
[2020.04.23-13.29.52:540][  0]LogSlate: Took 0.000296 seconds to synchronously load lazily loaded font '../../../Engine/Content/Editor/Slate/Fonts/FontAwesome.ttf' (139K)
[2020.04.23-13.29.52:626][  0]LogRenderer: Reallocating scene render targets to support 900x436 Format 10 NumSamples 1 (Frame:1).
[2020.04.23-13.29.52:744][  0]LogContentBrowser: Native class hierarchy updated for 'HierarchicalLODOutliner' in 0.0002 seconds. Added 0 classes and 0 folders.
[2020.04.23-13.29.52:745][  0]LogLoad: (Engine Initialization) Total time: 11.07 seconds
[2020.04.23-13.29.52:745][  0]LogLoad: (Engine Initialization) Total Blueprint compile time: 0.00 seconds
[2020.04.23-13.29.52:806][  0]LogContentStreaming: Texture pool size now 1000 MB
[2020.04.23-13.29.52:975][  0]LogSlate: Took 0.000254 seconds to synchronously load lazily loaded font '../../../Engine/Content/Slate/Fonts/Roboto-Light.ttf' (167K)
[2020.04.23-13.29.52:979][  1]LogFileCache: Retrieving MD5 hashes for directory 'D:/hhy_DESKTOP-9OQUIPM_7087/NewGame/Content/' took 0.22s
[2020.04.23-13.29.53:017][  1]LogAssetRegistry: Asset discovery search completed in 6.7258 seconds
[2020.04.23-13.29.53:020][  1]LogCollectionManager: Rebuilt the object cache for 0 collections in 0.000004 seconds (found 0 objects)
[2020.04.23-13.29.53:021][  1]LogCollectionManager: Fixed up redirectors for 0 collections in 0.000093 seconds (updated 0 objects)
[2020.04.23-13.29.54:385][158]LogSlate: FSceneViewport::OnFocusLost() reason 0
[2020.04.23-13.29.57:921][578]LogSlate: Took 0.000278 seconds to synchronously load lazily loaded font '../../../Engine/Content/Slate/Fonts/Roboto-Light.ttf' (167K)
[2020.04.23-13.29.58:260][578]LogAIModule: Creating AISystem for world MAP
[2020.04.23-13.29.58:309][578]LogAssetEditorManager: Opening Asset editor for World /Game/Maps/MAP.MAP
[2020.04.23-13.29.58:333][578]LogUObjectHash: Compacting FUObjectHashTables data took   1.05ms
[2020.04.23-13.29.58:334][578]Cmd: MAP LOAD FILE="D:/hhy_DESKTOP-9OQUIPM_7087/NewGame/Content/Maps/MAP.umap" TEMPLATE=0 SHOWPROGRESS=1 FEATURELEVEL=3
[2020.04.23-13.29.58:334][578]LightingResults: New page: 光照构建
[2020.04.23-13.29.58:334][578]LoadErrors: New page: 正在加载地图：MAP.umap
[2020.04.23-13.29.58:335][578]LogWorld: UWorld::CleanupWorld for Untitled_1, bSessionEnded=true, bCleanupResources=true
[2020.04.23-13.29.58:335][578]MapCheck: New page: 地图检测
[2020.04.23-13.29.58:335][578]LightingResults: New page: 光照构建
[2020.04.23-13.29.58:362][578]LogUObjectHash: Compacting FUObjectHashTables data took   1.72ms
[2020.04.23-13.29.58:485][578]LogEditorServer: Finished looking for orphan Actors (0.000 secs)
[2020.04.23-13.29.58:510][578]LogUObjectHash: Compacting FUObjectHashTables data took   1.33ms
[2020.04.23-13.29.58:544][578]Cmd: MAP CHECKDEP NOCLEARLOG
[2020.04.23-13.29.58:544][578]MapCheck: 地图检测完成：0个错误、0个警告、完成用时0.065毫秒。
[2020.04.23-13.29.58:544][578]LogFileHelpers: Loading map 'MAP' took 0.211
[2020.04.23-13.30.04:760][271]LogEditorViewport: Clicking on Actor (LMB): Landscape (Landscape)
[2020.04.23-13.30.47:260][567]LogSlate: FSceneViewport::OnFocusLost() reason 0
[2020.04.23-13.30.47:563][567]LogUObjectHash: Compacting FUObjectHashTables data took   0.65ms
[2020.04.23-13.30.47:654][567]LogSlate: Window 'SMU_2ST - 虚幻编辑器' being destroyed
[2020.04.23-13.30.47:656][567]LogWindowsTextInputMethodSystem: Display: IME system now activated using TSF (微软拼音).
[2020.04.23-13.30.47:803][568]Cmd: QUIT_EDITOR
[2020.04.23-13.30.47:878][568]LogExit: Preparing to exit.
[2020.04.23-13.30.48:392][568]LogDemo: Cleaned up 0 splitscreen connections with owner deletion
[2020.04.23-13.30.48:401][568]LogWorld: UWorld::CleanupWorld for None, bSessionEnded=true, bCleanupResources=true
[2020.04.23-13.30.48:401][568]LogExit: Editor shut down
[2020.04.23-13.30.48:402][568]LogExit: Transaction tracking system shut down
